[0.014s] Invoking command in '/home/magnum/ros2_msg/build/ros2_message': CMAKE_PREFIX_PATH=${CMAKE_PREFIX_PATH}:/opt/ros/foxy /usr/bin/cmake /home/magnum/ros2_msg/src/ros2_message -DAMENT_CMAKE_SYMLINK_INSTALL=1 -DCMAKE_INSTALL_PREFIX=/home/magnum/ros2_msg/install/ros2_message
[0.027s] -- Found ament_cmake: 0.9.11 (/opt/ros/foxy/share/ament_cmake/cmake)
[0.046s] -- Found PythonInterp: /usr/bin/python3 (found suitable version "3.8.10", minimum required is "3") 
[0.046s] -- Using PYTHON_EXECUTABLE: /usr/bin/python3
[0.195s] -- Override CMake install command with custom implementation using symlinks instead of copying resources
[0.201s] -- Found rclcpp: 2.4.2 (/opt/ros/foxy/share/rclcpp/cmake)
[0.229s] -- Using all available rosidl_typesupport_c: rosidl_typesupport_fastrtps_c;rosidl_typesupport_introspection_c
[0.232s] -- Found rosidl_adapter: 1.3.0 (/opt/ros/foxy/share/rosidl_adapter/cmake)
[0.327s] -- Using all available rosidl_typesupport_cpp: rosidl_typesupport_fastrtps_cpp;rosidl_typesupport_introspection_cpp
[0.362s] -- Found rmw_implementation_cmake: 1.0.3 (/opt/ros/foxy/share/rmw_implementation_cmake/cmake)
[0.363s] -- Using RMW implementation 'rmw_fastrtps_cpp' as default
[0.463s] -- Found rosidl_default_generators: 1.0.1 (/opt/ros/foxy/share/rosidl_default_generators/cmake)
[0.470s] -- Found ament_lint_auto: 0.9.7 (/opt/ros/foxy/share/ament_lint_auto/cmake)
[0.538s] -- Found PythonInterp: /usr/bin/python3 (found version "3.8.10") 
[0.580s] CMake Error at /opt/ros/foxy/share/rosidl_cmake/cmake/rosidl_generate_interfaces.cmake:229 (message):
[0.580s]   Packages installing interfaces must include
[0.580s]   '<member_of_group>rosidl_interface_packages</member_of_group>' in their
[0.580s]   package.xml
[0.580s] Call Stack (most recent call first):
[0.580s]   CMakeLists.txt:38 (rosidl_generate_interfaces)
[0.580s] 
[0.580s] 
[0.581s] -- Configuring incomplete, errors occurred!
[0.581s] See also "/home/magnum/ros2_msg/build/ros2_message/CMakeFiles/CMakeOutput.log".
[0.581s] See also "/home/magnum/ros2_msg/build/ros2_message/CMakeFiles/CMakeError.log".
[0.587s] Invoked command in '/home/magnum/ros2_msg/build/ros2_message' returned '1': CMAKE_PREFIX_PATH=${CMAKE_PREFIX_PATH}:/opt/ros/foxy /usr/bin/cmake /home/magnum/ros2_msg/src/ros2_message -DAMENT_CMAKE_SYMLINK_INSTALL=1 -DCMAKE_INSTALL_PREFIX=/home/magnum/ros2_msg/install/ros2_message
