[0.185s] DEBUG:colcon:Command line arguments: ['/usr/bin/colcon', 'build']
[0.185s] DEBUG:colcon:Parsed command line arguments: Namespace(allow_overriding=[], ament_cmake_args=None, base_paths=['.'], build_base='build', catkin_cmake_args=None, catkin_skip_building_tests=False, cmake_args=None, cmake_clean_cache=False, cmake_clean_first=False, cmake_force_configure=False, cmake_target=None, cmake_target_skip_unavailable=False, continue_on_error=False, event_handlers=None, executor='parallel', ignore_user_meta=False, install_base='install', log_base=None, log_level=None, main=<bound method BuildVerb.main of <colcon_core.verb.build.BuildVerb object at 0x7f6af58bea60>>, merge_install=False, metas=['./colcon.meta'], packages_above=None, packages_above_and_dependencies=None, packages_above_depth=None, packages_end=None, packages_ignore=None, packages_ignore_regex=None, packages_select=None, packages_select_build_failed=False, packages_select_by_dep=None, packages_select_regex=None, packages_select_test_failures=False, packages_skip=None, packages_skip_build_finished=False, packages_skip_by_dep=None, packages_skip_regex=None, packages_skip_test_passed=False, packages_skip_up_to=None, packages_start=None, packages_up_to=None, packages_up_to_regex=None, parallel_workers=8, paths=None, symlink_install=False, test_result_base=None, verb_extension=<colcon_core.verb.build.BuildVerb object at 0x7f6af58bea60>, verb_name='build', verb_parser=<colcon_defaults.argument_parser.defaults.DefaultArgumentsDecorator object at 0x7f6af58c9040>)
[0.210s] Level 1:colcon.colcon_core.package_discovery:discover_packages(colcon_meta) check parameters
[0.210s] Level 1:colcon.colcon_core.package_discovery:discover_packages(recursive) check parameters
[0.210s] Level 1:colcon.colcon_core.package_discovery:discover_packages(ignore) check parameters
[0.211s] Level 1:colcon.colcon_core.package_discovery:discover_packages(path) check parameters
[0.211s] Level 1:colcon.colcon_core.package_discovery:discover_packages(colcon_meta) discover
[0.211s] Level 1:colcon.colcon_core.package_discovery:discover_packages(recursive) discover
[0.211s] INFO:colcon.colcon_core.package_discovery:Crawling recursively for packages in '/home/magnum/ros2_msg'
[0.211s] Level 1:colcon.colcon_core.package_identification:_identify(.) by extensions ['ignore', 'ignore_ament_install']
[0.211s] Level 1:colcon.colcon_core.package_identification:_identify(.) by extension 'ignore'
[0.211s] Level 1:colcon.colcon_core.package_identification:_identify(.) by extension 'ignore_ament_install'
[0.211s] Level 1:colcon.colcon_core.package_identification:_identify(.) by extensions ['colcon_pkg']
[0.211s] Level 1:colcon.colcon_core.package_identification:_identify(.) by extension 'colcon_pkg'
[0.211s] Level 1:colcon.colcon_core.package_identification:_identify(.) by extensions ['colcon_meta']
[0.211s] Level 1:colcon.colcon_core.package_identification:_identify(.) by extension 'colcon_meta'
[0.211s] Level 1:colcon.colcon_core.package_identification:_identify(.) by extensions ['ros']
[0.211s] Level 1:colcon.colcon_core.package_identification:_identify(.) by extension 'ros'
[0.234s] Level 1:colcon.colcon_core.package_identification:_identify(.) by extensions ['cmake', 'python']
[0.234s] Level 1:colcon.colcon_core.package_identification:_identify(.) by extension 'cmake'
[0.234s] Level 1:colcon.colcon_core.package_identification:_identify(.) by extension 'python'
[0.234s] Level 1:colcon.colcon_core.package_identification:_identify(.) by extensions ['python_setup_py']
[0.234s] Level 1:colcon.colcon_core.package_identification:_identify(.) by extension 'python_setup_py'
[0.234s] Level 1:colcon.colcon_core.package_identification:_identify(build) by extensions ['ignore', 'ignore_ament_install']
[0.234s] Level 1:colcon.colcon_core.package_identification:_identify(build) by extension 'ignore'
[0.234s] Level 1:colcon.colcon_core.package_identification:_identify(build) ignored
[0.234s] Level 1:colcon.colcon_core.package_identification:_identify(install) by extensions ['ignore', 'ignore_ament_install']
[0.234s] Level 1:colcon.colcon_core.package_identification:_identify(install) by extension 'ignore'
[0.235s] Level 1:colcon.colcon_core.package_identification:_identify(install) ignored
[0.235s] Level 1:colcon.colcon_core.package_identification:_identify(log) by extensions ['ignore', 'ignore_ament_install']
[0.235s] Level 1:colcon.colcon_core.package_identification:_identify(log) by extension 'ignore'
[0.235s] Level 1:colcon.colcon_core.package_identification:_identify(log) ignored
[0.235s] Level 1:colcon.colcon_core.package_identification:_identify(src) by extensions ['ignore', 'ignore_ament_install']
[0.235s] Level 1:colcon.colcon_core.package_identification:_identify(src) by extension 'ignore'
[0.235s] Level 1:colcon.colcon_core.package_identification:_identify(src) by extension 'ignore_ament_install'
[0.235s] Level 1:colcon.colcon_core.package_identification:_identify(src) by extensions ['colcon_pkg']
[0.235s] Level 1:colcon.colcon_core.package_identification:_identify(src) by extension 'colcon_pkg'
[0.235s] Level 1:colcon.colcon_core.package_identification:_identify(src) by extensions ['colcon_meta']
[0.235s] Level 1:colcon.colcon_core.package_identification:_identify(src) by extension 'colcon_meta'
[0.235s] Level 1:colcon.colcon_core.package_identification:_identify(src) by extensions ['ros']
[0.235s] Level 1:colcon.colcon_core.package_identification:_identify(src) by extension 'ros'
[0.235s] Level 1:colcon.colcon_core.package_identification:_identify(src) by extensions ['cmake', 'python']
[0.235s] Level 1:colcon.colcon_core.package_identification:_identify(src) by extension 'cmake'
[0.236s] Level 1:colcon.colcon_core.package_identification:_identify(src) by extension 'python'
[0.236s] Level 1:colcon.colcon_core.package_identification:_identify(src) by extensions ['python_setup_py']
[0.236s] Level 1:colcon.colcon_core.package_identification:_identify(src) by extension 'python_setup_py'
[0.236s] Level 1:colcon.colcon_core.package_identification:_identify(src/my_robot_message) by extensions ['ignore', 'ignore_ament_install']
[0.236s] Level 1:colcon.colcon_core.package_identification:_identify(src/my_robot_message) by extension 'ignore'
[0.236s] Level 1:colcon.colcon_core.package_identification:_identify(src/my_robot_message) by extension 'ignore_ament_install'
[0.236s] Level 1:colcon.colcon_core.package_identification:_identify(src/my_robot_message) by extensions ['colcon_pkg']
[0.236s] Level 1:colcon.colcon_core.package_identification:_identify(src/my_robot_message) by extension 'colcon_pkg'
[0.236s] Level 1:colcon.colcon_core.package_identification:_identify(src/my_robot_message) by extensions ['colcon_meta']
[0.236s] Level 1:colcon.colcon_core.package_identification:_identify(src/my_robot_message) by extension 'colcon_meta'
[0.236s] Level 1:colcon.colcon_core.package_identification:_identify(src/my_robot_message) by extensions ['ros']
[0.236s] Level 1:colcon.colcon_core.package_identification:_identify(src/my_robot_message) by extension 'ros'
[0.239s] DEBUG:colcon.colcon_core.package_identification:Package 'src/my_robot_message' with type 'ros.ament_cmake' and name 'my_robot_message'
[0.239s] Level 1:colcon.colcon_core.package_identification:_identify(src/python) by extensions ['ignore', 'ignore_ament_install']
[0.239s] Level 1:colcon.colcon_core.package_identification:_identify(src/python) by extension 'ignore'
[0.239s] Level 1:colcon.colcon_core.package_identification:_identify(src/python) by extension 'ignore_ament_install'
[0.239s] Level 1:colcon.colcon_core.package_identification:_identify(src/python) by extensions ['colcon_pkg']
[0.239s] Level 1:colcon.colcon_core.package_identification:_identify(src/python) by extension 'colcon_pkg'
[0.240s] Level 1:colcon.colcon_core.package_identification:_identify(src/python) by extensions ['colcon_meta']
[0.240s] Level 1:colcon.colcon_core.package_identification:_identify(src/python) by extension 'colcon_meta'
[0.240s] Level 1:colcon.colcon_core.package_identification:_identify(src/python) by extensions ['ros']
[0.240s] Level 1:colcon.colcon_core.package_identification:_identify(src/python) by extension 'ros'
[0.240s] DEBUG:colcon.colcon_core.package_identification:Package 'src/python' with type 'ros.ament_python' and name 'python'
[0.240s] Level 1:colcon.colcon_core.package_discovery:discover_packages(recursive) using defaults
[0.240s] Level 1:colcon.colcon_core.package_discovery:discover_packages(ignore) discover
[0.240s] Level 1:colcon.colcon_core.package_discovery:discover_packages(ignore) using defaults
[0.240s] Level 1:colcon.colcon_core.package_discovery:discover_packages(path) discover
[0.240s] Level 1:colcon.colcon_core.package_discovery:discover_packages(path) using defaults
[0.264s] Level 1:colcon.colcon_core.package_discovery:discover_packages(prefix_path) check parameters
[0.264s] Level 1:colcon.colcon_core.package_discovery:discover_packages(prefix_path) discover
[0.268s] DEBUG:colcon.colcon_installed_package_information.package_discovery:Found 3 installed packages in /home/magnum/ros2_msg/install
[0.270s] DEBUG:colcon.colcon_installed_package_information.package_discovery:Found 386 installed packages in /opt/ros/foxy
[0.272s] Level 1:colcon.colcon_core.package_discovery:discover_packages(prefix_path) using defaults
[0.371s] Level 5:colcon.colcon_core.verb:set package 'my_robot_message' build argument 'cmake_args' from command line to 'None'
[0.371s] Level 5:colcon.colcon_core.verb:set package 'my_robot_message' build argument 'cmake_target' from command line to 'None'
[0.371s] Level 5:colcon.colcon_core.verb:set package 'my_robot_message' build argument 'cmake_target_skip_unavailable' from command line to 'False'
[0.371s] Level 5:colcon.colcon_core.verb:set package 'my_robot_message' build argument 'cmake_clean_cache' from command line to 'False'
[0.371s] Level 5:colcon.colcon_core.verb:set package 'my_robot_message' build argument 'cmake_clean_first' from command line to 'False'
[0.371s] Level 5:colcon.colcon_core.verb:set package 'my_robot_message' build argument 'cmake_force_configure' from command line to 'False'
[0.371s] Level 5:colcon.colcon_core.verb:set package 'my_robot_message' build argument 'ament_cmake_args' from command line to 'None'
[0.371s] Level 5:colcon.colcon_core.verb:set package 'my_robot_message' build argument 'catkin_cmake_args' from command line to 'None'
[0.371s] Level 5:colcon.colcon_core.verb:set package 'my_robot_message' build argument 'catkin_skip_building_tests' from command line to 'False'
[0.371s] DEBUG:colcon.colcon_core.verb:Building package 'my_robot_message' with the following arguments: {'ament_cmake_args': None, 'build_base': '/home/magnum/ros2_msg/build/my_robot_message', 'catkin_cmake_args': None, 'catkin_skip_building_tests': False, 'cmake_args': None, 'cmake_clean_cache': False, 'cmake_clean_first': False, 'cmake_force_configure': False, 'cmake_target': None, 'cmake_target_skip_unavailable': False, 'install_base': '/home/magnum/ros2_msg/install/my_robot_message', 'merge_install': False, 'path': '/home/magnum/ros2_msg/src/my_robot_message', 'symlink_install': False, 'test_result_base': None}
[0.373s] Level 5:colcon.colcon_core.verb:set package 'python' build argument 'cmake_args' from command line to 'None'
[0.373s] Level 5:colcon.colcon_core.verb:set package 'python' build argument 'cmake_target' from command line to 'None'
[0.373s] Level 5:colcon.colcon_core.verb:set package 'python' build argument 'cmake_target_skip_unavailable' from command line to 'False'
[0.373s] Level 5:colcon.colcon_core.verb:set package 'python' build argument 'cmake_clean_cache' from command line to 'False'
[0.373s] Level 5:colcon.colcon_core.verb:set package 'python' build argument 'cmake_clean_first' from command line to 'False'
[0.373s] Level 5:colcon.colcon_core.verb:set package 'python' build argument 'cmake_force_configure' from command line to 'False'
[0.373s] Level 5:colcon.colcon_core.verb:set package 'python' build argument 'ament_cmake_args' from command line to 'None'
[0.373s] Level 5:colcon.colcon_core.verb:set package 'python' build argument 'catkin_cmake_args' from command line to 'None'
[0.373s] Level 5:colcon.colcon_core.verb:set package 'python' build argument 'catkin_skip_building_tests' from command line to 'False'
[0.373s] DEBUG:colcon.colcon_core.verb:Building package 'python' with the following arguments: {'ament_cmake_args': None, 'build_base': '/home/magnum/ros2_msg/build/python', 'catkin_cmake_args': None, 'catkin_skip_building_tests': False, 'cmake_args': None, 'cmake_clean_cache': False, 'cmake_clean_first': False, 'cmake_force_configure': False, 'cmake_target': None, 'cmake_target_skip_unavailable': False, 'install_base': '/home/magnum/ros2_msg/install/python', 'merge_install': False, 'path': '/home/magnum/ros2_msg/src/python', 'symlink_install': False, 'test_result_base': None}
[0.374s] INFO:colcon.colcon_core.executor:Executing jobs using 'parallel' executor
[0.380s] DEBUG:colcon.colcon_parallel_executor.executor.parallel:run_until_complete
[0.380s] INFO:colcon.colcon_ros.task.ament_cmake.build:Building ROS package in '/home/magnum/ros2_msg/src/my_robot_message' with build type 'ament_cmake'
[0.380s] INFO:colcon.colcon_cmake.task.cmake.build:Building CMake package in '/home/magnum/ros2_msg/src/my_robot_message'
[0.385s] INFO:colcon.colcon_core.plugin_system:Skipping extension 'colcon_core.shell.bat': Not used on non-Windows systems
[0.386s] INFO:colcon.colcon_core.shell:Skip shell extension 'powershell' for command environment: Not usable outside of PowerShell
[0.386s] DEBUG:colcon.colcon_core.shell:Skip shell extension 'dsv' for command environment
[0.391s] DEBUG:colcon.colcon_core.shell:Ignoring prefix path '/opt/ros/noetic'
[0.404s] DEBUG:colcon.colcon_core.event_handler.log_command:Invoking command in '/home/magnum/ros2_msg/build/my_robot_message': CMAKE_PREFIX_PATH=/home/magnum/ros2_msg/install/ros2_message:/home/magnum/ros2_msg/install/my_robot_message:/home/magnum/ros2_msg/install/python:/opt/ros/foxy:/opt/ros/noetic /usr/bin/cmake --build /home/magnum/ros2_msg/build/my_robot_message -- -j8 -l8
[0.658s] DEBUG:colcon.colcon_core.event_handler.log_command:Invoked command in '/home/magnum/ros2_msg/build/my_robot_message' returned '0': CMAKE_PREFIX_PATH=/home/magnum/ros2_msg/install/ros2_message:/home/magnum/ros2_msg/install/my_robot_message:/home/magnum/ros2_msg/install/python:/opt/ros/foxy:/opt/ros/noetic /usr/bin/cmake --build /home/magnum/ros2_msg/build/my_robot_message -- -j8 -l8
[0.732s] DEBUG:colcon.colcon_core.event_handler.log_command:Invoking command in '/home/magnum/ros2_msg/build/my_robot_message': CMAKE_PREFIX_PATH=/home/magnum/ros2_msg/install/ros2_message:/home/magnum/ros2_msg/install/my_robot_message:/home/magnum/ros2_msg/install/python:/opt/ros/foxy:/opt/ros/noetic /usr/bin/cmake --install /home/magnum/ros2_msg/build/my_robot_message
[0.799s] Level 1:colcon.colcon_core.environment:create_environment_scripts_only(my_robot_message)
[0.800s] DEBUG:colcon.colcon_core.event_handler.log_command:Invoked command in '/home/magnum/ros2_msg/build/my_robot_message' returned '0': CMAKE_PREFIX_PATH=/home/magnum/ros2_msg/install/ros2_message:/home/magnum/ros2_msg/install/my_robot_message:/home/magnum/ros2_msg/install/python:/opt/ros/foxy:/opt/ros/noetic /usr/bin/cmake --install /home/magnum/ros2_msg/build/my_robot_message
[0.805s] Level 1:colcon.colcon_core.environment:checking '/home/magnum/ros2_msg/install/my_robot_message' for CMake module files
[0.806s] Level 1:colcon.colcon_core.environment:checking '/home/magnum/ros2_msg/install/my_robot_message' for CMake config files
[0.806s] Level 1:colcon.colcon_core.shell:create_environment_hook('my_robot_message', 'cmake_prefix_path')
[0.808s] INFO:colcon.colcon_core.shell:Creating environment hook '/home/magnum/ros2_msg/install/my_robot_message/share/my_robot_message/hook/cmake_prefix_path.ps1'
[0.809s] INFO:colcon.colcon_core.shell:Creating environment descriptor '/home/magnum/ros2_msg/install/my_robot_message/share/my_robot_message/hook/cmake_prefix_path.dsv'
[0.809s] INFO:colcon.colcon_core.shell:Creating environment hook '/home/magnum/ros2_msg/install/my_robot_message/share/my_robot_message/hook/cmake_prefix_path.sh'
[0.810s] Level 1:colcon.colcon_core.environment:checking '/home/magnum/ros2_msg/install/my_robot_message/lib'
[0.810s] Level 1:colcon.colcon_core.shell:create_environment_hook('my_robot_message', 'ld_library_path_lib')
[0.812s] INFO:colcon.colcon_core.shell:Creating environment hook '/home/magnum/ros2_msg/install/my_robot_message/share/my_robot_message/hook/ld_library_path_lib.ps1'
[0.812s] INFO:colcon.colcon_core.shell:Creating environment descriptor '/home/magnum/ros2_msg/install/my_robot_message/share/my_robot_message/hook/ld_library_path_lib.dsv'
[0.813s] INFO:colcon.colcon_core.shell:Creating environment hook '/home/magnum/ros2_msg/install/my_robot_message/share/my_robot_message/hook/ld_library_path_lib.sh'
[0.813s] Level 1:colcon.colcon_core.environment:checking '/home/magnum/ros2_msg/install/my_robot_message/bin'
[0.813s] Level 1:colcon.colcon_core.environment:checking '/home/magnum/ros2_msg/install/my_robot_message/lib/pkgconfig/my_robot_message.pc'
[0.813s] Level 1:colcon.colcon_core.environment:checking '/home/magnum/ros2_msg/install/my_robot_message/lib/python3.8/site-packages'
[0.813s] Level 1:colcon.colcon_core.shell:create_environment_hook('my_robot_message', 'pythonpath')
[0.815s] INFO:colcon.colcon_core.shell:Creating environment hook '/home/magnum/ros2_msg/install/my_robot_message/share/my_robot_message/hook/pythonpath.ps1'
[0.815s] INFO:colcon.colcon_core.shell:Creating environment descriptor '/home/magnum/ros2_msg/install/my_robot_message/share/my_robot_message/hook/pythonpath.dsv'
[0.815s] INFO:colcon.colcon_core.shell:Creating environment hook '/home/magnum/ros2_msg/install/my_robot_message/share/my_robot_message/hook/pythonpath.sh'
[0.816s] Level 1:colcon.colcon_core.environment:checking '/home/magnum/ros2_msg/install/my_robot_message/bin'
[0.817s] INFO:colcon.colcon_core.shell:Creating package script '/home/magnum/ros2_msg/install/my_robot_message/share/my_robot_message/package.ps1'
[0.818s] INFO:colcon.colcon_core.shell:Creating package descriptor '/home/magnum/ros2_msg/install/my_robot_message/share/my_robot_message/package.dsv'
[0.819s] INFO:colcon.colcon_core.shell:Creating package script '/home/magnum/ros2_msg/install/my_robot_message/share/my_robot_message/package.sh'
[0.820s] INFO:colcon.colcon_core.shell:Creating package script '/home/magnum/ros2_msg/install/my_robot_message/share/my_robot_message/package.bash'
[0.820s] INFO:colcon.colcon_core.shell:Creating package script '/home/magnum/ros2_msg/install/my_robot_message/share/my_robot_message/package.zsh'
[0.821s] Level 1:colcon.colcon_core.environment:create_file_with_runtime_dependencies(/home/magnum/ros2_msg/install/my_robot_message/share/colcon-core/packages/my_robot_message)
[0.882s] Level 1:colcon.colcon_core.environment:create_environment_scripts_only(my_robot_message)
[0.886s] Level 1:colcon.colcon_core.environment:checking '/home/magnum/ros2_msg/install/my_robot_message' for CMake module files
[0.888s] Level 1:colcon.colcon_core.environment:checking '/home/magnum/ros2_msg/install/my_robot_message' for CMake config files
[0.888s] Level 1:colcon.colcon_core.shell:create_environment_hook('my_robot_message', 'cmake_prefix_path')
[0.891s] INFO:colcon.colcon_core.shell:Creating environment hook '/home/magnum/ros2_msg/install/my_robot_message/share/my_robot_message/hook/cmake_prefix_path.ps1'
[0.892s] INFO:colcon.colcon_core.shell:Creating environment descriptor '/home/magnum/ros2_msg/install/my_robot_message/share/my_robot_message/hook/cmake_prefix_path.dsv'
[0.892s] INFO:colcon.colcon_core.shell:Creating environment hook '/home/magnum/ros2_msg/install/my_robot_message/share/my_robot_message/hook/cmake_prefix_path.sh'
[0.893s] Level 1:colcon.colcon_core.environment:checking '/home/magnum/ros2_msg/install/my_robot_message/lib'
[0.893s] Level 1:colcon.colcon_core.shell:create_environment_hook('my_robot_message', 'ld_library_path_lib')
[0.896s] INFO:colcon.colcon_core.shell:Creating environment hook '/home/magnum/ros2_msg/install/my_robot_message/share/my_robot_message/hook/ld_library_path_lib.ps1'
[0.896s] INFO:colcon.colcon_core.shell:Creating environment descriptor '/home/magnum/ros2_msg/install/my_robot_message/share/my_robot_message/hook/ld_library_path_lib.dsv'
[0.897s] INFO:colcon.colcon_core.shell:Creating environment hook '/home/magnum/ros2_msg/install/my_robot_message/share/my_robot_message/hook/ld_library_path_lib.sh'
[0.897s] Level 1:colcon.colcon_core.environment:checking '/home/magnum/ros2_msg/install/my_robot_message/bin'
[0.897s] Level 1:colcon.colcon_core.environment:checking '/home/magnum/ros2_msg/install/my_robot_message/lib/pkgconfig/my_robot_message.pc'
[0.898s] Level 1:colcon.colcon_core.environment:checking '/home/magnum/ros2_msg/install/my_robot_message/lib/python3.8/site-packages'
[0.898s] Level 1:colcon.colcon_core.shell:create_environment_hook('my_robot_message', 'pythonpath')
[0.900s] INFO:colcon.colcon_core.shell:Creating environment hook '/home/magnum/ros2_msg/install/my_robot_message/share/my_robot_message/hook/pythonpath.ps1'
[0.900s] INFO:colcon.colcon_core.shell:Creating environment descriptor '/home/magnum/ros2_msg/install/my_robot_message/share/my_robot_message/hook/pythonpath.dsv'
[0.900s] INFO:colcon.colcon_core.shell:Creating environment hook '/home/magnum/ros2_msg/install/my_robot_message/share/my_robot_message/hook/pythonpath.sh'
[0.901s] Level 1:colcon.colcon_core.environment:checking '/home/magnum/ros2_msg/install/my_robot_message/bin'
[0.903s] INFO:colcon.colcon_core.shell:Creating package script '/home/magnum/ros2_msg/install/my_robot_message/share/my_robot_message/package.ps1'
[0.903s] INFO:colcon.colcon_core.shell:Creating package descriptor '/home/magnum/ros2_msg/install/my_robot_message/share/my_robot_message/package.dsv'
[0.904s] INFO:colcon.colcon_core.shell:Creating package script '/home/magnum/ros2_msg/install/my_robot_message/share/my_robot_message/package.sh'
[0.904s] INFO:colcon.colcon_core.shell:Creating package script '/home/magnum/ros2_msg/install/my_robot_message/share/my_robot_message/package.bash'
[0.905s] INFO:colcon.colcon_core.shell:Creating package script '/home/magnum/ros2_msg/install/my_robot_message/share/my_robot_message/package.zsh'
[0.905s] Level 1:colcon.colcon_core.environment:create_file_with_runtime_dependencies(/home/magnum/ros2_msg/install/my_robot_message/share/colcon-core/packages/my_robot_message)
[0.906s] INFO:colcon.colcon_ros.task.ament_python.build:Building ROS package in '/home/magnum/ros2_msg/src/python' with build type 'ament_python'
[0.906s] Level 1:colcon.colcon_core.shell:create_environment_hook('python', 'ament_prefix_path')
[0.908s] INFO:colcon.colcon_core.shell:Creating environment hook '/home/magnum/ros2_msg/install/python/share/python/hook/ament_prefix_path.ps1'
[0.909s] INFO:colcon.colcon_core.shell:Creating environment descriptor '/home/magnum/ros2_msg/install/python/share/python/hook/ament_prefix_path.dsv'
[0.910s] INFO:colcon.colcon_core.shell:Creating environment hook '/home/magnum/ros2_msg/install/python/share/python/hook/ament_prefix_path.sh'
[0.912s] INFO:colcon.colcon_core.shell:Skip shell extension 'powershell' for command environment: Not usable outside of PowerShell
[0.912s] DEBUG:colcon.colcon_core.shell:Skip shell extension 'dsv' for command environment
[0.918s] DEBUG:colcon.colcon_core.shell:Ignoring prefix path '/opt/ros/noetic'
[1.254s] INFO:colcon.colcon_core.task.python.build:Building Python package in '/home/magnum/ros2_msg/src/python'
[1.256s] INFO:colcon.colcon_core.shell:Skip shell extension 'powershell' for command environment: Not usable outside of PowerShell
[1.257s] DEBUG:colcon.colcon_core.shell:Skip shell extension 'dsv' for command environment
[1.262s] DEBUG:colcon.colcon_core.shell:Ignoring prefix path '/opt/ros/noetic'
[1.830s] DEBUG:colcon.colcon_core.event_handler.log_command:Invoking command in '/home/magnum/ros2_msg/src/python': CMAKE_PREFIX_PATH=/home/magnum/ros2_msg/install/my_robot_message:/home/magnum/ros2_msg/install/ros2_message:/opt/ros/noetic PYTHONPATH=/home/magnum/ros2_msg/build/python/prefix_override:/home/magnum/ros2_msg/install/python/lib/python3.8/site-packages:/home/magnum/ros2_msg/install/my_robot_message/lib/python3.8/site-packages:/home/magnum/ros2_msg/install/python/lib/python3.8/site-packages:/opt/ros/foxy/lib/python/site-packages:/opt/ros/foxy/lib/python3.8/site-packages:/opt/ros/noetic/lib/python3/dist-packages /usr/bin/python3 setup.py egg_info --egg-base ../../build/python build --build-base /home/magnum/ros2_msg/build/python/build install --record /home/magnum/ros2_msg/build/python/install.log --install-scripts $base/lib/python --single-version-externally-managed
[2.249s] Level 1:colcon.colcon_core.environment:checking '/home/magnum/ros2_msg/install/python' for CMake module files
[2.250s] DEBUG:colcon.colcon_core.event_handler.log_command:Invoked command in '/home/magnum/ros2_msg/src/python' returned '0': CMAKE_PREFIX_PATH=/home/magnum/ros2_msg/install/my_robot_message:/home/magnum/ros2_msg/install/ros2_message:/opt/ros/noetic PYTHONPATH=/home/magnum/ros2_msg/build/python/prefix_override:/home/magnum/ros2_msg/install/python/lib/python3.8/site-packages:/home/magnum/ros2_msg/install/my_robot_message/lib/python3.8/site-packages:/home/magnum/ros2_msg/install/python/lib/python3.8/site-packages:/opt/ros/foxy/lib/python/site-packages:/opt/ros/foxy/lib/python3.8/site-packages:/opt/ros/noetic/lib/python3/dist-packages /usr/bin/python3 setup.py egg_info --egg-base ../../build/python build --build-base /home/magnum/ros2_msg/build/python/build install --record /home/magnum/ros2_msg/build/python/install.log --install-scripts $base/lib/python --single-version-externally-managed
[2.251s] Level 1:colcon.colcon_core.environment:checking '/home/magnum/ros2_msg/install/python' for CMake config files
[2.251s] Level 1:colcon.colcon_core.environment:checking '/home/magnum/ros2_msg/install/python/lib'
[2.251s] Level 1:colcon.colcon_core.environment:checking '/home/magnum/ros2_msg/install/python/bin'
[2.251s] Level 1:colcon.colcon_core.environment:checking '/home/magnum/ros2_msg/install/python/lib/pkgconfig/python.pc'
[2.252s] Level 1:colcon.colcon_core.environment:checking '/home/magnum/ros2_msg/install/python/lib/python3.8/site-packages'
[2.252s] Level 1:colcon.colcon_core.shell:create_environment_hook('python', 'pythonpath')
[2.253s] INFO:colcon.colcon_core.shell:Creating environment hook '/home/magnum/ros2_msg/install/python/share/python/hook/pythonpath.ps1'
[2.254s] INFO:colcon.colcon_core.shell:Creating environment descriptor '/home/magnum/ros2_msg/install/python/share/python/hook/pythonpath.dsv'
[2.254s] INFO:colcon.colcon_core.shell:Creating environment hook '/home/magnum/ros2_msg/install/python/share/python/hook/pythonpath.sh'
[2.255s] Level 1:colcon.colcon_core.environment:checking '/home/magnum/ros2_msg/install/python/bin'
[2.255s] Level 1:colcon.colcon_core.environment:create_environment_scripts_only(python)
[2.256s] INFO:colcon.colcon_core.shell:Creating package script '/home/magnum/ros2_msg/install/python/share/python/package.ps1'
[2.257s] INFO:colcon.colcon_core.shell:Creating package descriptor '/home/magnum/ros2_msg/install/python/share/python/package.dsv'
[2.257s] INFO:colcon.colcon_core.shell:Creating package script '/home/magnum/ros2_msg/install/python/share/python/package.sh'
[2.257s] INFO:colcon.colcon_core.shell:Creating package script '/home/magnum/ros2_msg/install/python/share/python/package.bash'
[2.258s] INFO:colcon.colcon_core.shell:Creating package script '/home/magnum/ros2_msg/install/python/share/python/package.zsh'
[2.258s] Level 1:colcon.colcon_core.environment:create_file_with_runtime_dependencies(/home/magnum/ros2_msg/install/python/share/colcon-core/packages/python)
[2.258s] DEBUG:colcon.colcon_parallel_executor.executor.parallel:closing loop
[2.259s] DEBUG:colcon.colcon_parallel_executor.executor.parallel:loop closed
[2.259s] DEBUG:colcon.colcon_parallel_executor.executor.parallel:run_until_complete finished with '0'
[2.259s] DEBUG:colcon.colcon_core.event_reactor:joining thread
[2.267s] INFO:colcon.colcon_core.plugin_system:Skipping extension 'colcon_notification.desktop_notification.terminal_notifier': Not used on non-Darwin systems
[2.267s] INFO:colcon.colcon_core.plugin_system:Skipping extension 'colcon_notification.desktop_notification.win32': Not used on non-Windows systems
[2.267s] INFO:colcon.colcon_notification.desktop_notification:Sending desktop notification using 'notify2'
[2.287s] DEBUG:colcon.colcon_core.event_reactor:joined thread
[2.288s] INFO:colcon.colcon_core.shell:Creating prefix script '/home/magnum/ros2_msg/install/local_setup.ps1'
[2.289s] INFO:colcon.colcon_core.shell:Creating prefix util module '/home/magnum/ros2_msg/install/_local_setup_util_ps1.py'
[2.291s] INFO:colcon.colcon_core.shell:Creating prefix chain script '/home/magnum/ros2_msg/install/setup.ps1'
[2.292s] INFO:colcon.colcon_core.shell:Creating prefix script '/home/magnum/ros2_msg/install/local_setup.sh'
[2.293s] INFO:colcon.colcon_core.shell:Creating prefix util module '/home/magnum/ros2_msg/install/_local_setup_util_sh.py'
[2.293s] INFO:colcon.colcon_core.shell:Creating prefix chain script '/home/magnum/ros2_msg/install/setup.sh'
[2.294s] INFO:colcon.colcon_core.shell:Creating prefix script '/home/magnum/ros2_msg/install/local_setup.bash'
[2.295s] INFO:colcon.colcon_core.shell:Creating prefix chain script '/home/magnum/ros2_msg/install/setup.bash'
[2.296s] INFO:colcon.colcon_core.shell:Creating prefix script '/home/magnum/ros2_msg/install/local_setup.zsh'
[2.297s] INFO:colcon.colcon_core.shell:Creating prefix chain script '/home/magnum/ros2_msg/install/setup.zsh'
