[0.014s] Invoking command in '/home/magnum/ros2_msg/build/ros2_message': CMAKE_PREFIX_PATH=${CMAKE_PREFIX_PATH}:/opt/ros/foxy /usr/bin/cmake /home/magnum/ros2_msg/src/ros2_message -DAMENT_CMAKE_SYMLINK_INSTALL=1 -DCMAKE_INSTALL_PREFIX=/home/magnum/ros2_msg/install/ros2_message
[0.026s] -- Found ament_cmake: 0.9.11 (/opt/ros/foxy/share/ament_cmake/cmake)
[0.044s] -- Using PYTHON_EXECUTABLE: /usr/bin/python3
[0.199s] -- Override CMake install command with custom implementation using symlinks instead of copying resources
[0.207s] -- Found rclcpp: 2.4.2 (/opt/ros/foxy/share/rclcpp/cmake)
[0.234s] -- Using all available rosidl_typesupport_c: rosidl_typesupport_fastrtps_c;rosidl_typesupport_introspection_c
[0.237s] -- Found rosidl_adapter: 1.3.0 (/opt/ros/foxy/share/rosidl_adapter/cmake)
[0.334s] -- Using all available rosidl_typesupport_cpp: rosidl_typesupport_fastrtps_cpp;rosidl_typesupport_introspection_cpp
[0.369s] -- Found rmw_implementation_cmake: 1.0.3 (/opt/ros/foxy/share/rmw_implementation_cmake/cmake)
[0.370s] -- Using RMW implementation 'rmw_fastrtps_cpp' as default
[0.474s] -- Found rosidl_default_generators: 1.0.1 (/opt/ros/foxy/share/rosidl_default_generators/cmake)
[0.481s] -- Found ament_lint_auto: 0.9.7 (/opt/ros/foxy/share/ament_lint_auto/cmake)
[0.554s] -- Found PythonInterp: /usr/bin/python3 (found version "3.8.10") 
[0.662s] CMake Error at /opt/ros/foxy/share/rosidl_adapter/cmake/rosidl_adapt_interfaces.cmake:60 (message):
[0.663s]   execute_process(/usr/bin/python3 -m rosidl_adapter --package-name
[0.663s]   ros2_message --arguments-file
[0.663s]   /home/magnum/ros2_msg/build/ros2_message/rosidl_adapter__arguments__ros2_message.json
[0.663s]   --output-dir
[0.663s]   /home/magnum/ros2_msg/build/ros2_message/rosidl_adapter/ros2_message
[0.663s]   --output-file
[0.663s]   /home/magnum/ros2_msg/build/ros2_message/rosidl_adapter/ros2_message.idls)
[0.663s]   returned error code 1:
[0.663s] 
[0.663s]   Traceback (most recent call last):
[0.663s] 
[0.664s]     File "/usr/lib/python3.8/runpy.py", line 194, in _run_module_as_main
[0.664s]       return _run_code(code, main_globals, None,
[0.664s]     File "/usr/lib/python3.8/runpy.py", line 87, in _run_code
[0.664s]       exec(code, run_globals)
[0.664s]     File "/opt/ros/foxy/lib/python3.8/site-packages/rosidl_adapter/__main__.py", line 19, in <module>
[0.664s]       sys.exit(main())
[0.664s]     File "/opt/ros/foxy/lib/python3.8/site-packages/rosidl_adapter/main.py", line 53, in main
[0.664s]       abs_idl_file = convert_to_idl(
[0.664s]     File "/opt/ros/foxy/lib/python3.8/site-packages/rosidl_adapter/__init__.py", line 19, in convert_to_idl
[0.665s]       return convert_msg_to_idl(
[0.665s]     File "/opt/ros/foxy/lib/python3.8/site-packages/rosidl_adapter/msg/__init__.py", line 28, in convert_msg_to_idl
[0.665s]       msg = parse_message_string(package_name, input_file.stem, content)
[0.665s]     File "/opt/ros/foxy/lib/python3.8/site-packages/rosidl_adapter/parser.py", line 540, in parse_message_string
[0.665s]       msg = MessageSpecification(pkg_name, msg_name, fields, constants)
[0.665s]     File "/opt/ros/foxy/lib/python3.8/site-packages/rosidl_adapter/parser.py", line 387, in __init__
[0.665s]       self.base_type = BaseType(
[0.665s]     File "/opt/ros/foxy/lib/python3.8/site-packages/rosidl_adapter/parser.py", line 204, in __init__
[0.665s]       raise InvalidResourceName(
[0.665s] 
[0.665s]   rosidl_adapter.parser.InvalidResourceName: 'mess' is an invalid message
[0.665s]   name.  It should have the pattern '^[A-Z][A-Za-z0-9]*$'
[0.665s] 
[0.665s] Call Stack (most recent call first):
[0.666s]   /opt/ros/foxy/share/rosidl_cmake/cmake/rosidl_generate_interfaces.cmake:130 (rosidl_adapt_interfaces)
[0.666s]   CMakeLists.txt:38 (rosidl_generate_interfaces)
[0.666s] 
[0.666s] 
[0.666s] -- Configuring incomplete, errors occurred!
[0.666s] See also "/home/magnum/ros2_msg/build/ros2_message/CMakeFiles/CMakeOutput.log".
[0.666s] See also "/home/magnum/ros2_msg/build/ros2_message/CMakeFiles/CMakeError.log".
[0.672s] Invoked command in '/home/magnum/ros2_msg/build/ros2_message' returned '1': CMAKE_PREFIX_PATH=${CMAKE_PREFIX_PATH}:/opt/ros/foxy /usr/bin/cmake /home/magnum/ros2_msg/src/ros2_message -DAMENT_CMAKE_SYMLINK_INSTALL=1 -DCMAKE_INSTALL_PREFIX=/home/magnum/ros2_msg/install/ros2_message
