[0.014s] Invoking command in '/home/magnum/ros2_msg/build/ros2_message': /usr/bin/cmake /home/magnum/ros2_msg/src/ros2_message -DCMAKE_INSTALL_PREFIX=/home/magnum/ros2_msg/install/ros2_message
[0.026s] -- Found ament_cmake: 0.9.11 (/opt/ros/foxy/share/ament_cmake/cmake)
[0.045s] -- Using PYTHON_EXECUTABLE: /usr/bin/python3
[0.193s] -- Override CMake install command with custom implementation using symlinks instead of copying resources
[0.198s] -- Found rclcpp: 2.4.2 (/opt/ros/foxy/share/rclcpp/cmake)
[0.222s] -- Using all available rosidl_typesupport_c: rosidl_typesupport_fastrtps_c;rosidl_typesupport_introspection_c
[0.225s] -- Found rosidl_adapter: 1.3.0 (/opt/ros/foxy/share/rosidl_adapter/cmake)
[0.322s] -- Using all available rosidl_typesupport_cpp: rosidl_typesupport_fastrtps_cpp;rosidl_typesupport_introspection_cpp
[0.358s] -- Found rmw_implementation_cmake: 1.0.3 (/opt/ros/foxy/share/rmw_implementation_cmake/cmake)
[0.359s] -- Using RMW implementation 'rmw_fastrtps_cpp' as default
[0.461s] -- Found rosidl_default_generators: 1.0.1 (/opt/ros/foxy/share/rosidl_default_generators/cmake)
[0.468s] -- Found ament_lint_auto: 0.9.7 (/opt/ros/foxy/share/ament_lint_auto/cmake)
[0.468s] CMake Error at /opt/ros/foxy/share/ament_lint_auto/cmake/ament_lint_auto_find_test_dependencies.cmake:26 (message):
[0.468s]   ament_lint_auto_find_test_dependencies() called with unused arguments:
[0.468s]   ros2_message
[0.468s] Call Stack (most recent call first):
[0.468s]   CMakeLists.txt:34 (ament_lint_auto_find_test_dependencies)
[0.468s] 
[0.468s] 
[0.468s] -- Configuring incomplete, errors occurred!
[0.469s] See also "/home/magnum/ros2_msg/build/ros2_message/CMakeFiles/CMakeOutput.log".
[0.469s] See also "/home/magnum/ros2_msg/build/ros2_message/CMakeFiles/CMakeError.log".
[0.474s] Invoked command in '/home/magnum/ros2_msg/build/ros2_message' returned '1': /usr/bin/cmake /home/magnum/ros2_msg/src/ros2_message -DCMAKE_INSTALL_PREFIX=/home/magnum/ros2_msg/install/ros2_message
