[0.015s] Invoking command in '/home/magnum/ros2_msg/build/message_creation': CMAKE_PREFIX_PATH=${CMAKE_PREFIX_PATH}:/home/magnum/ros2_msg/install/python:/opt/ros/foxy /usr/bin/cmake --build /home/magnum/ros2_msg/build/message_creation -- -j8 -l8
[0.035s] -- Found ament_cmake: 0.9.11 (/opt/ros/foxy/share/ament_cmake/cmake)
[0.058s] -- Found PythonInterp: /usr/bin/python3 (found suitable version "3.8.10", minimum required is "3") 
[0.058s] -- Using PYTHON_EXECUTABLE: /usr/bin/python3
[0.217s] -- Override CMake install command with custom implementation using symlinks instead of copying resources
[0.222s] -- Found rclcpp: 2.4.2 (/opt/ros/foxy/share/rclcpp/cmake)
[0.249s] -- Using all available rosidl_typesupport_c: rosidl_typesupport_fastrtps_c;rosidl_typesupport_introspection_c
[0.252s] -- Found rosidl_adapter: 1.3.0 (/opt/ros/foxy/share/rosidl_adapter/cmake)
[0.352s] -- Using all available rosidl_typesupport_cpp: rosidl_typesupport_fastrtps_cpp;rosidl_typesupport_introspection_cpp
[0.388s] -- Found rmw_implementation_cmake: 1.0.3 (/opt/ros/foxy/share/rmw_implementation_cmake/cmake)
[0.388s] -- Using RMW implementation 'rmw_fastrtps_cpp' as default
[0.487s] -- Found rosidl_default_generators: 1.0.1 (/opt/ros/foxy/share/rosidl_default_generators/cmake)
[0.493s] -- Found ament_lint_auto: 0.9.7 (/opt/ros/foxy/share/ament_lint_auto/cmake)
[0.560s] -- Found PythonInterp: /usr/bin/python3 (found version "3.8.10") 
[0.609s] -- Found ament_cmake_ros: 0.9.2 (/opt/ros/foxy/share/ament_cmake_ros/cmake)
[0.690s] -- Using all available rosidl_typesupport_c: rosidl_typesupport_fastrtps_c;rosidl_typesupport_introspection_c
[0.699s] -- Using all available rosidl_typesupport_cpp: rosidl_typesupport_fastrtps_cpp;rosidl_typesupport_introspection_cpp
[0.721s] -- Found PythonInterp: /usr/bin/python3 (found suitable version "3.8.10", minimum required is "3.5") 
[0.721s] -- Found python_cmake_module: 0.8.1 (/opt/ros/foxy/share/python_cmake_module/cmake)
[0.743s] -- Using PYTHON_EXECUTABLE: /usr/bin/python3
[0.743s] -- Using PYTHON_INCLUDE_DIRS: /usr/include/python3.8
[0.743s] -- Using PYTHON_LIBRARIES: /usr/lib/x86_64-linux-gnu/libpython3.8.so
[0.760s] -- Added test 'copyright' to check source files copyright and LICENSE
[0.761s] -- Added test 'lint_cmake' to check CMake code style
[0.762s] -- Added test 'xmllint' to check XML markup files
[0.766s] -- Configuring done
[0.789s] -- Generating done
[0.792s] -- Build files have been written to: /home/magnum/ros2_msg/build/message_creation
[0.820s] [  3%] Built target message_creation__cpp
[0.821s] [ 12%] Built target message_creation__rosidl_generator_c
[0.840s] [ 22%] Built target message_creation__rosidl_typesupport_c
[0.842s] [ 41%] Built target message_creation__rosidl_typesupport_introspection_cpp
[0.842s] [ 41%] Built target message_creation__rosidl_typesupport_cpp
[0.842s] [ 51%] Built target message_creation__rosidl_typesupport_fastrtps_cpp
[0.843s] [ 61%] Built target message_creation__rosidl_typesupport_introspection_c
[0.863s] [ 70%] Built target message_creation__rosidl_typesupport_fastrtps_c
[0.878s] [ 70%] Built target message_creation
[0.893s] [ 74%] Built target message_creation__py
[0.913s] [ 80%] Built target message_creation__python
[0.934s] [100%] Built target message_creation__rosidl_typesupport_introspection_c__pyext
[0.934s] [100%] Built target message_creation__rosidl_typesupport_c__pyext
[0.934s] [100%] Built target message_creation__rosidl_typesupport_fastrtps_c__pyext
[0.943s] Invoked command in '/home/magnum/ros2_msg/build/message_creation' returned '0': CMAKE_PREFIX_PATH=${CMAKE_PREFIX_PATH}:/home/magnum/ros2_msg/install/python:/opt/ros/foxy /usr/bin/cmake --build /home/magnum/ros2_msg/build/message_creation -- -j8 -l8
[0.979s] Invoking command in '/home/magnum/ros2_msg/build/message_creation': CMAKE_PREFIX_PATH=${CMAKE_PREFIX_PATH}:/home/magnum/ros2_msg/install/python:/opt/ros/foxy /usr/bin/cmake --install /home/magnum/ros2_msg/build/message_creation
[0.986s] -- Install configuration: ""
[0.986s] -- Execute custom install script
[0.986s] -- Up-to-date symlink: /home/magnum/ros2_msg/install/message_creation/share/ament_index/resource_index/rosidl_interfaces/message_creation
[0.986s] -- Up-to-date symlink: /home/magnum/ros2_msg/install/message_creation/include/message_creation/msg/creation.h
[0.987s] -- Up-to-date symlink: /home/magnum/ros2_msg/install/message_creation/include/message_creation/msg/detail/creation__functions.h
[0.987s] -- Up-to-date symlink: /home/magnum/ros2_msg/install/message_creation/include/message_creation/msg/detail/creation__struct.h
[0.987s] -- Up-to-date symlink: /home/magnum/ros2_msg/install/message_creation/include/message_creation/msg/detail/creation__type_support.h
[0.987s] -- Up-to-date symlink: /home/magnum/ros2_msg/install/message_creation/include/message_creation/msg/rosidl_generator_c__visibility_control.h
[0.987s] -- Up-to-date symlink: /home/magnum/ros2_msg/install/message_creation/share/message_creation/environment/library_path.sh
[0.987s] -- Up-to-date symlink: /home/magnum/ros2_msg/install/message_creation/share/message_creation/environment/library_path.dsv
[0.988s] -- Up-to-date symlink: /home/magnum/ros2_msg/install/message_creation/include/message_creation/msg/detail/creation__rosidl_typesupport_fastrtps_c.h
[0.988s] -- Up-to-date symlink: /home/magnum/ros2_msg/install/message_creation/include/message_creation/msg/rosidl_typesupport_fastrtps_c__visibility_control.h
[0.988s] -- Up-to-date symlink: /home/magnum/ros2_msg/install/message_creation/lib/libmessage_creation__rosidl_typesupport_fastrtps_c.so
[0.988s] -- Up-to-date symlink: /home/magnum/ros2_msg/install/message_creation/include/message_creation/msg/detail/creation__rosidl_typesupport_fastrtps_cpp.hpp
[0.988s] -- Up-to-date symlink: /home/magnum/ros2_msg/install/message_creation/include/message_creation/msg/rosidl_typesupport_fastrtps_cpp__visibility_control.h
[0.989s] -- Up-to-date symlink: /home/magnum/ros2_msg/install/message_creation/lib/libmessage_creation__rosidl_typesupport_fastrtps_cpp.so
[0.989s] -- Up-to-date symlink: /home/magnum/ros2_msg/install/message_creation/include/message_creation/msg/detail/creation__rosidl_typesupport_introspection_c.h
[0.989s] -- Up-to-date symlink: /home/magnum/ros2_msg/install/message_creation/include/message_creation/msg/rosidl_typesupport_introspection_c__visibility_control.h
[0.989s] -- Up-to-date symlink: /home/magnum/ros2_msg/install/message_creation/include/message_creation/msg/creation.hpp
[0.989s] -- Up-to-date symlink: /home/magnum/ros2_msg/install/message_creation/include/message_creation/msg/detail/creation__builder.hpp
[0.989s] -- Up-to-date symlink: /home/magnum/ros2_msg/install/message_creation/include/message_creation/msg/detail/creation__struct.hpp
[0.990s] -- Up-to-date symlink: /home/magnum/ros2_msg/install/message_creation/include/message_creation/msg/detail/creation__traits.hpp
[0.990s] -- Up-to-date symlink: /home/magnum/ros2_msg/install/message_creation/include/message_creation/msg/detail/creation__rosidl_typesupport_introspection_cpp.hpp
[0.990s] -- Up-to-date symlink: /home/magnum/ros2_msg/install/message_creation/share/message_creation/environment/pythonpath.sh
[0.990s] -- Up-to-date symlink: /home/magnum/ros2_msg/install/message_creation/share/message_creation/environment/pythonpath.dsv
[0.990s] -- Up-to-date symlink: /home/magnum/ros2_msg/install/message_creation/lib/python3.8/site-packages/message_creation/__init__.py
[0.991s] -- Up-to-date symlink: /home/magnum/ros2_msg/install/message_creation/lib/python3.8/site-packages/message_creation/msg/__init__.py
[0.991s] -- Up-to-date symlink: /home/magnum/ros2_msg/install/message_creation/lib/python3.8/site-packages/message_creation/msg/_creation.py
[0.991s] -- Up-to-date symlink: /home/magnum/ros2_msg/install/message_creation/lib/python3.8/site-packages/message_creation/message_creation_s__rosidl_typesupport_fastrtps_c.cpython-38-x86_64-linux-gnu.so
[0.991s] -- Up-to-date symlink: /home/magnum/ros2_msg/install/message_creation/lib/python3.8/site-packages/message_creation/message_creation_s__rosidl_typesupport_introspection_c.cpython-38-x86_64-linux-gnu.so
[0.991s] -- Up-to-date symlink: /home/magnum/ros2_msg/install/message_creation/lib/python3.8/site-packages/message_creation/message_creation_s__rosidl_typesupport_c.cpython-38-x86_64-linux-gnu.so
[0.992s] -- Up-to-date symlink: /home/magnum/ros2_msg/install/message_creation/lib/libmessage_creation__python.so
[0.992s] -- Up-to-date symlink: /home/magnum/ros2_msg/install/message_creation/share/message_creation/msg/Creation.idl
[0.992s] -- Up-to-date symlink: /home/magnum/ros2_msg/install/message_creation/share/message_creation/msg/Creation.msg
[0.992s] -- Up-to-date symlink: /home/magnum/ros2_msg/install/message_creation/share/ament_index/resource_index/package_run_dependencies/message_creation
[0.992s] -- Up-to-date symlink: /home/magnum/ros2_msg/install/message_creation/share/ament_index/resource_index/parent_prefix_path/message_creation
[0.992s] -- Up-to-date symlink: /home/magnum/ros2_msg/install/message_creation/share/message_creation/environment/ament_prefix_path.sh
[0.993s] -- Up-to-date symlink: /home/magnum/ros2_msg/install/message_creation/share/message_creation/environment/ament_prefix_path.dsv
[0.993s] -- Up-to-date symlink: /home/magnum/ros2_msg/install/message_creation/share/message_creation/environment/path.sh
[0.993s] -- Up-to-date symlink: /home/magnum/ros2_msg/install/message_creation/share/message_creation/environment/path.dsv
[0.993s] -- Up-to-date symlink: /home/magnum/ros2_msg/install/message_creation/share/message_creation/local_setup.bash
[0.993s] -- Up-to-date symlink: /home/magnum/ros2_msg/install/message_creation/share/message_creation/local_setup.sh
[0.993s] -- Up-to-date symlink: /home/magnum/ros2_msg/install/message_creation/share/message_creation/local_setup.zsh
[0.994s] -- Up-to-date symlink: /home/magnum/ros2_msg/install/message_creation/share/message_creation/local_setup.dsv
[0.994s] -- Symlinking: /home/magnum/ros2_msg/install/message_creation/share/message_creation/package.dsv
[1.001s] -- Up-to-date symlink: /home/magnum/ros2_msg/install/message_creation/share/ament_index/resource_index/packages/message_creation
[1.001s] -- Up-to-date symlink: /home/magnum/ros2_msg/install/message_creation/share/message_creation/cmake/rosidl_cmake-extras.cmake
[1.001s] -- Up-to-date symlink: /home/magnum/ros2_msg/install/message_creation/share/message_creation/cmake/ament_cmake_export_dependencies-extras.cmake
[1.001s] -- Up-to-date symlink: /home/magnum/ros2_msg/install/message_creation/share/message_creation/cmake/ament_cmake_export_libraries-extras.cmake
[1.001s] -- Up-to-date symlink: /home/magnum/ros2_msg/install/message_creation/share/message_creation/cmake/ament_cmake_export_targets-extras.cmake
[1.002s] -- Up-to-date symlink: /home/magnum/ros2_msg/install/message_creation/share/message_creation/cmake/ament_cmake_export_include_directories-extras.cmake
[1.002s] -- Up-to-date symlink: /home/magnum/ros2_msg/install/message_creation/share/message_creation/cmake/rosidl_cmake_export_typesupport_libraries-extras.cmake
[1.002s] -- Up-to-date symlink: /home/magnum/ros2_msg/install/message_creation/share/message_creation/cmake/rosidl_cmake_export_typesupport_targets-extras.cmake
[1.002s] -- Up-to-date symlink: /home/magnum/ros2_msg/install/message_creation/share/message_creation/cmake/message_creationConfig.cmake
[1.002s] -- Up-to-date symlink: /home/magnum/ros2_msg/install/message_creation/share/message_creation/cmake/message_creationConfig-version.cmake
[1.003s] -- Up-to-date symlink: /home/magnum/ros2_msg/install/message_creation/share/message_creation/package.xml
[1.003s] -- Up-to-date: /home/magnum/ros2_msg/install/message_creation/lib/libmessage_creation__rosidl_generator_c.so
[1.003s] -- Up-to-date: /home/magnum/ros2_msg/install/message_creation/lib/libmessage_creation__rosidl_typesupport_introspection_c.so
[1.003s] -- Up-to-date: /home/magnum/ros2_msg/install/message_creation/lib/libmessage_creation__rosidl_typesupport_c.so
[1.003s] -- Up-to-date: /home/magnum/ros2_msg/install/message_creation/lib/libmessage_creation__rosidl_typesupport_introspection_cpp.so
[1.004s] -- Up-to-date: /home/magnum/ros2_msg/install/message_creation/lib/libmessage_creation__rosidl_typesupport_cpp.so
[1.029s] Compiling '/home/magnum/ros2_msg/install/message_creation/lib/python3.8/site-packages/message_creation/__init__.py'...
[1.032s] -- Up-to-date: /home/magnum/ros2_msg/install/message_creation/share/message_creation/cmake/message_creation__rosidl_generator_cExport.cmake
[1.032s] -- Installing: /home/magnum/ros2_msg/install/message_creation/share/message_creation/cmake/message_creation__rosidl_generator_cExport-noconfig.cmake
[1.032s] -- Up-to-date: /home/magnum/ros2_msg/install/message_creation/share/message_creation/cmake/message_creation__rosidl_typesupport_introspection_cExport.cmake
[1.032s] -- Installing: /home/magnum/ros2_msg/install/message_creation/share/message_creation/cmake/message_creation__rosidl_typesupport_introspection_cExport-noconfig.cmake
[1.032s] -- Up-to-date: /home/magnum/ros2_msg/install/message_creation/share/message_creation/cmake/message_creation__rosidl_typesupport_cExport.cmake
[1.032s] -- Installing: /home/magnum/ros2_msg/install/message_creation/share/message_creation/cmake/message_creation__rosidl_typesupport_cExport-noconfig.cmake
[1.032s] -- Up-to-date: /home/magnum/ros2_msg/install/message_creation/share/message_creation/cmake/message_creation__rosidl_generator_cppExport.cmake
[1.032s] -- Up-to-date: /home/magnum/ros2_msg/install/message_creation/share/message_creation/cmake/message_creation__rosidl_typesupport_introspection_cppExport.cmake
[1.033s] -- Installing: /home/magnum/ros2_msg/install/message_creation/share/message_creation/cmake/message_creation__rosidl_typesupport_introspection_cppExport-noconfig.cmake
[1.033s] -- Up-to-date: /home/magnum/ros2_msg/install/message_creation/share/message_creation/cmake/message_creation__rosidl_typesupport_cppExport.cmake
[1.033s] -- Installing: /home/magnum/ros2_msg/install/message_creation/share/message_creation/cmake/message_creation__rosidl_typesupport_cppExport-noconfig.cmake
[1.037s] Invoked command in '/home/magnum/ros2_msg/build/message_creation' returned '0': CMAKE_PREFIX_PATH=${CMAKE_PREFIX_PATH}:/home/magnum/ros2_msg/install/python:/opt/ros/foxy /usr/bin/cmake --install /home/magnum/ros2_msg/build/message_creation
