-- Found ament_cmake: 0.9.11 (/opt/ros/foxy/share/ament_cmake/cmake)
-- Found PythonInterp: /usr/bin/python3 (found suitable version "3.8.10", minimum required is "3") 
-- Using PYTHON_EXECUTABLE: /usr/bin/python3
-- Override CMake install command with custom implementation using symlinks instead of copying resources
-- Found rclcpp: 2.4.2 (/opt/ros/foxy/share/rclcpp/cmake)
-- Using all available rosidl_typesupport_c: rosidl_typesupport_fastrtps_c;rosidl_typesupport_introspection_c
-- Found rosidl_adapter: 1.3.0 (/opt/ros/foxy/share/rosidl_adapter/cmake)
-- Using all available rosidl_typesupport_cpp: rosidl_typesupport_fastrtps_cpp;rosidl_typesupport_introspection_cpp
-- Found rmw_implementation_cmake: 1.0.3 (/opt/ros/foxy/share/rmw_implementation_cmake/cmake)
-- Using RMW implementation 'rmw_fastrtps_cpp' as default
-- Found rosidl_default_generators: 1.0.1 (/opt/ros/foxy/share/rosidl_default_generators/cmake)
-- Found ament_lint_auto: 0.9.7 (/opt/ros/foxy/share/ament_lint_auto/cmake)
-- Found PythonInterp: /usr/bin/python3 (found version "3.8.10") 
-- Found ament_cmake_ros: 0.9.2 (/opt/ros/foxy/share/ament_cmake_ros/cmake)
-- Using all available rosidl_typesupport_c: rosidl_typesupport_fastrtps_c;rosidl_typesupport_introspection_c
-- Using all available rosidl_typesupport_cpp: rosidl_typesupport_fastrtps_cpp;rosidl_typesupport_introspection_cpp
-- Found PythonInterp: /usr/bin/python3 (found suitable version "3.8.10", minimum required is "3.5") 
-- Found python_cmake_module: 0.8.1 (/opt/ros/foxy/share/python_cmake_module/cmake)
-- Using PYTHON_EXECUTABLE: /usr/bin/python3
-- Using PYTHON_INCLUDE_DIRS: /usr/include/python3.8
-- Using PYTHON_LIBRARIES: /usr/lib/x86_64-linux-gnu/libpython3.8.so
-- Added test 'copyright' to check source files copyright and LICENSE
-- Added test 'lint_cmake' to check CMake code style
-- Added test 'xmllint' to check XML markup files
-- Configuring done
-- Generating done
-- Build files have been written to: /home/magnum/ros2_msg/build/message_creation
[  3%] Built target message_creation__cpp
[ 12%] Built target message_creation__rosidl_generator_c
[ 22%] Built target message_creation__rosidl_typesupport_introspection_cpp
[ 35%] Built target message_creation__rosidl_typesupport_introspection_c
[ 41%] Built target message_creation__rosidl_typesupport_cpp
[ 51%] Built target message_creation__rosidl_typesupport_c
[ 54%] [32m[1mLinking CXX shared library libmessage_creation__rosidl_typesupport_fastrtps_cpp.so[0m
[ 61%] Built target message_creation__rosidl_typesupport_fastrtps_cpp
[ 64%] [32m[1mLinking CXX shared library libmessage_creation__rosidl_typesupport_fastrtps_c.so[0m
[ 70%] Built target message_creation__rosidl_typesupport_fastrtps_c
[ 70%] Built target message_creation
[ 74%] Built target message_creation__py
[ 77%] [32m[1mLinking C shared library rosidl_generator_py/message_creation/libmessage_creation__python.so[0m
[ 80%] Built target message_creation__python
[ 83%] [32m[1mLinking C shared library rosidl_generator_py/message_creation/message_creation_s__rosidl_typesupport_c.cpython-38-x86_64-linux-gnu.so[0m
[ 87%] [32m[1mLinking C shared library rosidl_generator_py/message_creation/message_creation_s__rosidl_typesupport_introspection_c.cpython-38-x86_64-linux-gnu.so[0m
[ 90%] [32m[1mLinking CXX shared library rosidl_generator_py/message_creation/message_creation_s__rosidl_typesupport_fastrtps_c.cpython-38-x86_64-linux-gnu.so[0m
[ 93%] Built target message_creation__rosidl_typesupport_c__pyext
[ 96%] Built target message_creation__rosidl_typesupport_introspection_c__pyext
[100%] Built target message_creation__rosidl_typesupport_fastrtps_c__pyext
-- Install configuration: ""
-- Execute custom install script
-- Symlinking: /home/magnum/ros2_msg/install/message_creation/share/ament_index/resource_index/rosidl_interfaces/message_creation
-- Symlinking: /home/magnum/ros2_msg/install/message_creation/include/message_creation/msg/creation.h
-- Symlinking: /home/magnum/ros2_msg/install/message_creation/include/message_creation/msg/detail/creation__functions.h
-- Symlinking: /home/magnum/ros2_msg/install/message_creation/include/message_creation/msg/detail/creation__struct.h
-- Symlinking: /home/magnum/ros2_msg/install/message_creation/include/message_creation/msg/detail/creation__type_support.h
-- Symlinking: /home/magnum/ros2_msg/install/message_creation/include/message_creation/msg/rosidl_generator_c__visibility_control.h
-- Symlinking: /home/magnum/ros2_msg/install/message_creation/share/message_creation/environment/library_path.sh
-- Symlinking: /home/magnum/ros2_msg/install/message_creation/share/message_creation/environment/library_path.dsv
-- Symlinking: /home/magnum/ros2_msg/install/message_creation/include/message_creation/msg/detail/creation__rosidl_typesupport_fastrtps_c.h
-- Symlinking: /home/magnum/ros2_msg/install/message_creation/include/message_creation/msg/rosidl_typesupport_fastrtps_c__visibility_control.h
-- Symlinking: /home/magnum/ros2_msg/install/message_creation/lib/libmessage_creation__rosidl_typesupport_fastrtps_c.so
-- Symlinking: /home/magnum/ros2_msg/install/message_creation/include/message_creation/msg/detail/creation__rosidl_typesupport_fastrtps_cpp.hpp
-- Symlinking: /home/magnum/ros2_msg/install/message_creation/include/message_creation/msg/rosidl_typesupport_fastrtps_cpp__visibility_control.h
-- Symlinking: /home/magnum/ros2_msg/install/message_creation/lib/libmessage_creation__rosidl_typesupport_fastrtps_cpp.so
-- Symlinking: /home/magnum/ros2_msg/install/message_creation/include/message_creation/msg/detail/creation__rosidl_typesupport_introspection_c.h
-- Symlinking: /home/magnum/ros2_msg/install/message_creation/include/message_creation/msg/rosidl_typesupport_introspection_c__visibility_control.h
-- Symlinking: /home/magnum/ros2_msg/install/message_creation/include/message_creation/msg/creation.hpp
-- Symlinking: /home/magnum/ros2_msg/install/message_creation/include/message_creation/msg/detail/creation__builder.hpp
-- Symlinking: /home/magnum/ros2_msg/install/message_creation/include/message_creation/msg/detail/creation__struct.hpp
-- Symlinking: /home/magnum/ros2_msg/install/message_creation/include/message_creation/msg/detail/creation__traits.hpp
-- Symlinking: /home/magnum/ros2_msg/install/message_creation/include/message_creation/msg/detail/creation__rosidl_typesupport_introspection_cpp.hpp
-- Symlinking: /home/magnum/ros2_msg/install/message_creation/share/message_creation/environment/pythonpath.sh
-- Symlinking: /home/magnum/ros2_msg/install/message_creation/share/message_creation/environment/pythonpath.dsv
-- Symlinking: /home/magnum/ros2_msg/install/message_creation/lib/python3.8/site-packages/message_creation/__init__.py
-- Symlinking: /home/magnum/ros2_msg/install/message_creation/lib/python3.8/site-packages/message_creation/msg/__init__.py
-- Symlinking: /home/magnum/ros2_msg/install/message_creation/lib/python3.8/site-packages/message_creation/msg/_creation.py
-- Symlinking: /home/magnum/ros2_msg/install/message_creation/lib/python3.8/site-packages/message_creation/message_creation_s__rosidl_typesupport_fastrtps_c.cpython-38-x86_64-linux-gnu.so
-- Symlinking: /home/magnum/ros2_msg/install/message_creation/lib/python3.8/site-packages/message_creation/message_creation_s__rosidl_typesupport_introspection_c.cpython-38-x86_64-linux-gnu.so
-- Symlinking: /home/magnum/ros2_msg/install/message_creation/lib/python3.8/site-packages/message_creation/message_creation_s__rosidl_typesupport_c.cpython-38-x86_64-linux-gnu.so
-- Symlinking: /home/magnum/ros2_msg/install/message_creation/lib/libmessage_creation__python.so
-- Symlinking: /home/magnum/ros2_msg/install/message_creation/share/message_creation/msg/Creation.idl
-- Symlinking: /home/magnum/ros2_msg/install/message_creation/share/message_creation/msg/Creation.msg
-- Symlinking: /home/magnum/ros2_msg/install/message_creation/share/ament_index/resource_index/package_run_dependencies/message_creation
-- Symlinking: /home/magnum/ros2_msg/install/message_creation/share/ament_index/resource_index/parent_prefix_path/message_creation
-- Symlinking: /home/magnum/ros2_msg/install/message_creation/share/message_creation/environment/ament_prefix_path.sh
-- Symlinking: /home/magnum/ros2_msg/install/message_creation/share/message_creation/environment/ament_prefix_path.dsv
-- Symlinking: /home/magnum/ros2_msg/install/message_creation/share/message_creation/environment/path.sh
-- Symlinking: /home/magnum/ros2_msg/install/message_creation/share/message_creation/environment/path.dsv
-- Symlinking: /home/magnum/ros2_msg/install/message_creation/share/message_creation/local_setup.bash
-- Symlinking: /home/magnum/ros2_msg/install/message_creation/share/message_creation/local_setup.sh
-- Symlinking: /home/magnum/ros2_msg/install/message_creation/share/message_creation/local_setup.zsh
-- Symlinking: /home/magnum/ros2_msg/install/message_creation/share/message_creation/local_setup.dsv
-- Symlinking: /home/magnum/ros2_msg/install/message_creation/share/message_creation/package.dsv
-- Symlinking: /home/magnum/ros2_msg/install/message_creation/share/ament_index/resource_index/packages/message_creation
-- Symlinking: /home/magnum/ros2_msg/install/message_creation/share/message_creation/cmake/rosidl_cmake-extras.cmake
-- Symlinking: /home/magnum/ros2_msg/install/message_creation/share/message_creation/cmake/ament_cmake_export_dependencies-extras.cmake
-- Symlinking: /home/magnum/ros2_msg/install/message_creation/share/message_creation/cmake/ament_cmake_export_libraries-extras.cmake
-- Symlinking: /home/magnum/ros2_msg/install/message_creation/share/message_creation/cmake/ament_cmake_export_targets-extras.cmake
-- Symlinking: /home/magnum/ros2_msg/install/message_creation/share/message_creation/cmake/ament_cmake_export_include_directories-extras.cmake
-- Symlinking: /home/magnum/ros2_msg/install/message_creation/share/message_creation/cmake/rosidl_cmake_export_typesupport_libraries-extras.cmake
-- Symlinking: /home/magnum/ros2_msg/install/message_creation/share/message_creation/cmake/rosidl_cmake_export_typesupport_targets-extras.cmake
-- Symlinking: /home/magnum/ros2_msg/install/message_creation/share/message_creation/cmake/message_creationConfig.cmake
-- Symlinking: /home/magnum/ros2_msg/install/message_creation/share/message_creation/cmake/message_creationConfig-version.cmake
-- Symlinking: /home/magnum/ros2_msg/install/message_creation/share/message_creation/package.xml
-- Up-to-date: /home/magnum/ros2_msg/install/message_creation/lib/libmessage_creation__rosidl_generator_c.so
-- Up-to-date: /home/magnum/ros2_msg/install/message_creation/lib/libmessage_creation__rosidl_typesupport_introspection_c.so
-- Up-to-date: /home/magnum/ros2_msg/install/message_creation/lib/libmessage_creation__rosidl_typesupport_c.so
-- Up-to-date: /home/magnum/ros2_msg/install/message_creation/lib/libmessage_creation__rosidl_typesupport_introspection_cpp.so
-- Up-to-date: /home/magnum/ros2_msg/install/message_creation/lib/libmessage_creation__rosidl_typesupport_cpp.so
Compiling '/home/magnum/ros2_msg/install/message_creation/lib/python3.8/site-packages/message_creation/__init__.py'...
-- Up-to-date: /home/magnum/ros2_msg/install/message_creation/share/message_creation/cmake/message_creation__rosidl_generator_cExport.cmake
-- Installing: /home/magnum/ros2_msg/install/message_creation/share/message_creation/cmake/message_creation__rosidl_generator_cExport-noconfig.cmake
-- Up-to-date: /home/magnum/ros2_msg/install/message_creation/share/message_creation/cmake/message_creation__rosidl_typesupport_introspection_cExport.cmake
-- Installing: /home/magnum/ros2_msg/install/message_creation/share/message_creation/cmake/message_creation__rosidl_typesupport_introspection_cExport-noconfig.cmake
-- Up-to-date: /home/magnum/ros2_msg/install/message_creation/share/message_creation/cmake/message_creation__rosidl_typesupport_cExport.cmake
-- Installing: /home/magnum/ros2_msg/install/message_creation/share/message_creation/cmake/message_creation__rosidl_typesupport_cExport-noconfig.cmake
-- Up-to-date: /home/magnum/ros2_msg/install/message_creation/share/message_creation/cmake/message_creation__rosidl_generator_cppExport.cmake
-- Up-to-date: /home/magnum/ros2_msg/install/message_creation/share/message_creation/cmake/message_creation__rosidl_typesupport_introspection_cppExport.cmake
-- Installing: /home/magnum/ros2_msg/install/message_creation/share/message_creation/cmake/message_creation__rosidl_typesupport_introspection_cppExport-noconfig.cmake
-- Up-to-date: /home/magnum/ros2_msg/install/message_creation/share/message_creation/cmake/message_creation__rosidl_typesupport_cppExport.cmake
-- Installing: /home/magnum/ros2_msg/install/message_creation/share/message_creation/cmake/message_creation__rosidl_typesupport_cppExport-noconfig.cmake
