[0.013s] Invoking command in '/home/magnum/ros2_msg/build/message_creation': CMAKE_PREFIX_PATH=${CMAKE_PREFIX_PATH}:/home/magnum/ros2_msg/install/python:/opt/ros/foxy /usr/bin/cmake /home/magnum/ros2_msg/src/message_creation -DAMENT_CMAKE_SYMLINK_INSTALL=1 -DCMAKE_INSTALL_PREFIX=/home/magnum/ros2_msg/install/message_creation
[0.024s] -- Found ament_cmake: 0.9.11 (/opt/ros/foxy/share/ament_cmake/cmake)
[0.041s] -- Found PythonInterp: /usr/bin/python3 (found suitable version "3.8.10", minimum required is "3") 
[0.041s] -- Using PYTHON_EXECUTABLE: /usr/bin/python3
[0.185s] -- Override CMake install command with custom implementation using symlinks instead of copying resources
[0.191s] -- Found rclcpp: 2.4.2 (/opt/ros/foxy/share/rclcpp/cmake)
[0.215s] -- Using all available rosidl_typesupport_c: rosidl_typesupport_fastrtps_c;rosidl_typesupport_introspection_c
[0.217s] -- Found rosidl_adapter: 1.3.0 (/opt/ros/foxy/share/rosidl_adapter/cmake)
[0.311s] -- Using all available rosidl_typesupport_cpp: rosidl_typesupport_fastrtps_cpp;rosidl_typesupport_introspection_cpp
[0.345s] -- Found rmw_implementation_cmake: 1.0.3 (/opt/ros/foxy/share/rmw_implementation_cmake/cmake)
[0.346s] -- Using RMW implementation 'rmw_fastrtps_cpp' as default
[0.443s] -- Found rosidl_default_generators: 1.0.1 (/opt/ros/foxy/share/rosidl_default_generators/cmake)
[0.449s] -- Found ament_lint_auto: 0.9.7 (/opt/ros/foxy/share/ament_lint_auto/cmake)
[0.509s] -- Found PythonInterp: /usr/bin/python3 (found version "3.8.10") 
[0.556s] -- Found ament_cmake_ros: 0.9.2 (/opt/ros/foxy/share/ament_cmake_ros/cmake)
[0.640s] -- Using all available rosidl_typesupport_c: rosidl_typesupport_fastrtps_c;rosidl_typesupport_introspection_c
[0.649s] -- Using all available rosidl_typesupport_cpp: rosidl_typesupport_fastrtps_cpp;rosidl_typesupport_introspection_cpp
[0.667s] -- Found PythonInterp: /usr/bin/python3 (found suitable version "3.8.10", minimum required is "3.5") 
[0.667s] -- Found python_cmake_module: 0.8.1 (/opt/ros/foxy/share/python_cmake_module/cmake)
[0.685s] -- Using PYTHON_EXECUTABLE: /usr/bin/python3
[0.685s] -- Using PYTHON_INCLUDE_DIRS: /usr/include/python3.8
[0.685s] -- Using PYTHON_LIBRARIES: /usr/lib/x86_64-linux-gnu/libpython3.8.so
[0.702s] -- Added test 'copyright' to check source files copyright and LICENSE
[0.703s] -- Added test 'lint_cmake' to check CMake code style
[0.704s] -- Added test 'xmllint' to check XML markup files
[0.709s] -- Configuring done
[0.732s] -- Generating done
[0.735s] -- Build files have been written to: /home/magnum/ros2_msg/build/message_creation
[0.741s] Invoked command in '/home/magnum/ros2_msg/build/message_creation' returned '0': CMAKE_PREFIX_PATH=${CMAKE_PREFIX_PATH}:/home/magnum/ros2_msg/install/python:/opt/ros/foxy /usr/bin/cmake /home/magnum/ros2_msg/src/message_creation -DAMENT_CMAKE_SYMLINK_INSTALL=1 -DCMAKE_INSTALL_PREFIX=/home/magnum/ros2_msg/install/message_creation
[0.744s] Invoking command in '/home/magnum/ros2_msg/build/message_creation': CMAKE_PREFIX_PATH=${CMAKE_PREFIX_PATH}:/home/magnum/ros2_msg/install/python:/opt/ros/foxy /usr/bin/cmake --build /home/magnum/ros2_msg/build/message_creation -- -j8 -l8
[0.781s] [  3%] Built target message_creation__cpp
[0.782s] [ 12%] Built target message_creation__rosidl_generator_c
[0.800s] [ 22%] Built target message_creation__rosidl_typesupport_introspection_cpp
[0.801s] [ 35%] Built target message_creation__rosidl_typesupport_introspection_c
[0.801s] [ 41%] Built target message_creation__rosidl_typesupport_cpp
[0.801s] [ 51%] Built target message_creation__rosidl_typesupport_c
[0.803s] [ 54%] [32m[1mLinking CXX shared library libmessage_creation__rosidl_typesupport_fastrtps_cpp.so[0m
[0.865s] [ 61%] Built target message_creation__rosidl_typesupport_fastrtps_cpp
[0.883s] [ 64%] [32m[1mLinking CXX shared library libmessage_creation__rosidl_typesupport_fastrtps_c.so[0m
[0.945s] [ 70%] Built target message_creation__rosidl_typesupport_fastrtps_c
[0.960s] [ 70%] Built target message_creation
[0.974s] [ 74%] Built target message_creation__py
[0.994s] [ 77%] [32m[1mLinking C shared library rosidl_generator_py/message_creation/libmessage_creation__python.so[0m
[1.024s] [ 80%] Built target message_creation__python
[1.044s] [ 83%] [32m[1mLinking C shared library rosidl_generator_py/message_creation/message_creation_s__rosidl_typesupport_c.cpython-38-x86_64-linux-gnu.so[0m
[1.044s] [ 87%] [32m[1mLinking C shared library rosidl_generator_py/message_creation/message_creation_s__rosidl_typesupport_introspection_c.cpython-38-x86_64-linux-gnu.so[0m
[1.044s] [ 90%] [32m[1mLinking CXX shared library rosidl_generator_py/message_creation/message_creation_s__rosidl_typesupport_fastrtps_c.cpython-38-x86_64-linux-gnu.so[0m
[1.076s] [ 93%] Built target message_creation__rosidl_typesupport_c__pyext
[1.077s] [ 96%] Built target message_creation__rosidl_typesupport_introspection_c__pyext
[1.103s] [100%] Built target message_creation__rosidl_typesupport_fastrtps_c__pyext
[1.112s] Invoked command in '/home/magnum/ros2_msg/build/message_creation' returned '0': CMAKE_PREFIX_PATH=${CMAKE_PREFIX_PATH}:/home/magnum/ros2_msg/install/python:/opt/ros/foxy /usr/bin/cmake --build /home/magnum/ros2_msg/build/message_creation -- -j8 -l8
[1.160s] Invoking command in '/home/magnum/ros2_msg/build/message_creation': CMAKE_PREFIX_PATH=${CMAKE_PREFIX_PATH}:/home/magnum/ros2_msg/install/python:/opt/ros/foxy /usr/bin/cmake --install /home/magnum/ros2_msg/build/message_creation
[1.166s] -- Install configuration: ""
[1.167s] -- Execute custom install script
[1.167s] -- Symlinking: /home/magnum/ros2_msg/install/message_creation/share/ament_index/resource_index/rosidl_interfaces/message_creation
[1.174s] -- Symlinking: /home/magnum/ros2_msg/install/message_creation/include/message_creation/msg/creation.h
[1.180s] -- Symlinking: /home/magnum/ros2_msg/install/message_creation/include/message_creation/msg/detail/creation__functions.h
[1.187s] -- Symlinking: /home/magnum/ros2_msg/install/message_creation/include/message_creation/msg/detail/creation__struct.h
[1.194s] -- Symlinking: /home/magnum/ros2_msg/install/message_creation/include/message_creation/msg/detail/creation__type_support.h
[1.201s] -- Symlinking: /home/magnum/ros2_msg/install/message_creation/include/message_creation/msg/rosidl_generator_c__visibility_control.h
[1.208s] -- Symlinking: /home/magnum/ros2_msg/install/message_creation/share/message_creation/environment/library_path.sh
[1.215s] -- Symlinking: /home/magnum/ros2_msg/install/message_creation/share/message_creation/environment/library_path.dsv
[1.223s] -- Symlinking: /home/magnum/ros2_msg/install/message_creation/include/message_creation/msg/detail/creation__rosidl_typesupport_fastrtps_c.h
[1.230s] -- Symlinking: /home/magnum/ros2_msg/install/message_creation/include/message_creation/msg/rosidl_typesupport_fastrtps_c__visibility_control.h
[1.236s] -- Symlinking: /home/magnum/ros2_msg/install/message_creation/lib/libmessage_creation__rosidl_typesupport_fastrtps_c.so
[1.243s] -- Symlinking: /home/magnum/ros2_msg/install/message_creation/include/message_creation/msg/detail/creation__rosidl_typesupport_fastrtps_cpp.hpp
[1.249s] -- Symlinking: /home/magnum/ros2_msg/install/message_creation/include/message_creation/msg/rosidl_typesupport_fastrtps_cpp__visibility_control.h
[1.257s] -- Symlinking: /home/magnum/ros2_msg/install/message_creation/lib/libmessage_creation__rosidl_typesupport_fastrtps_cpp.so
[1.268s] -- Symlinking: /home/magnum/ros2_msg/install/message_creation/include/message_creation/msg/detail/creation__rosidl_typesupport_introspection_c.h
[1.277s] -- Symlinking: /home/magnum/ros2_msg/install/message_creation/include/message_creation/msg/rosidl_typesupport_introspection_c__visibility_control.h
[1.286s] -- Symlinking: /home/magnum/ros2_msg/install/message_creation/include/message_creation/msg/creation.hpp
[1.293s] -- Symlinking: /home/magnum/ros2_msg/install/message_creation/include/message_creation/msg/detail/creation__builder.hpp
[1.300s] -- Symlinking: /home/magnum/ros2_msg/install/message_creation/include/message_creation/msg/detail/creation__struct.hpp
[1.306s] -- Symlinking: /home/magnum/ros2_msg/install/message_creation/include/message_creation/msg/detail/creation__traits.hpp
[1.313s] -- Symlinking: /home/magnum/ros2_msg/install/message_creation/include/message_creation/msg/detail/creation__rosidl_typesupport_introspection_cpp.hpp
[1.320s] -- Symlinking: /home/magnum/ros2_msg/install/message_creation/share/message_creation/environment/pythonpath.sh
[1.326s] -- Symlinking: /home/magnum/ros2_msg/install/message_creation/share/message_creation/environment/pythonpath.dsv
[1.333s] -- Symlinking: /home/magnum/ros2_msg/install/message_creation/lib/python3.8/site-packages/message_creation/__init__.py
[1.340s] -- Symlinking: /home/magnum/ros2_msg/install/message_creation/lib/python3.8/site-packages/message_creation/msg/__init__.py
[1.347s] -- Symlinking: /home/magnum/ros2_msg/install/message_creation/lib/python3.8/site-packages/message_creation/msg/_creation.py
[1.354s] -- Symlinking: /home/magnum/ros2_msg/install/message_creation/lib/python3.8/site-packages/message_creation/message_creation_s__rosidl_typesupport_fastrtps_c.cpython-38-x86_64-linux-gnu.so
[1.361s] -- Symlinking: /home/magnum/ros2_msg/install/message_creation/lib/python3.8/site-packages/message_creation/message_creation_s__rosidl_typesupport_introspection_c.cpython-38-x86_64-linux-gnu.so
[1.369s] -- Symlinking: /home/magnum/ros2_msg/install/message_creation/lib/python3.8/site-packages/message_creation/message_creation_s__rosidl_typesupport_c.cpython-38-x86_64-linux-gnu.so
[1.376s] -- Symlinking: /home/magnum/ros2_msg/install/message_creation/lib/libmessage_creation__python.so
[1.384s] -- Symlinking: /home/magnum/ros2_msg/install/message_creation/share/message_creation/msg/Creation.idl
[1.390s] -- Symlinking: /home/magnum/ros2_msg/install/message_creation/share/message_creation/msg/Creation.msg
[1.398s] -- Symlinking: /home/magnum/ros2_msg/install/message_creation/share/ament_index/resource_index/package_run_dependencies/message_creation
[1.404s] -- Symlinking: /home/magnum/ros2_msg/install/message_creation/share/ament_index/resource_index/parent_prefix_path/message_creation
[1.411s] -- Symlinking: /home/magnum/ros2_msg/install/message_creation/share/message_creation/environment/ament_prefix_path.sh
[1.417s] -- Symlinking: /home/magnum/ros2_msg/install/message_creation/share/message_creation/environment/ament_prefix_path.dsv
[1.426s] -- Symlinking: /home/magnum/ros2_msg/install/message_creation/share/message_creation/environment/path.sh
[1.432s] -- Symlinking: /home/magnum/ros2_msg/install/message_creation/share/message_creation/environment/path.dsv
[1.439s] -- Symlinking: /home/magnum/ros2_msg/install/message_creation/share/message_creation/local_setup.bash
[1.445s] -- Symlinking: /home/magnum/ros2_msg/install/message_creation/share/message_creation/local_setup.sh
[1.452s] -- Symlinking: /home/magnum/ros2_msg/install/message_creation/share/message_creation/local_setup.zsh
[1.460s] -- Symlinking: /home/magnum/ros2_msg/install/message_creation/share/message_creation/local_setup.dsv
[1.466s] -- Symlinking: /home/magnum/ros2_msg/install/message_creation/share/message_creation/package.dsv
[1.473s] -- Symlinking: /home/magnum/ros2_msg/install/message_creation/share/ament_index/resource_index/packages/message_creation
[1.480s] -- Symlinking: /home/magnum/ros2_msg/install/message_creation/share/message_creation/cmake/rosidl_cmake-extras.cmake
[1.487s] -- Symlinking: /home/magnum/ros2_msg/install/message_creation/share/message_creation/cmake/ament_cmake_export_dependencies-extras.cmake
[1.495s] -- Symlinking: /home/magnum/ros2_msg/install/message_creation/share/message_creation/cmake/ament_cmake_export_libraries-extras.cmake
[1.504s] -- Symlinking: /home/magnum/ros2_msg/install/message_creation/share/message_creation/cmake/ament_cmake_export_targets-extras.cmake
[1.514s] -- Symlinking: /home/magnum/ros2_msg/install/message_creation/share/message_creation/cmake/ament_cmake_export_include_directories-extras.cmake
[1.526s] -- Symlinking: /home/magnum/ros2_msg/install/message_creation/share/message_creation/cmake/rosidl_cmake_export_typesupport_libraries-extras.cmake
[1.537s] -- Symlinking: /home/magnum/ros2_msg/install/message_creation/share/message_creation/cmake/rosidl_cmake_export_typesupport_targets-extras.cmake
[1.546s] -- Symlinking: /home/magnum/ros2_msg/install/message_creation/share/message_creation/cmake/message_creationConfig.cmake
[1.554s] -- Symlinking: /home/magnum/ros2_msg/install/message_creation/share/message_creation/cmake/message_creationConfig-version.cmake
[1.561s] -- Symlinking: /home/magnum/ros2_msg/install/message_creation/share/message_creation/package.xml
[1.568s] -- Up-to-date: /home/magnum/ros2_msg/install/message_creation/lib/libmessage_creation__rosidl_generator_c.so
[1.568s] -- Up-to-date: /home/magnum/ros2_msg/install/message_creation/lib/libmessage_creation__rosidl_typesupport_introspection_c.so
[1.568s] -- Up-to-date: /home/magnum/ros2_msg/install/message_creation/lib/libmessage_creation__rosidl_typesupport_c.so
[1.569s] -- Up-to-date: /home/magnum/ros2_msg/install/message_creation/lib/libmessage_creation__rosidl_typesupport_introspection_cpp.so
[1.569s] -- Up-to-date: /home/magnum/ros2_msg/install/message_creation/lib/libmessage_creation__rosidl_typesupport_cpp.so
[1.592s] Compiling '/home/magnum/ros2_msg/install/message_creation/lib/python3.8/site-packages/message_creation/__init__.py'...
[1.595s] -- Up-to-date: /home/magnum/ros2_msg/install/message_creation/share/message_creation/cmake/message_creation__rosidl_generator_cExport.cmake
[1.595s] -- Installing: /home/magnum/ros2_msg/install/message_creation/share/message_creation/cmake/message_creation__rosidl_generator_cExport-noconfig.cmake
[1.595s] -- Up-to-date: /home/magnum/ros2_msg/install/message_creation/share/message_creation/cmake/message_creation__rosidl_typesupport_introspection_cExport.cmake
[1.595s] -- Installing: /home/magnum/ros2_msg/install/message_creation/share/message_creation/cmake/message_creation__rosidl_typesupport_introspection_cExport-noconfig.cmake
[1.596s] -- Up-to-date: /home/magnum/ros2_msg/install/message_creation/share/message_creation/cmake/message_creation__rosidl_typesupport_cExport.cmake
[1.596s] -- Installing: /home/magnum/ros2_msg/install/message_creation/share/message_creation/cmake/message_creation__rosidl_typesupport_cExport-noconfig.cmake
[1.596s] -- Up-to-date: /home/magnum/ros2_msg/install/message_creation/share/message_creation/cmake/message_creation__rosidl_generator_cppExport.cmake
[1.596s] -- Up-to-date: /home/magnum/ros2_msg/install/message_creation/share/message_creation/cmake/message_creation__rosidl_typesupport_introspection_cppExport.cmake
[1.596s] -- Installing: /home/magnum/ros2_msg/install/message_creation/share/message_creation/cmake/message_creation__rosidl_typesupport_introspection_cppExport-noconfig.cmake
[1.596s] -- Up-to-date: /home/magnum/ros2_msg/install/message_creation/share/message_creation/cmake/message_creation__rosidl_typesupport_cppExport.cmake
[1.596s] -- Installing: /home/magnum/ros2_msg/install/message_creation/share/message_creation/cmake/message_creation__rosidl_typesupport_cppExport-noconfig.cmake
[1.599s] Invoked command in '/home/magnum/ros2_msg/build/message_creation' returned '0': CMAKE_PREFIX_PATH=${CMAKE_PREFIX_PATH}:/home/magnum/ros2_msg/install/python:/opt/ros/foxy /usr/bin/cmake --install /home/magnum/ros2_msg/build/message_creation
