[0.185s] DEBUG:colcon:Command line arguments: ['/usr/bin/colcon', 'list', '-p', '--base-paths', '/home/magnum/ros2_msg']
[0.185s] DEBUG:colcon:Parsed command line arguments: Namespace(allow_overriding=[], base_paths=['/home/magnum/ros2_msg'], build_base='build', ignore_user_meta=False, log_base=None, log_level=None, main=<bound method ListVerb.main of <colcon_package_information.verb.list.ListVerb object at 0x7fd2b79d0c10>>, metas=['./colcon.meta'], names_only=False, packages_above=None, packages_above_and_dependencies=None, packages_above_depth=None, packages_end=None, packages_ignore=None, packages_ignore_regex=None, packages_select=None, packages_select_build_failed=False, packages_select_by_dep=None, packages_select_regex=None, packages_select_test_failures=False, packages_skip=None, packages_skip_build_finished=False, packages_skip_by_dep=None, packages_skip_regex=None, packages_skip_test_passed=False, packages_skip_up_to=None, packages_start=None, packages_up_to=None, packages_up_to_regex=None, paths=None, paths_only=True, topological_graph=False, topological_graph_density=False, topological_graph_dot=False, topological_graph_dot_cluster=False, topological_graph_dot_include_skipped=False, topological_graph_legend=False, topological_order=False, verb_extension=<colcon_package_information.verb.list.ListVerb object at 0x7fd2b79d0c10>, verb_name='list', verb_parser=<colcon_defaults.argument_parser.defaults.DefaultArgumentsDecorator object at 0x7fd2b78e9a90>)
[0.222s] Level 1:colcon.colcon_core.package_discovery:discover_packages(colcon_meta) check parameters
[0.222s] Level 1:colcon.colcon_core.package_discovery:discover_packages(recursive) check parameters
[0.222s] Level 1:colcon.colcon_core.package_discovery:discover_packages(ignore) check parameters
[0.222s] Level 1:colcon.colcon_core.package_discovery:discover_packages(path) check parameters
[0.222s] Level 1:colcon.colcon_core.package_discovery:discover_packages(recursive) discover
[0.222s] INFO:colcon.colcon_core.package_discovery:Crawling recursively for packages in '/home/magnum/ros2_msg'
[0.223s] Level 1:colcon.colcon_core.package_identification:_identify(/home/magnum/ros2_msg) by extensions ['ignore', 'ignore_ament_install']
[0.223s] Level 1:colcon.colcon_core.package_identification:_identify(/home/magnum/ros2_msg) by extension 'ignore'
[0.223s] Level 1:colcon.colcon_core.package_identification:_identify(/home/magnum/ros2_msg) by extension 'ignore_ament_install'
[0.223s] Level 1:colcon.colcon_core.package_identification:_identify(/home/magnum/ros2_msg) by extensions ['colcon_pkg']
[0.223s] Level 1:colcon.colcon_core.package_identification:_identify(/home/magnum/ros2_msg) by extension 'colcon_pkg'
[0.223s] Level 1:colcon.colcon_core.package_identification:_identify(/home/magnum/ros2_msg) by extensions ['colcon_meta']
[0.223s] Level 1:colcon.colcon_core.package_identification:_identify(/home/magnum/ros2_msg) by extension 'colcon_meta'
[0.223s] Level 1:colcon.colcon_core.package_identification:_identify(/home/magnum/ros2_msg) by extensions ['ros']
[0.223s] Level 1:colcon.colcon_core.package_identification:_identify(/home/magnum/ros2_msg) by extension 'ros'
[0.239s] Level 1:colcon.colcon_core.package_identification:_identify(/home/magnum/ros2_msg) by extensions ['cmake', 'python']
[0.239s] Level 1:colcon.colcon_core.package_identification:_identify(/home/magnum/ros2_msg) by extension 'cmake'
[0.239s] Level 1:colcon.colcon_core.package_identification:_identify(/home/magnum/ros2_msg) by extension 'python'
[0.239s] Level 1:colcon.colcon_core.package_identification:_identify(/home/magnum/ros2_msg) by extensions ['python_setup_py']
[0.239s] Level 1:colcon.colcon_core.package_identification:_identify(/home/magnum/ros2_msg) by extension 'python_setup_py'
[0.239s] Level 1:colcon.colcon_core.package_identification:_identify(/home/magnum/ros2_msg/build) by extensions ['ignore', 'ignore_ament_install']
[0.240s] Level 1:colcon.colcon_core.package_identification:_identify(/home/magnum/ros2_msg/build) by extension 'ignore'
[0.240s] Level 1:colcon.colcon_core.package_identification:_identify(/home/magnum/ros2_msg/build) ignored
[0.240s] Level 1:colcon.colcon_core.package_identification:_identify(/home/magnum/ros2_msg/install) by extensions ['ignore', 'ignore_ament_install']
[0.240s] Level 1:colcon.colcon_core.package_identification:_identify(/home/magnum/ros2_msg/install) by extension 'ignore'
[0.240s] Level 1:colcon.colcon_core.package_identification:_identify(/home/magnum/ros2_msg/install) ignored
[0.240s] Level 1:colcon.colcon_core.package_identification:_identify(/home/magnum/ros2_msg/log) by extensions ['ignore', 'ignore_ament_install']
[0.240s] Level 1:colcon.colcon_core.package_identification:_identify(/home/magnum/ros2_msg/log) by extension 'ignore'
[0.241s] Level 1:colcon.colcon_core.package_identification:_identify(/home/magnum/ros2_msg/log) ignored
[0.241s] Level 1:colcon.colcon_core.package_identification:_identify(/home/magnum/ros2_msg/src) by extensions ['ignore', 'ignore_ament_install']
[0.241s] Level 1:colcon.colcon_core.package_identification:_identify(/home/magnum/ros2_msg/src) by extension 'ignore'
[0.241s] Level 1:colcon.colcon_core.package_identification:_identify(/home/magnum/ros2_msg/src) by extension 'ignore_ament_install'
[0.241s] Level 1:colcon.colcon_core.package_identification:_identify(/home/magnum/ros2_msg/src) by extensions ['colcon_pkg']
[0.241s] Level 1:colcon.colcon_core.package_identification:_identify(/home/magnum/ros2_msg/src) by extension 'colcon_pkg'
[0.241s] Level 1:colcon.colcon_core.package_identification:_identify(/home/magnum/ros2_msg/src) by extensions ['colcon_meta']
[0.241s] Level 1:colcon.colcon_core.package_identification:_identify(/home/magnum/ros2_msg/src) by extension 'colcon_meta'
[0.241s] Level 1:colcon.colcon_core.package_identification:_identify(/home/magnum/ros2_msg/src) by extensions ['ros']
[0.241s] Level 1:colcon.colcon_core.package_identification:_identify(/home/magnum/ros2_msg/src) by extension 'ros'
[0.241s] Level 1:colcon.colcon_core.package_identification:_identify(/home/magnum/ros2_msg/src) by extensions ['cmake', 'python']
[0.241s] Level 1:colcon.colcon_core.package_identification:_identify(/home/magnum/ros2_msg/src) by extension 'cmake'
[0.241s] Level 1:colcon.colcon_core.package_identification:_identify(/home/magnum/ros2_msg/src) by extension 'python'
[0.241s] Level 1:colcon.colcon_core.package_identification:_identify(/home/magnum/ros2_msg/src) by extensions ['python_setup_py']
[0.241s] Level 1:colcon.colcon_core.package_identification:_identify(/home/magnum/ros2_msg/src) by extension 'python_setup_py'
[0.242s] Level 1:colcon.colcon_core.package_identification:_identify(/home/magnum/ros2_msg/src/ros2_message) by extensions ['ignore', 'ignore_ament_install']
[0.242s] Level 1:colcon.colcon_core.package_identification:_identify(/home/magnum/ros2_msg/src/ros2_message) by extension 'ignore'
[0.242s] Level 1:colcon.colcon_core.package_identification:_identify(/home/magnum/ros2_msg/src/ros2_message) by extension 'ignore_ament_install'
[0.242s] Level 1:colcon.colcon_core.package_identification:_identify(/home/magnum/ros2_msg/src/ros2_message) by extensions ['colcon_pkg']
[0.242s] Level 1:colcon.colcon_core.package_identification:_identify(/home/magnum/ros2_msg/src/ros2_message) by extension 'colcon_pkg'
[0.242s] Level 1:colcon.colcon_core.package_identification:_identify(/home/magnum/ros2_msg/src/ros2_message) by extensions ['colcon_meta']
[0.242s] Level 1:colcon.colcon_core.package_identification:_identify(/home/magnum/ros2_msg/src/ros2_message) by extension 'colcon_meta'
[0.242s] Level 1:colcon.colcon_core.package_identification:_identify(/home/magnum/ros2_msg/src/ros2_message) by extensions ['ros']
[0.242s] Level 1:colcon.colcon_core.package_identification:_identify(/home/magnum/ros2_msg/src/ros2_message) by extension 'ros'
[0.247s] DEBUG:colcon.colcon_core.package_identification:Package '/home/magnum/ros2_msg/src/ros2_message' with type 'ros.ament_cmake' and name 'ros2_message'
[0.247s] Level 1:colcon.colcon_core.package_discovery:discover_packages(recursive) using defaults
