-- Found ament_cmake: 0.9.11 (/opt/ros/foxy/share/ament_cmake/cmake)
-- Using PYTHON_EXECUTABLE: /usr/bin/python3
-- Found rclcpp: 2.4.2 (/opt/ros/foxy/share/rclcpp/cmake)
-- Using all available rosidl_typesupport_c: rosidl_typesupport_fastrtps_c;rosidl_typesupport_introspection_c
-- Found rosidl_adapter: 1.3.0 (/opt/ros/foxy/share/rosidl_adapter/cmake)
-- Using all available rosidl_typesupport_cpp: rosidl_typesupport_fastrtps_cpp;rosidl_typesupport_introspection_cpp
-- Found rmw_implementation_cmake: 1.0.3 (/opt/ros/foxy/share/rmw_implementation_cmake/cmake)
-- Using RMW implementation 'rmw_fastrtps_cpp' as default
-- Found rosidl_default_generators: 1.0.1 (/opt/ros/foxy/share/rosidl_default_generators/cmake)
-- Found ament_lint_auto: 0.9.7 (/opt/ros/foxy/share/ament_lint_auto/cmake)
-- Found PythonInterp: /usr/bin/python3 (found version "3.8.10") 
-- Found ament_cmake_ros: 0.9.2 (/opt/ros/foxy/share/ament_cmake_ros/cmake)
-- Using all available rosidl_typesupport_c: rosidl_typesupport_fastrtps_c;rosidl_typesupport_introspection_c
-- Using all available rosidl_typesupport_cpp: rosidl_typesupport_fastrtps_cpp;rosidl_typesupport_introspection_cpp
-- Found PythonInterp: /usr/bin/python3 (found suitable version "3.8.10", minimum required is "3.5") 
-- Found python_cmake_module: 0.8.1 (/opt/ros/foxy/share/python_cmake_module/cmake)
-- Found PythonLibs: /usr/lib/x86_64-linux-gnu/libpython3.8.so (found suitable version "3.8.10", minimum required is "3.5") 
-- Using PYTHON_EXECUTABLE: /usr/bin/python3
-- Using PYTHON_INCLUDE_DIRS: /usr/include/python3.8
-- Using PYTHON_LIBRARIES: /usr/lib/x86_64-linux-gnu/libpython3.8.so
-- Found PythonExtra: .so  
-- Added test 'copyright' to check source files copyright and LICENSE
-- Added test 'lint_cmake' to check CMake code style
-- Added test 'xmllint' to check XML markup files
-- Configuring done
-- Generating done
-- Build files have been written to: /home/magnum/ros2_msg/build/message_creation
[  3%] [34m[1mGenerating C code for ROS interfaces[0m
[35m[1mScanning dependencies of target message_creation__cpp[0m
[  6%] [34m[1mGenerating C++ code for ROS interfaces[0m
[35m[1mScanning dependencies of target message_creation__rosidl_generator_c[0m
[  6%] Built target message_creation__cpp
[  9%] [32mBuilding C object CMakeFiles/message_creation__rosidl_generator_c.dir/rosidl_generator_c/message_creation/msg/detail/creation__functions.c.o[0m
[ 12%] [34m[1mGenerating C++ type support dispatch for ROS interfaces[0m
[ 16%] [34m[1mGenerating C++ introspection for ROS interfaces[0m
[ 19%] [34m[1mGenerating C++ type support for eProsima Fast-RTPS[0m
[ 22%] [32m[1mLinking C shared library libmessage_creation__rosidl_generator_c.so[0m
[ 22%] Built target message_creation__rosidl_generator_c
[ 29%] [34m[1mGenerating C type support dispatch for ROS interfaces[0m
[ 29%] [34m[1mGenerating C introspection for ROS interfaces[0m
[35m[1mScanning dependencies of target message_creation__rosidl_typesupport_introspection_cpp[0m
[35m[1mScanning dependencies of target message_creation__rosidl_typesupport_fastrtps_cpp[0m
[ 32%] [32mBuilding CXX object CMakeFiles/message_creation__rosidl_typesupport_introspection_cpp.dir/rosidl_typesupport_introspection_cpp/message_creation/msg/detail/creation__type_support.cpp.o[0m
[ 35%] [32mBuilding CXX object CMakeFiles/message_creation__rosidl_typesupport_fastrtps_cpp.dir/rosidl_typesupport_fastrtps_cpp/message_creation/msg/detail/dds_fastrtps/creation__type_support.cpp.o[0m
[35m[1mScanning dependencies of target message_creation__rosidl_typesupport_cpp[0m
[ 38%] [32mBuilding CXX object CMakeFiles/message_creation__rosidl_typesupport_cpp.dir/rosidl_typesupport_cpp/message_creation/msg/creation__type_support.cpp.o[0m
[35m[1mScanning dependencies of target message_creation__rosidl_typesupport_introspection_c[0m
[ 41%] [32mBuilding C object CMakeFiles/message_creation__rosidl_typesupport_introspection_c.dir/rosidl_typesupport_introspection_c/message_creation/msg/detail/creation__type_support.c.o[0m
[ 45%] [32m[1mLinking C shared library libmessage_creation__rosidl_typesupport_introspection_c.so[0m
[ 45%] Built target message_creation__rosidl_typesupport_introspection_c
[35m[1mScanning dependencies of target message_creation__rosidl_typesupport_c[0m
[ 48%] [32mBuilding CXX object CMakeFiles/message_creation__rosidl_typesupport_c.dir/rosidl_typesupport_c/message_creation/msg/creation__type_support.cpp.o[0m
[ 51%] [32m[1mLinking CXX shared library libmessage_creation__rosidl_typesupport_c.so[0m
[ 51%] Built target message_creation__rosidl_typesupport_c
[ 54%] [32m[1mLinking CXX shared library libmessage_creation__rosidl_typesupport_introspection_cpp.so[0m
[ 54%] Built target message_creation__rosidl_typesupport_introspection_cpp
[ 58%] [32m[1mLinking CXX shared library libmessage_creation__rosidl_typesupport_cpp.so[0m
[ 58%] Built target message_creation__rosidl_typesupport_cpp
[ 61%] [32m[1mLinking CXX shared library libmessage_creation__rosidl_typesupport_fastrtps_cpp.so[0m
[ 61%] Built target message_creation__rosidl_typesupport_fastrtps_cpp
[ 64%] [34m[1mGenerating C type support for eProsima Fast-RTPS[0m
[35m[1mScanning dependencies of target message_creation__rosidl_typesupport_fastrtps_c[0m
[ 67%] [32mBuilding CXX object CMakeFiles/message_creation__rosidl_typesupport_fastrtps_c.dir/rosidl_typesupport_fastrtps_c/message_creation/msg/detail/creation__type_support_c.cpp.o[0m
[ 70%] [32m[1mLinking CXX shared library libmessage_creation__rosidl_typesupport_fastrtps_c.so[0m
[ 70%] Built target message_creation__rosidl_typesupport_fastrtps_c
[35m[1mScanning dependencies of target message_creation[0m
[ 70%] Built target message_creation
[35m[1mScanning dependencies of target message_creation__py[0m
[ 74%] [34m[1mGenerating Python code for ROS interfaces[0m
[ 74%] Built target message_creation__py
[35m[1mScanning dependencies of target message_creation__python[0m
[ 77%] [32mBuilding C object CMakeFiles/message_creation__python.dir/rosidl_generator_py/message_creation/msg/_creation_s.c.o[0m
[ 80%] [32m[1mLinking C shared library rosidl_generator_py/message_creation/libmessage_creation__python.so[0m
[ 80%] Built target message_creation__python
[35m[1mScanning dependencies of target message_creation__rosidl_typesupport_c__pyext[0m
[35m[1mScanning dependencies of target message_creation__rosidl_typesupport_introspection_c__pyext[0m
[35m[1mScanning dependencies of target message_creation__rosidl_typesupport_fastrtps_c__pyext[0m
[ 83%] [32mBuilding C object CMakeFiles/message_creation__rosidl_typesupport_introspection_c__pyext.dir/rosidl_generator_py/message_creation/_message_creation_s.ep.rosidl_typesupport_introspection_c.c.o[0m
[ 90%] [32mBuilding C object CMakeFiles/message_creation__rosidl_typesupport_c__pyext.dir/rosidl_generator_py/message_creation/_message_creation_s.ep.rosidl_typesupport_c.c.o[0m
[ 90%] [32mBuilding C object CMakeFiles/message_creation__rosidl_typesupport_fastrtps_c__pyext.dir/rosidl_generator_py/message_creation/_message_creation_s.ep.rosidl_typesupport_fastrtps_c.c.o[0m
[ 96%] [32m[1mLinking C shared library rosidl_generator_py/message_creation/message_creation_s__rosidl_typesupport_introspection_c.cpython-38-x86_64-linux-gnu.so[0m
[ 96%] [32m[1mLinking C shared library rosidl_generator_py/message_creation/message_creation_s__rosidl_typesupport_c.cpython-38-x86_64-linux-gnu.so[0m
[100%] [32m[1mLinking CXX shared library rosidl_generator_py/message_creation/message_creation_s__rosidl_typesupport_fastrtps_c.cpython-38-x86_64-linux-gnu.so[0m
[100%] Built target message_creation__rosidl_typesupport_c__pyext
[100%] Built target message_creation__rosidl_typesupport_introspection_c__pyext
[100%] Built target message_creation__rosidl_typesupport_fastrtps_c__pyext
-- Install configuration: ""
-- Installing: /home/magnum/ros2_msg/install/message_creation/share/ament_index/resource_index/rosidl_interfaces/message_creation
-- Installing: /home/magnum/ros2_msg/install/message_creation/include/message_creation
-- Installing: /home/magnum/ros2_msg/install/message_creation/include/message_creation/msg
-- Installing: /home/magnum/ros2_msg/install/message_creation/include/message_creation/msg/detail
-- Installing: /home/magnum/ros2_msg/install/message_creation/include/message_creation/msg/detail/creation__functions.c
-- Installing: /home/magnum/ros2_msg/install/message_creation/include/message_creation/msg/detail/creation__functions.h
-- Installing: /home/magnum/ros2_msg/install/message_creation/include/message_creation/msg/detail/creation__struct.h
-- Installing: /home/magnum/ros2_msg/install/message_creation/include/message_creation/msg/detail/creation__type_support.h
-- Installing: /home/magnum/ros2_msg/install/message_creation/include/message_creation/msg/creation.h
-- Installing: /home/magnum/ros2_msg/install/message_creation/include/message_creation/msg/rosidl_generator_c__visibility_control.h
-- Installing: /home/magnum/ros2_msg/install/message_creation/share/message_creation/environment/library_path.sh
-- Installing: /home/magnum/ros2_msg/install/message_creation/share/message_creation/environment/library_path.dsv
-- Installing: /home/magnum/ros2_msg/install/message_creation/lib/libmessage_creation__rosidl_generator_c.so
-- Set runtime path of "/home/magnum/ros2_msg/install/message_creation/lib/libmessage_creation__rosidl_generator_c.so" to ""
-- Up-to-date: /home/magnum/ros2_msg/install/message_creation/include/message_creation
-- Up-to-date: /home/magnum/ros2_msg/install/message_creation/include/message_creation/msg
-- Installing: /home/magnum/ros2_msg/install/message_creation/include/message_creation/msg/rosidl_typesupport_fastrtps_c__visibility_control.h
-- Up-to-date: /home/magnum/ros2_msg/install/message_creation/include/message_creation/msg/detail
-- Installing: /home/magnum/ros2_msg/install/message_creation/include/message_creation/msg/detail/creation__rosidl_typesupport_fastrtps_c.h
-- Installing: /home/magnum/ros2_msg/install/message_creation/lib/libmessage_creation__rosidl_typesupport_fastrtps_c.so
-- Set runtime path of "/home/magnum/ros2_msg/install/message_creation/lib/libmessage_creation__rosidl_typesupport_fastrtps_c.so" to ""
-- Up-to-date: /home/magnum/ros2_msg/install/message_creation/include/message_creation
-- Up-to-date: /home/magnum/ros2_msg/install/message_creation/include/message_creation/msg
-- Up-to-date: /home/magnum/ros2_msg/install/message_creation/include/message_creation/msg/detail
-- Installing: /home/magnum/ros2_msg/install/message_creation/include/message_creation/msg/detail/creation__rosidl_typesupport_fastrtps_cpp.hpp
-- Installing: /home/magnum/ros2_msg/install/message_creation/include/message_creation/msg/detail/dds_fastrtps
-- Installing: /home/magnum/ros2_msg/install/message_creation/include/message_creation/msg/rosidl_typesupport_fastrtps_cpp__visibility_control.h
-- Installing: /home/magnum/ros2_msg/install/message_creation/lib/libmessage_creation__rosidl_typesupport_fastrtps_cpp.so
-- Set runtime path of "/home/magnum/ros2_msg/install/message_creation/lib/libmessage_creation__rosidl_typesupport_fastrtps_cpp.so" to ""
-- Up-to-date: /home/magnum/ros2_msg/install/message_creation/include/message_creation
-- Up-to-date: /home/magnum/ros2_msg/install/message_creation/include/message_creation/msg
-- Installing: /home/magnum/ros2_msg/install/message_creation/include/message_creation/msg/rosidl_typesupport_introspection_c__visibility_control.h
-- Up-to-date: /home/magnum/ros2_msg/install/message_creation/include/message_creation/msg/detail
-- Installing: /home/magnum/ros2_msg/install/message_creation/include/message_creation/msg/detail/creation__rosidl_typesupport_introspection_c.h
-- Installing: /home/magnum/ros2_msg/install/message_creation/include/message_creation/msg/detail/creation__type_support.c
-- Installing: /home/magnum/ros2_msg/install/message_creation/lib/libmessage_creation__rosidl_typesupport_introspection_c.so
-- Set runtime path of "/home/magnum/ros2_msg/install/message_creation/lib/libmessage_creation__rosidl_typesupport_introspection_c.so" to ""
-- Installing: /home/magnum/ros2_msg/install/message_creation/lib/libmessage_creation__rosidl_typesupport_c.so
-- Set runtime path of "/home/magnum/ros2_msg/install/message_creation/lib/libmessage_creation__rosidl_typesupport_c.so" to ""
-- Up-to-date: /home/magnum/ros2_msg/install/message_creation/include/message_creation
-- Up-to-date: /home/magnum/ros2_msg/install/message_creation/include/message_creation/msg
-- Installing: /home/magnum/ros2_msg/install/message_creation/include/message_creation/msg/creation.hpp
-- Up-to-date: /home/magnum/ros2_msg/install/message_creation/include/message_creation/msg/detail
-- Installing: /home/magnum/ros2_msg/install/message_creation/include/message_creation/msg/detail/creation__builder.hpp
-- Installing: /home/magnum/ros2_msg/install/message_creation/include/message_creation/msg/detail/creation__traits.hpp
-- Installing: /home/magnum/ros2_msg/install/message_creation/include/message_creation/msg/detail/creation__struct.hpp
-- Up-to-date: /home/magnum/ros2_msg/install/message_creation/include/message_creation
-- Up-to-date: /home/magnum/ros2_msg/install/message_creation/include/message_creation/msg
-- Up-to-date: /home/magnum/ros2_msg/install/message_creation/include/message_creation/msg/detail
-- Installing: /home/magnum/ros2_msg/install/message_creation/include/message_creation/msg/detail/creation__type_support.cpp
-- Installing: /home/magnum/ros2_msg/install/message_creation/include/message_creation/msg/detail/creation__rosidl_typesupport_introspection_cpp.hpp
-- Installing: /home/magnum/ros2_msg/install/message_creation/lib/libmessage_creation__rosidl_typesupport_introspection_cpp.so
-- Set runtime path of "/home/magnum/ros2_msg/install/message_creation/lib/libmessage_creation__rosidl_typesupport_introspection_cpp.so" to ""
-- Installing: /home/magnum/ros2_msg/install/message_creation/lib/libmessage_creation__rosidl_typesupport_cpp.so
-- Set runtime path of "/home/magnum/ros2_msg/install/message_creation/lib/libmessage_creation__rosidl_typesupport_cpp.so" to ""
-- Installing: /home/magnum/ros2_msg/install/message_creation/share/message_creation/environment/pythonpath.sh
-- Installing: /home/magnum/ros2_msg/install/message_creation/share/message_creation/environment/pythonpath.dsv
-- Installing: /home/magnum/ros2_msg/install/message_creation/lib/python3.8/site-packages/message_creation/__init__.py
Compiling '/home/magnum/ros2_msg/install/message_creation/lib/python3.8/site-packages/message_creation/__init__.py'...
-- Installing: /home/magnum/ros2_msg/install/message_creation/lib/python3.8/site-packages/message_creation/msg
-- Installing: /home/magnum/ros2_msg/install/message_creation/lib/python3.8/site-packages/message_creation/msg/_creation.py
-- Installing: /home/magnum/ros2_msg/install/message_creation/lib/python3.8/site-packages/message_creation/msg/__init__.py
-- Installing: /home/magnum/ros2_msg/install/message_creation/lib/python3.8/site-packages/message_creation/msg/_creation_s.c
-- Installing: /home/magnum/ros2_msg/install/message_creation/lib/python3.8/site-packages/message_creation/message_creation_s__rosidl_typesupport_fastrtps_c.cpython-38-x86_64-linux-gnu.so
-- Set runtime path of "/home/magnum/ros2_msg/install/message_creation/lib/python3.8/site-packages/message_creation/message_creation_s__rosidl_typesupport_fastrtps_c.cpython-38-x86_64-linux-gnu.so" to ""
-- Installing: /home/magnum/ros2_msg/install/message_creation/lib/python3.8/site-packages/message_creation/message_creation_s__rosidl_typesupport_introspection_c.cpython-38-x86_64-linux-gnu.so
-- Set runtime path of "/home/magnum/ros2_msg/install/message_creation/lib/python3.8/site-packages/message_creation/message_creation_s__rosidl_typesupport_introspection_c.cpython-38-x86_64-linux-gnu.so" to ""
-- Installing: /home/magnum/ros2_msg/install/message_creation/lib/python3.8/site-packages/message_creation/message_creation_s__rosidl_typesupport_c.cpython-38-x86_64-linux-gnu.so
-- Set runtime path of "/home/magnum/ros2_msg/install/message_creation/lib/python3.8/site-packages/message_creation/message_creation_s__rosidl_typesupport_c.cpython-38-x86_64-linux-gnu.so" to ""
-- Installing: /home/magnum/ros2_msg/install/message_creation/lib/libmessage_creation__python.so
-- Set runtime path of "/home/magnum/ros2_msg/install/message_creation/lib/libmessage_creation__python.so" to ""
-- Installing: /home/magnum/ros2_msg/install/message_creation/share/message_creation/msg/Creation.idl
-- Installing: /home/magnum/ros2_msg/install/message_creation/share/message_creation/msg/Creation.msg
-- Installing: /home/magnum/ros2_msg/install/message_creation/share/ament_index/resource_index/package_run_dependencies/message_creation
-- Installing: /home/magnum/ros2_msg/install/message_creation/share/ament_index/resource_index/parent_prefix_path/message_creation
-- Installing: /home/magnum/ros2_msg/install/message_creation/share/message_creation/environment/ament_prefix_path.sh
-- Installing: /home/magnum/ros2_msg/install/message_creation/share/message_creation/environment/ament_prefix_path.dsv
-- Installing: /home/magnum/ros2_msg/install/message_creation/share/message_creation/environment/path.sh
-- Installing: /home/magnum/ros2_msg/install/message_creation/share/message_creation/environment/path.dsv
-- Installing: /home/magnum/ros2_msg/install/message_creation/share/message_creation/local_setup.bash
-- Installing: /home/magnum/ros2_msg/install/message_creation/share/message_creation/local_setup.sh
-- Installing: /home/magnum/ros2_msg/install/message_creation/share/message_creation/local_setup.zsh
-- Installing: /home/magnum/ros2_msg/install/message_creation/share/message_creation/local_setup.dsv
-- Installing: /home/magnum/ros2_msg/install/message_creation/share/message_creation/package.dsv
-- Installing: /home/magnum/ros2_msg/install/message_creation/share/ament_index/resource_index/packages/message_creation
-- Installing: /home/magnum/ros2_msg/install/message_creation/share/message_creation/cmake/message_creation__rosidl_generator_cExport.cmake
-- Installing: /home/magnum/ros2_msg/install/message_creation/share/message_creation/cmake/message_creation__rosidl_generator_cExport-noconfig.cmake
-- Installing: /home/magnum/ros2_msg/install/message_creation/share/message_creation/cmake/message_creation__rosidl_typesupport_introspection_cExport.cmake
-- Installing: /home/magnum/ros2_msg/install/message_creation/share/message_creation/cmake/message_creation__rosidl_typesupport_introspection_cExport-noconfig.cmake
-- Installing: /home/magnum/ros2_msg/install/message_creation/share/message_creation/cmake/message_creation__rosidl_typesupport_cExport.cmake
-- Installing: /home/magnum/ros2_msg/install/message_creation/share/message_creation/cmake/message_creation__rosidl_typesupport_cExport-noconfig.cmake
-- Installing: /home/magnum/ros2_msg/install/message_creation/share/message_creation/cmake/message_creation__rosidl_generator_cppExport.cmake
-- Installing: /home/magnum/ros2_msg/install/message_creation/share/message_creation/cmake/message_creation__rosidl_typesupport_introspection_cppExport.cmake
-- Installing: /home/magnum/ros2_msg/install/message_creation/share/message_creation/cmake/message_creation__rosidl_typesupport_introspection_cppExport-noconfig.cmake
-- Installing: /home/magnum/ros2_msg/install/message_creation/share/message_creation/cmake/message_creation__rosidl_typesupport_cppExport.cmake
-- Installing: /home/magnum/ros2_msg/install/message_creation/share/message_creation/cmake/message_creation__rosidl_typesupport_cppExport-noconfig.cmake
-- Installing: /home/magnum/ros2_msg/install/message_creation/share/message_creation/cmake/rosidl_cmake-extras.cmake
-- Installing: /home/magnum/ros2_msg/install/message_creation/share/message_creation/cmake/ament_cmake_export_dependencies-extras.cmake
-- Installing: /home/magnum/ros2_msg/install/message_creation/share/message_creation/cmake/ament_cmake_export_libraries-extras.cmake
-- Installing: /home/magnum/ros2_msg/install/message_creation/share/message_creation/cmake/ament_cmake_export_targets-extras.cmake
-- Installing: /home/magnum/ros2_msg/install/message_creation/share/message_creation/cmake/ament_cmake_export_include_directories-extras.cmake
-- Installing: /home/magnum/ros2_msg/install/message_creation/share/message_creation/cmake/rosidl_cmake_export_typesupport_libraries-extras.cmake
-- Installing: /home/magnum/ros2_msg/install/message_creation/share/message_creation/cmake/rosidl_cmake_export_typesupport_targets-extras.cmake
-- Installing: /home/magnum/ros2_msg/install/message_creation/share/message_creation/cmake/message_creationConfig.cmake
-- Installing: /home/magnum/ros2_msg/install/message_creation/share/message_creation/cmake/message_creationConfig-version.cmake
-- Installing: /home/magnum/ros2_msg/install/message_creation/share/message_creation/package.xml
