[0.016s] Invoking command in '/home/magnum/ros2_msg/build/message_creation': CMAKE_PREFIX_PATH=${CMAKE_PREFIX_PATH}:/home/magnum/ros2_msg/install/python:/opt/ros/foxy /usr/bin/cmake /home/magnum/ros2_msg/src/message_creation -DCMAKE_INSTALL_PREFIX=/home/magnum/ros2_msg/install/message_creation
[0.027s] -- Found ament_cmake: 0.9.11 (/opt/ros/foxy/share/ament_cmake/cmake)
[0.045s] -- Using PYTHON_EXECUTABLE: /usr/bin/python3
[0.210s] -- Found rclcpp: 2.4.2 (/opt/ros/foxy/share/rclcpp/cmake)
[0.237s] -- Using all available rosidl_typesupport_c: rosidl_typesupport_fastrtps_c;rosidl_typesupport_introspection_c
[0.240s] -- Found rosidl_adapter: 1.3.0 (/opt/ros/foxy/share/rosidl_adapter/cmake)
[0.348s] -- Using all available rosidl_typesupport_cpp: rosidl_typesupport_fastrtps_cpp;rosidl_typesupport_introspection_cpp
[0.383s] -- Found rmw_implementation_cmake: 1.0.3 (/opt/ros/foxy/share/rmw_implementation_cmake/cmake)
[0.384s] -- Using RMW implementation 'rmw_fastrtps_cpp' as default
[0.486s] -- Found rosidl_default_generators: 1.0.1 (/opt/ros/foxy/share/rosidl_default_generators/cmake)
[0.503s] -- Found ament_lint_auto: 0.9.7 (/opt/ros/foxy/share/ament_lint_auto/cmake)
[0.582s] -- Found PythonInterp: /usr/bin/python3 (found version "3.8.10") 
[0.629s] -- Found ament_cmake_ros: 0.9.2 (/opt/ros/foxy/share/ament_cmake_ros/cmake)
[0.714s] -- Using all available rosidl_typesupport_c: rosidl_typesupport_fastrtps_c;rosidl_typesupport_introspection_c
[0.723s] -- Using all available rosidl_typesupport_cpp: rosidl_typesupport_fastrtps_cpp;rosidl_typesupport_introspection_cpp
[0.740s] -- Found PythonInterp: /usr/bin/python3 (found suitable version "3.8.10", minimum required is "3.5") 
[0.742s] -- Found python_cmake_module: 0.8.1 (/opt/ros/foxy/share/python_cmake_module/cmake)
[0.762s] -- Found PythonLibs: /usr/lib/x86_64-linux-gnu/libpython3.8.so (found suitable version "3.8.10", minimum required is "3.5") 
[0.762s] -- Using PYTHON_EXECUTABLE: /usr/bin/python3
[0.762s] -- Using PYTHON_INCLUDE_DIRS: /usr/include/python3.8
[0.762s] -- Using PYTHON_LIBRARIES: /usr/lib/x86_64-linux-gnu/libpython3.8.so
[0.778s] -- Found PythonExtra: .so  
[0.819s] -- Added test 'copyright' to check source files copyright and LICENSE
[0.820s] -- Added test 'lint_cmake' to check CMake code style
[0.822s] -- Added test 'xmllint' to check XML markup files
[0.827s] -- Configuring done
[0.853s] -- Generating done
[0.854s] -- Build files have been written to: /home/magnum/ros2_msg/build/message_creation
[0.861s] Invoked command in '/home/magnum/ros2_msg/build/message_creation' returned '0': CMAKE_PREFIX_PATH=${CMAKE_PREFIX_PATH}:/home/magnum/ros2_msg/install/python:/opt/ros/foxy /usr/bin/cmake /home/magnum/ros2_msg/src/message_creation -DCMAKE_INSTALL_PREFIX=/home/magnum/ros2_msg/install/message_creation
[0.863s] Invoking command in '/home/magnum/ros2_msg/build/message_creation': CMAKE_PREFIX_PATH=${CMAKE_PREFIX_PATH}:/home/magnum/ros2_msg/install/python:/opt/ros/foxy /usr/bin/cmake --build /home/magnum/ros2_msg/build/message_creation -- -j8 -l8
[0.892s] [  3%] [34m[1mGenerating C code for ROS interfaces[0m
[0.893s] [35m[1mScanning dependencies of target message_creation__cpp[0m
[0.900s] [  6%] [34m[1mGenerating C++ code for ROS interfaces[0m
[1.067s] [35m[1mScanning dependencies of target message_creation__rosidl_generator_c[0m
[1.072s] [  6%] Built target message_creation__cpp
[1.077s] [  9%] [32mBuilding C object CMakeFiles/message_creation__rosidl_generator_c.dir/rosidl_generator_c/message_creation/msg/detail/creation__functions.c.o[0m
[1.080s] [ 12%] [34m[1mGenerating C++ type support dispatch for ROS interfaces[0m
[1.083s] [ 16%] [34m[1mGenerating C++ introspection for ROS interfaces[0m
[1.084s] [ 19%] [34m[1mGenerating C++ type support for eProsima Fast-RTPS[0m
[1.124s] [ 22%] [32m[1mLinking C shared library libmessage_creation__rosidl_generator_c.so[0m
[1.152s] [ 22%] Built target message_creation__rosidl_generator_c
[1.162s] [ 29%] [34m[1mGenerating C type support dispatch for ROS interfaces[0m
[1.162s] [ 29%] [34m[1mGenerating C introspection for ROS interfaces[0m
[1.250s] [35m[1mScanning dependencies of target message_creation__rosidl_typesupport_introspection_cpp[0m
[1.255s] [35m[1mScanning dependencies of target message_creation__rosidl_typesupport_fastrtps_cpp[0m
[1.260s] [ 32%] [32mBuilding CXX object CMakeFiles/message_creation__rosidl_typesupport_introspection_cpp.dir/rosidl_typesupport_introspection_cpp/message_creation/msg/detail/creation__type_support.cpp.o[0m
[1.270s] [ 35%] [32mBuilding CXX object CMakeFiles/message_creation__rosidl_typesupport_fastrtps_cpp.dir/rosidl_typesupport_fastrtps_cpp/message_creation/msg/detail/dds_fastrtps/creation__type_support.cpp.o[0m
[1.282s] [35m[1mScanning dependencies of target message_creation__rosidl_typesupport_cpp[0m
[1.295s] [ 38%] [32mBuilding CXX object CMakeFiles/message_creation__rosidl_typesupport_cpp.dir/rosidl_typesupport_cpp/message_creation/msg/creation__type_support.cpp.o[0m
[1.329s] [35m[1mScanning dependencies of target message_creation__rosidl_typesupport_introspection_c[0m
[1.341s] [ 41%] [32mBuilding C object CMakeFiles/message_creation__rosidl_typesupport_introspection_c.dir/rosidl_typesupport_introspection_c/message_creation/msg/detail/creation__type_support.c.o[0m
[1.365s] [ 45%] [32m[1mLinking C shared library libmessage_creation__rosidl_typesupport_introspection_c.so[0m
[1.387s] [ 45%] Built target message_creation__rosidl_typesupport_introspection_c
[1.393s] [35m[1mScanning dependencies of target message_creation__rosidl_typesupport_c[0m
[1.402s] [ 48%] [32mBuilding CXX object CMakeFiles/message_creation__rosidl_typesupport_c.dir/rosidl_typesupport_c/message_creation/msg/creation__type_support.cpp.o[0m
[1.425s] [ 51%] [32m[1mLinking CXX shared library libmessage_creation__rosidl_typesupport_c.so[0m
[1.455s] [ 51%] Built target message_creation__rosidl_typesupport_c
[1.470s] [ 54%] [32m[1mLinking CXX shared library libmessage_creation__rosidl_typesupport_introspection_cpp.so[0m
[1.517s] [ 54%] Built target message_creation__rosidl_typesupport_introspection_cpp
[1.532s] [ 58%] [32m[1mLinking CXX shared library libmessage_creation__rosidl_typesupport_cpp.so[0m
[1.559s] [ 58%] Built target message_creation__rosidl_typesupport_cpp
[1.578s] [ 61%] [32m[1mLinking CXX shared library libmessage_creation__rosidl_typesupport_fastrtps_cpp.so[0m
[1.655s] [ 61%] Built target message_creation__rosidl_typesupport_fastrtps_cpp
[1.664s] [ 64%] [34m[1mGenerating C type support for eProsima Fast-RTPS[0m
[1.809s] [35m[1mScanning dependencies of target message_creation__rosidl_typesupport_fastrtps_c[0m
[1.820s] [ 67%] [32mBuilding CXX object CMakeFiles/message_creation__rosidl_typesupport_fastrtps_c.dir/rosidl_typesupport_fastrtps_c/message_creation/msg/detail/creation__type_support_c.cpp.o[0m
[2.039s] [ 70%] [32m[1mLinking CXX shared library libmessage_creation__rosidl_typesupport_fastrtps_c.so[0m
[2.098s] [ 70%] Built target message_creation__rosidl_typesupport_fastrtps_c
[2.105s] [35m[1mScanning dependencies of target message_creation[0m
[2.112s] [ 70%] Built target message_creation
[2.120s] [35m[1mScanning dependencies of target message_creation__py[0m
[2.128s] [ 74%] [34m[1mGenerating Python code for ROS interfaces[0m
[2.368s] [ 74%] Built target message_creation__py
[2.375s] [35m[1mScanning dependencies of target message_creation__python[0m
[2.389s] [ 77%] [32mBuilding C object CMakeFiles/message_creation__python.dir/rosidl_generator_py/message_creation/msg/_creation_s.c.o[0m
[2.448s] [ 80%] [32m[1mLinking C shared library rosidl_generator_py/message_creation/libmessage_creation__python.so[0m
[2.477s] [ 80%] Built target message_creation__python
[2.484s] [35m[1mScanning dependencies of target message_creation__rosidl_typesupport_c__pyext[0m
[2.484s] [35m[1mScanning dependencies of target message_creation__rosidl_typesupport_introspection_c__pyext[0m
[2.484s] [35m[1mScanning dependencies of target message_creation__rosidl_typesupport_fastrtps_c__pyext[0m
[2.496s] [ 83%] [32mBuilding C object CMakeFiles/message_creation__rosidl_typesupport_introspection_c__pyext.dir/rosidl_generator_py/message_creation/_message_creation_s.ep.rosidl_typesupport_introspection_c.c.o[0m
[2.498s] [ 90%] [32mBuilding C object CMakeFiles/message_creation__rosidl_typesupport_c__pyext.dir/rosidl_generator_py/message_creation/_message_creation_s.ep.rosidl_typesupport_c.c.o[0m
[2.498s] [ 90%] [32mBuilding C object CMakeFiles/message_creation__rosidl_typesupport_fastrtps_c__pyext.dir/rosidl_generator_py/message_creation/_message_creation_s.ep.rosidl_typesupport_fastrtps_c.c.o[0m
[2.553s] [ 96%] [32m[1mLinking C shared library rosidl_generator_py/message_creation/message_creation_s__rosidl_typesupport_introspection_c.cpython-38-x86_64-linux-gnu.so[0m
[2.553s] [ 96%] [32m[1mLinking C shared library rosidl_generator_py/message_creation/message_creation_s__rosidl_typesupport_c.cpython-38-x86_64-linux-gnu.so[0m
[2.553s] [100%] [32m[1mLinking CXX shared library rosidl_generator_py/message_creation/message_creation_s__rosidl_typesupport_fastrtps_c.cpython-38-x86_64-linux-gnu.so[0m
[2.578s] [100%] Built target message_creation__rosidl_typesupport_c__pyext
[2.578s] [100%] Built target message_creation__rosidl_typesupport_introspection_c__pyext
[2.599s] [100%] Built target message_creation__rosidl_typesupport_fastrtps_c__pyext
[2.607s] Invoked command in '/home/magnum/ros2_msg/build/message_creation' returned '0': CMAKE_PREFIX_PATH=${CMAKE_PREFIX_PATH}:/home/magnum/ros2_msg/install/python:/opt/ros/foxy /usr/bin/cmake --build /home/magnum/ros2_msg/build/message_creation -- -j8 -l8
[2.643s] Invoking command in '/home/magnum/ros2_msg/build/message_creation': CMAKE_PREFIX_PATH=${CMAKE_PREFIX_PATH}:/home/magnum/ros2_msg/install/python:/opt/ros/foxy /usr/bin/cmake --install /home/magnum/ros2_msg/build/message_creation
[2.650s] -- Install configuration: ""
[2.650s] -- Installing: /home/magnum/ros2_msg/install/message_creation/share/ament_index/resource_index/rosidl_interfaces/message_creation
[2.650s] -- Installing: /home/magnum/ros2_msg/install/message_creation/include/message_creation
[2.650s] -- Installing: /home/magnum/ros2_msg/install/message_creation/include/message_creation/msg
[2.650s] -- Installing: /home/magnum/ros2_msg/install/message_creation/include/message_creation/msg/detail
[2.650s] -- Installing: /home/magnum/ros2_msg/install/message_creation/include/message_creation/msg/detail/creation__functions.c
[2.650s] -- Installing: /home/magnum/ros2_msg/install/message_creation/include/message_creation/msg/detail/creation__functions.h
[2.650s] -- Installing: /home/magnum/ros2_msg/install/message_creation/include/message_creation/msg/detail/creation__struct.h
[2.650s] -- Installing: /home/magnum/ros2_msg/install/message_creation/include/message_creation/msg/detail/creation__type_support.h
[2.650s] -- Installing: /home/magnum/ros2_msg/install/message_creation/include/message_creation/msg/creation.h
[2.650s] -- Installing: /home/magnum/ros2_msg/install/message_creation/include/message_creation/msg/rosidl_generator_c__visibility_control.h
[2.650s] -- Installing: /home/magnum/ros2_msg/install/message_creation/share/message_creation/environment/library_path.sh
[2.651s] -- Installing: /home/magnum/ros2_msg/install/message_creation/share/message_creation/environment/library_path.dsv
[2.651s] -- Installing: /home/magnum/ros2_msg/install/message_creation/lib/libmessage_creation__rosidl_generator_c.so
[2.651s] -- Set runtime path of "/home/magnum/ros2_msg/install/message_creation/lib/libmessage_creation__rosidl_generator_c.so" to ""
[2.651s] -- Up-to-date: /home/magnum/ros2_msg/install/message_creation/include/message_creation
[2.651s] -- Up-to-date: /home/magnum/ros2_msg/install/message_creation/include/message_creation/msg
[2.651s] -- Installing: /home/magnum/ros2_msg/install/message_creation/include/message_creation/msg/rosidl_typesupport_fastrtps_c__visibility_control.h
[2.651s] -- Up-to-date: /home/magnum/ros2_msg/install/message_creation/include/message_creation/msg/detail
[2.651s] -- Installing: /home/magnum/ros2_msg/install/message_creation/include/message_creation/msg/detail/creation__rosidl_typesupport_fastrtps_c.h
[2.651s] -- Installing: /home/magnum/ros2_msg/install/message_creation/lib/libmessage_creation__rosidl_typesupport_fastrtps_c.so
[2.651s] -- Set runtime path of "/home/magnum/ros2_msg/install/message_creation/lib/libmessage_creation__rosidl_typesupport_fastrtps_c.so" to ""
[2.651s] -- Up-to-date: /home/magnum/ros2_msg/install/message_creation/include/message_creation
[2.652s] -- Up-to-date: /home/magnum/ros2_msg/install/message_creation/include/message_creation/msg
[2.652s] -- Up-to-date: /home/magnum/ros2_msg/install/message_creation/include/message_creation/msg/detail
[2.652s] -- Installing: /home/magnum/ros2_msg/install/message_creation/include/message_creation/msg/detail/creation__rosidl_typesupport_fastrtps_cpp.hpp
[2.652s] -- Installing: /home/magnum/ros2_msg/install/message_creation/include/message_creation/msg/detail/dds_fastrtps
[2.652s] -- Installing: /home/magnum/ros2_msg/install/message_creation/include/message_creation/msg/rosidl_typesupport_fastrtps_cpp__visibility_control.h
[2.652s] -- Installing: /home/magnum/ros2_msg/install/message_creation/lib/libmessage_creation__rosidl_typesupport_fastrtps_cpp.so
[2.652s] -- Set runtime path of "/home/magnum/ros2_msg/install/message_creation/lib/libmessage_creation__rosidl_typesupport_fastrtps_cpp.so" to ""
[2.652s] -- Up-to-date: /home/magnum/ros2_msg/install/message_creation/include/message_creation
[2.652s] -- Up-to-date: /home/magnum/ros2_msg/install/message_creation/include/message_creation/msg
[2.652s] -- Installing: /home/magnum/ros2_msg/install/message_creation/include/message_creation/msg/rosidl_typesupport_introspection_c__visibility_control.h
[2.652s] -- Up-to-date: /home/magnum/ros2_msg/install/message_creation/include/message_creation/msg/detail
[2.652s] -- Installing: /home/magnum/ros2_msg/install/message_creation/include/message_creation/msg/detail/creation__rosidl_typesupport_introspection_c.h
[2.652s] -- Installing: /home/magnum/ros2_msg/install/message_creation/include/message_creation/msg/detail/creation__type_support.c
[2.652s] -- Installing: /home/magnum/ros2_msg/install/message_creation/lib/libmessage_creation__rosidl_typesupport_introspection_c.so
[2.652s] -- Set runtime path of "/home/magnum/ros2_msg/install/message_creation/lib/libmessage_creation__rosidl_typesupport_introspection_c.so" to ""
[2.652s] -- Installing: /home/magnum/ros2_msg/install/message_creation/lib/libmessage_creation__rosidl_typesupport_c.so
[2.653s] -- Set runtime path of "/home/magnum/ros2_msg/install/message_creation/lib/libmessage_creation__rosidl_typesupport_c.so" to ""
[2.653s] -- Up-to-date: /home/magnum/ros2_msg/install/message_creation/include/message_creation
[2.653s] -- Up-to-date: /home/magnum/ros2_msg/install/message_creation/include/message_creation/msg
[2.653s] -- Installing: /home/magnum/ros2_msg/install/message_creation/include/message_creation/msg/creation.hpp
[2.653s] -- Up-to-date: /home/magnum/ros2_msg/install/message_creation/include/message_creation/msg/detail
[2.653s] -- Installing: /home/magnum/ros2_msg/install/message_creation/include/message_creation/msg/detail/creation__builder.hpp
[2.653s] -- Installing: /home/magnum/ros2_msg/install/message_creation/include/message_creation/msg/detail/creation__traits.hpp
[2.653s] -- Installing: /home/magnum/ros2_msg/install/message_creation/include/message_creation/msg/detail/creation__struct.hpp
[2.653s] -- Up-to-date: /home/magnum/ros2_msg/install/message_creation/include/message_creation
[2.653s] -- Up-to-date: /home/magnum/ros2_msg/install/message_creation/include/message_creation/msg
[2.653s] -- Up-to-date: /home/magnum/ros2_msg/install/message_creation/include/message_creation/msg/detail
[2.653s] -- Installing: /home/magnum/ros2_msg/install/message_creation/include/message_creation/msg/detail/creation__type_support.cpp
[2.653s] -- Installing: /home/magnum/ros2_msg/install/message_creation/include/message_creation/msg/detail/creation__rosidl_typesupport_introspection_cpp.hpp
[2.654s] -- Installing: /home/magnum/ros2_msg/install/message_creation/lib/libmessage_creation__rosidl_typesupport_introspection_cpp.so
[2.654s] -- Set runtime path of "/home/magnum/ros2_msg/install/message_creation/lib/libmessage_creation__rosidl_typesupport_introspection_cpp.so" to ""
[2.654s] -- Installing: /home/magnum/ros2_msg/install/message_creation/lib/libmessage_creation__rosidl_typesupport_cpp.so
[2.654s] -- Set runtime path of "/home/magnum/ros2_msg/install/message_creation/lib/libmessage_creation__rosidl_typesupport_cpp.so" to ""
[2.654s] -- Installing: /home/magnum/ros2_msg/install/message_creation/share/message_creation/environment/pythonpath.sh
[2.654s] -- Installing: /home/magnum/ros2_msg/install/message_creation/share/message_creation/environment/pythonpath.dsv
[2.654s] -- Installing: /home/magnum/ros2_msg/install/message_creation/lib/python3.8/site-packages/message_creation/__init__.py
[2.676s] Compiling '/home/magnum/ros2_msg/install/message_creation/lib/python3.8/site-packages/message_creation/__init__.py'...
[2.679s] -- Installing: /home/magnum/ros2_msg/install/message_creation/lib/python3.8/site-packages/message_creation/msg
[2.679s] -- Installing: /home/magnum/ros2_msg/install/message_creation/lib/python3.8/site-packages/message_creation/msg/_creation.py
[2.679s] -- Installing: /home/magnum/ros2_msg/install/message_creation/lib/python3.8/site-packages/message_creation/msg/__init__.py
[2.679s] -- Installing: /home/magnum/ros2_msg/install/message_creation/lib/python3.8/site-packages/message_creation/msg/_creation_s.c
[2.679s] -- Installing: /home/magnum/ros2_msg/install/message_creation/lib/python3.8/site-packages/message_creation/message_creation_s__rosidl_typesupport_fastrtps_c.cpython-38-x86_64-linux-gnu.so
[2.680s] -- Set runtime path of "/home/magnum/ros2_msg/install/message_creation/lib/python3.8/site-packages/message_creation/message_creation_s__rosidl_typesupport_fastrtps_c.cpython-38-x86_64-linux-gnu.so" to ""
[2.680s] -- Installing: /home/magnum/ros2_msg/install/message_creation/lib/python3.8/site-packages/message_creation/message_creation_s__rosidl_typesupport_introspection_c.cpython-38-x86_64-linux-gnu.so
[2.680s] -- Set runtime path of "/home/magnum/ros2_msg/install/message_creation/lib/python3.8/site-packages/message_creation/message_creation_s__rosidl_typesupport_introspection_c.cpython-38-x86_64-linux-gnu.so" to ""
[2.680s] -- Installing: /home/magnum/ros2_msg/install/message_creation/lib/python3.8/site-packages/message_creation/message_creation_s__rosidl_typesupport_c.cpython-38-x86_64-linux-gnu.so
[2.681s] -- Set runtime path of "/home/magnum/ros2_msg/install/message_creation/lib/python3.8/site-packages/message_creation/message_creation_s__rosidl_typesupport_c.cpython-38-x86_64-linux-gnu.so" to ""
[2.681s] -- Installing: /home/magnum/ros2_msg/install/message_creation/lib/libmessage_creation__python.so
[2.681s] -- Set runtime path of "/home/magnum/ros2_msg/install/message_creation/lib/libmessage_creation__python.so" to ""
[2.681s] -- Installing: /home/magnum/ros2_msg/install/message_creation/share/message_creation/msg/Creation.idl
[2.681s] -- Installing: /home/magnum/ros2_msg/install/message_creation/share/message_creation/msg/Creation.msg
[2.681s] -- Installing: /home/magnum/ros2_msg/install/message_creation/share/ament_index/resource_index/package_run_dependencies/message_creation
[2.681s] -- Installing: /home/magnum/ros2_msg/install/message_creation/share/ament_index/resource_index/parent_prefix_path/message_creation
[2.681s] -- Installing: /home/magnum/ros2_msg/install/message_creation/share/message_creation/environment/ament_prefix_path.sh
[2.681s] -- Installing: /home/magnum/ros2_msg/install/message_creation/share/message_creation/environment/ament_prefix_path.dsv
[2.681s] -- Installing: /home/magnum/ros2_msg/install/message_creation/share/message_creation/environment/path.sh
[2.681s] -- Installing: /home/magnum/ros2_msg/install/message_creation/share/message_creation/environment/path.dsv
[2.682s] -- Installing: /home/magnum/ros2_msg/install/message_creation/share/message_creation/local_setup.bash
[2.682s] -- Installing: /home/magnum/ros2_msg/install/message_creation/share/message_creation/local_setup.sh
[2.682s] -- Installing: /home/magnum/ros2_msg/install/message_creation/share/message_creation/local_setup.zsh
[2.682s] -- Installing: /home/magnum/ros2_msg/install/message_creation/share/message_creation/local_setup.dsv
[2.682s] -- Installing: /home/magnum/ros2_msg/install/message_creation/share/message_creation/package.dsv
[2.682s] -- Installing: /home/magnum/ros2_msg/install/message_creation/share/ament_index/resource_index/packages/message_creation
[2.682s] -- Installing: /home/magnum/ros2_msg/install/message_creation/share/message_creation/cmake/message_creation__rosidl_generator_cExport.cmake
[2.682s] -- Installing: /home/magnum/ros2_msg/install/message_creation/share/message_creation/cmake/message_creation__rosidl_generator_cExport-noconfig.cmake
[2.682s] -- Installing: /home/magnum/ros2_msg/install/message_creation/share/message_creation/cmake/message_creation__rosidl_typesupport_introspection_cExport.cmake
[2.682s] -- Installing: /home/magnum/ros2_msg/install/message_creation/share/message_creation/cmake/message_creation__rosidl_typesupport_introspection_cExport-noconfig.cmake
[2.683s] -- Installing: /home/magnum/ros2_msg/install/message_creation/share/message_creation/cmake/message_creation__rosidl_typesupport_cExport.cmake
[2.683s] -- Installing: /home/magnum/ros2_msg/install/message_creation/share/message_creation/cmake/message_creation__rosidl_typesupport_cExport-noconfig.cmake
[2.683s] -- Installing: /home/magnum/ros2_msg/install/message_creation/share/message_creation/cmake/message_creation__rosidl_generator_cppExport.cmake
[2.683s] -- Installing: /home/magnum/ros2_msg/install/message_creation/share/message_creation/cmake/message_creation__rosidl_typesupport_introspection_cppExport.cmake
[2.683s] -- Installing: /home/magnum/ros2_msg/install/message_creation/share/message_creation/cmake/message_creation__rosidl_typesupport_introspection_cppExport-noconfig.cmake
[2.683s] -- Installing: /home/magnum/ros2_msg/install/message_creation/share/message_creation/cmake/message_creation__rosidl_typesupport_cppExport.cmake
[2.683s] -- Installing: /home/magnum/ros2_msg/install/message_creation/share/message_creation/cmake/message_creation__rosidl_typesupport_cppExport-noconfig.cmake
[2.683s] -- Installing: /home/magnum/ros2_msg/install/message_creation/share/message_creation/cmake/rosidl_cmake-extras.cmake
[2.683s] -- Installing: /home/magnum/ros2_msg/install/message_creation/share/message_creation/cmake/ament_cmake_export_dependencies-extras.cmake
[2.683s] -- Installing: /home/magnum/ros2_msg/install/message_creation/share/message_creation/cmake/ament_cmake_export_libraries-extras.cmake
[2.683s] -- Installing: /home/magnum/ros2_msg/install/message_creation/share/message_creation/cmake/ament_cmake_export_targets-extras.cmake
[2.683s] -- Installing: /home/magnum/ros2_msg/install/message_creation/share/message_creation/cmake/ament_cmake_export_include_directories-extras.cmake
[2.684s] -- Installing: /home/magnum/ros2_msg/install/message_creation/share/message_creation/cmake/rosidl_cmake_export_typesupport_libraries-extras.cmake
[2.684s] -- Installing: /home/magnum/ros2_msg/install/message_creation/share/message_creation/cmake/rosidl_cmake_export_typesupport_targets-extras.cmake
[2.684s] -- Installing: /home/magnum/ros2_msg/install/message_creation/share/message_creation/cmake/message_creationConfig.cmake
[2.684s] -- Installing: /home/magnum/ros2_msg/install/message_creation/share/message_creation/cmake/message_creationConfig-version.cmake
[2.684s] -- Installing: /home/magnum/ros2_msg/install/message_creation/share/message_creation/package.xml
[2.687s] Invoked command in '/home/magnum/ros2_msg/build/message_creation' returned '0': CMAKE_PREFIX_PATH=${CMAKE_PREFIX_PATH}:/home/magnum/ros2_msg/install/python:/opt/ros/foxy /usr/bin/cmake --install /home/magnum/ros2_msg/build/message_creation
