[0.175s] DEBUG:colcon:Command line arguments: ['/usr/bin/colcon', 'build']
[0.175s] DEBUG:colcon:Parsed command line arguments: Namespace(allow_overriding=[], ament_cmake_args=None, base_paths=['.'], build_base='build', catkin_cmake_args=None, catkin_skip_building_tests=False, cmake_args=None, cmake_clean_cache=False, cmake_clean_first=False, cmake_force_configure=False, cmake_target=None, cmake_target_skip_unavailable=False, continue_on_error=False, event_handlers=None, executor='parallel', ignore_user_meta=False, install_base='install', log_base=None, log_level=None, main=<bound method BuildVerb.main of <colcon_core.verb.build.BuildVerb object at 0x7f0437d359a0>>, merge_install=False, metas=['./colcon.meta'], packages_above=None, packages_above_and_dependencies=None, packages_above_depth=None, packages_end=None, packages_ignore=None, packages_ignore_regex=None, packages_select=None, packages_select_build_failed=False, packages_select_by_dep=None, packages_select_regex=None, packages_select_test_failures=False, packages_skip=None, packages_skip_build_finished=False, packages_skip_by_dep=None, packages_skip_regex=None, packages_skip_test_passed=False, packages_skip_up_to=None, packages_start=None, packages_up_to=None, packages_up_to_regex=None, parallel_workers=8, paths=None, symlink_install=False, test_result_base=None, verb_extension=<colcon_core.verb.build.BuildVerb object at 0x7f0437d359a0>, verb_name='build', verb_parser=<colcon_defaults.argument_parser.defaults.DefaultArgumentsDecorator object at 0x7f0437d35f10>)
[0.203s] Level 1:colcon.colcon_core.package_discovery:discover_packages(colcon_meta) check parameters
[0.204s] Level 1:colcon.colcon_core.package_discovery:discover_packages(recursive) check parameters
[0.204s] Level 1:colcon.colcon_core.package_discovery:discover_packages(ignore) check parameters
[0.204s] Level 1:colcon.colcon_core.package_discovery:discover_packages(path) check parameters
[0.204s] Level 1:colcon.colcon_core.package_discovery:discover_packages(colcon_meta) discover
[0.204s] Level 1:colcon.colcon_core.package_discovery:discover_packages(recursive) discover
[0.204s] INFO:colcon.colcon_core.package_discovery:Crawling recursively for packages in '/home/magnum/ros2_msg'
[0.204s] Level 1:colcon.colcon_core.package_identification:_identify(.) by extensions ['ignore', 'ignore_ament_install']
[0.204s] Level 1:colcon.colcon_core.package_identification:_identify(.) by extension 'ignore'
[0.204s] Level 1:colcon.colcon_core.package_identification:_identify(.) by extension 'ignore_ament_install'
[0.205s] Level 1:colcon.colcon_core.package_identification:_identify(.) by extensions ['colcon_pkg']
[0.205s] Level 1:colcon.colcon_core.package_identification:_identify(.) by extension 'colcon_pkg'
[0.205s] Level 1:colcon.colcon_core.package_identification:_identify(.) by extensions ['colcon_meta']
[0.205s] Level 1:colcon.colcon_core.package_identification:_identify(.) by extension 'colcon_meta'
[0.205s] Level 1:colcon.colcon_core.package_identification:_identify(.) by extensions ['ros']
[0.205s] Level 1:colcon.colcon_core.package_identification:_identify(.) by extension 'ros'
[0.227s] Level 1:colcon.colcon_core.package_identification:_identify(.) by extensions ['cmake', 'python']
[0.227s] Level 1:colcon.colcon_core.package_identification:_identify(.) by extension 'cmake'
[0.227s] Level 1:colcon.colcon_core.package_identification:_identify(.) by extension 'python'
[0.227s] Level 1:colcon.colcon_core.package_identification:_identify(.) by extensions ['python_setup_py']
[0.227s] Level 1:colcon.colcon_core.package_identification:_identify(.) by extension 'python_setup_py'
[0.227s] Level 1:colcon.colcon_core.package_identification:_identify(build) by extensions ['ignore', 'ignore_ament_install']
[0.227s] Level 1:colcon.colcon_core.package_identification:_identify(build) by extension 'ignore'
[0.227s] Level 1:colcon.colcon_core.package_identification:_identify(build) ignored
[0.227s] Level 1:colcon.colcon_core.package_identification:_identify(install) by extensions ['ignore', 'ignore_ament_install']
[0.227s] Level 1:colcon.colcon_core.package_identification:_identify(install) by extension 'ignore'
[0.227s] Level 1:colcon.colcon_core.package_identification:_identify(install) ignored
[0.228s] Level 1:colcon.colcon_core.package_identification:_identify(log) by extensions ['ignore', 'ignore_ament_install']
[0.228s] Level 1:colcon.colcon_core.package_identification:_identify(log) by extension 'ignore'
[0.228s] Level 1:colcon.colcon_core.package_identification:_identify(log) ignored
[0.228s] Level 1:colcon.colcon_core.package_identification:_identify(src) by extensions ['ignore', 'ignore_ament_install']
[0.228s] Level 1:colcon.colcon_core.package_identification:_identify(src) by extension 'ignore'
[0.228s] Level 1:colcon.colcon_core.package_identification:_identify(src) by extension 'ignore_ament_install'
[0.228s] Level 1:colcon.colcon_core.package_identification:_identify(src) by extensions ['colcon_pkg']
[0.228s] Level 1:colcon.colcon_core.package_identification:_identify(src) by extension 'colcon_pkg'
[0.228s] Level 1:colcon.colcon_core.package_identification:_identify(src) by extensions ['colcon_meta']
[0.228s] Level 1:colcon.colcon_core.package_identification:_identify(src) by extension 'colcon_meta'
[0.228s] Level 1:colcon.colcon_core.package_identification:_identify(src) by extensions ['ros']
[0.228s] Level 1:colcon.colcon_core.package_identification:_identify(src) by extension 'ros'
[0.228s] Level 1:colcon.colcon_core.package_identification:_identify(src) by extensions ['cmake', 'python']
[0.228s] Level 1:colcon.colcon_core.package_identification:_identify(src) by extension 'cmake'
[0.228s] Level 1:colcon.colcon_core.package_identification:_identify(src) by extension 'python'
[0.228s] Level 1:colcon.colcon_core.package_identification:_identify(src) by extensions ['python_setup_py']
[0.228s] Level 1:colcon.colcon_core.package_identification:_identify(src) by extension 'python_setup_py'
[0.228s] Level 1:colcon.colcon_core.package_identification:_identify(src/my_robot_message) by extensions ['ignore', 'ignore_ament_install']
[0.229s] Level 1:colcon.colcon_core.package_identification:_identify(src/my_robot_message) by extension 'ignore'
[0.229s] Level 1:colcon.colcon_core.package_identification:_identify(src/my_robot_message) by extension 'ignore_ament_install'
[0.229s] Level 1:colcon.colcon_core.package_identification:_identify(src/my_robot_message) by extensions ['colcon_pkg']
[0.229s] Level 1:colcon.colcon_core.package_identification:_identify(src/my_robot_message) by extension 'colcon_pkg'
[0.229s] Level 1:colcon.colcon_core.package_identification:_identify(src/my_robot_message) by extensions ['colcon_meta']
[0.229s] Level 1:colcon.colcon_core.package_identification:_identify(src/my_robot_message) by extension 'colcon_meta'
[0.229s] Level 1:colcon.colcon_core.package_identification:_identify(src/my_robot_message) by extensions ['ros']
[0.229s] Level 1:colcon.colcon_core.package_identification:_identify(src/my_robot_message) by extension 'ros'
[0.231s] DEBUG:colcon.colcon_core.package_identification:Package 'src/my_robot_message' with type 'ros.ament_cmake' and name 'my_robot_message'
[0.231s] Level 1:colcon.colcon_core.package_identification:_identify(src/python) by extensions ['ignore', 'ignore_ament_install']
[0.232s] Level 1:colcon.colcon_core.package_identification:_identify(src/python) by extension 'ignore'
[0.232s] Level 1:colcon.colcon_core.package_identification:_identify(src/python) by extension 'ignore_ament_install'
[0.232s] Level 1:colcon.colcon_core.package_identification:_identify(src/python) by extensions ['colcon_pkg']
[0.232s] Level 1:colcon.colcon_core.package_identification:_identify(src/python) by extension 'colcon_pkg'
[0.232s] Level 1:colcon.colcon_core.package_identification:_identify(src/python) by extensions ['colcon_meta']
[0.232s] Level 1:colcon.colcon_core.package_identification:_identify(src/python) by extension 'colcon_meta'
[0.232s] Level 1:colcon.colcon_core.package_identification:_identify(src/python) by extensions ['ros']
[0.232s] Level 1:colcon.colcon_core.package_identification:_identify(src/python) by extension 'ros'
[0.232s] DEBUG:colcon.colcon_core.package_identification:Package 'src/python' with type 'ros.ament_python' and name 'python'
[0.233s] Level 1:colcon.colcon_core.package_discovery:discover_packages(recursive) using defaults
[0.233s] Level 1:colcon.colcon_core.package_discovery:discover_packages(ignore) discover
[0.233s] Level 1:colcon.colcon_core.package_discovery:discover_packages(ignore) using defaults
[0.233s] Level 1:colcon.colcon_core.package_discovery:discover_packages(path) discover
[0.233s] Level 1:colcon.colcon_core.package_discovery:discover_packages(path) using defaults
[0.256s] Level 1:colcon.colcon_core.package_discovery:discover_packages(prefix_path) check parameters
[0.256s] Level 1:colcon.colcon_core.package_discovery:discover_packages(prefix_path) discover
[0.259s] DEBUG:colcon.colcon_installed_package_information.package_discovery:Found 3 installed packages in /home/magnum/ros2_msg/install
[0.261s] DEBUG:colcon.colcon_installed_package_information.package_discovery:Found 386 installed packages in /opt/ros/foxy
[0.264s] Level 1:colcon.colcon_core.package_discovery:discover_packages(prefix_path) using defaults
[0.346s] Level 5:colcon.colcon_core.verb:set package 'my_robot_message' build argument 'cmake_args' from command line to 'None'
[0.346s] Level 5:colcon.colcon_core.verb:set package 'my_robot_message' build argument 'cmake_target' from command line to 'None'
[0.346s] Level 5:colcon.colcon_core.verb:set package 'my_robot_message' build argument 'cmake_target_skip_unavailable' from command line to 'False'
[0.346s] Level 5:colcon.colcon_core.verb:set package 'my_robot_message' build argument 'cmake_clean_cache' from command line to 'False'
[0.346s] Level 5:colcon.colcon_core.verb:set package 'my_robot_message' build argument 'cmake_clean_first' from command line to 'False'
[0.346s] Level 5:colcon.colcon_core.verb:set package 'my_robot_message' build argument 'cmake_force_configure' from command line to 'False'
[0.346s] Level 5:colcon.colcon_core.verb:set package 'my_robot_message' build argument 'ament_cmake_args' from command line to 'None'
[0.346s] Level 5:colcon.colcon_core.verb:set package 'my_robot_message' build argument 'catkin_cmake_args' from command line to 'None'
[0.346s] Level 5:colcon.colcon_core.verb:set package 'my_robot_message' build argument 'catkin_skip_building_tests' from command line to 'False'
[0.346s] DEBUG:colcon.colcon_core.verb:Building package 'my_robot_message' with the following arguments: {'ament_cmake_args': None, 'build_base': '/home/magnum/ros2_msg/build/my_robot_message', 'catkin_cmake_args': None, 'catkin_skip_building_tests': False, 'cmake_args': None, 'cmake_clean_cache': False, 'cmake_clean_first': False, 'cmake_force_configure': False, 'cmake_target': None, 'cmake_target_skip_unavailable': False, 'install_base': '/home/magnum/ros2_msg/install/my_robot_message', 'merge_install': False, 'path': '/home/magnum/ros2_msg/src/my_robot_message', 'symlink_install': False, 'test_result_base': None}
[0.347s] Level 5:colcon.colcon_core.verb:set package 'python' build argument 'cmake_args' from command line to 'None'
[0.347s] Level 5:colcon.colcon_core.verb:set package 'python' build argument 'cmake_target' from command line to 'None'
[0.347s] Level 5:colcon.colcon_core.verb:set package 'python' build argument 'cmake_target_skip_unavailable' from command line to 'False'
[0.347s] Level 5:colcon.colcon_core.verb:set package 'python' build argument 'cmake_clean_cache' from command line to 'False'
[0.347s] Level 5:colcon.colcon_core.verb:set package 'python' build argument 'cmake_clean_first' from command line to 'False'
[0.347s] Level 5:colcon.colcon_core.verb:set package 'python' build argument 'cmake_force_configure' from command line to 'False'
[0.347s] Level 5:colcon.colcon_core.verb:set package 'python' build argument 'ament_cmake_args' from command line to 'None'
[0.347s] Level 5:colcon.colcon_core.verb:set package 'python' build argument 'catkin_cmake_args' from command line to 'None'
[0.347s] Level 5:colcon.colcon_core.verb:set package 'python' build argument 'catkin_skip_building_tests' from command line to 'False'
[0.347s] DEBUG:colcon.colcon_core.verb:Building package 'python' with the following arguments: {'ament_cmake_args': None, 'build_base': '/home/magnum/ros2_msg/build/python', 'catkin_cmake_args': None, 'catkin_skip_building_tests': False, 'cmake_args': None, 'cmake_clean_cache': False, 'cmake_clean_first': False, 'cmake_force_configure': False, 'cmake_target': None, 'cmake_target_skip_unavailable': False, 'install_base': '/home/magnum/ros2_msg/install/python', 'merge_install': False, 'path': '/home/magnum/ros2_msg/src/python', 'symlink_install': False, 'test_result_base': None}
[0.348s] INFO:colcon.colcon_core.executor:Executing jobs using 'parallel' executor
[0.353s] DEBUG:colcon.colcon_parallel_executor.executor.parallel:run_until_complete
[0.353s] INFO:colcon.colcon_ros.task.ament_cmake.build:Building ROS package in '/home/magnum/ros2_msg/src/my_robot_message' with build type 'ament_cmake'
[0.353s] INFO:colcon.colcon_cmake.task.cmake.build:Building CMake package in '/home/magnum/ros2_msg/src/my_robot_message'
[0.358s] INFO:colcon.colcon_core.plugin_system:Skipping extension 'colcon_core.shell.bat': Not used on non-Windows systems
[0.358s] INFO:colcon.colcon_core.shell:Skip shell extension 'powershell' for command environment: Not usable outside of PowerShell
[0.358s] DEBUG:colcon.colcon_core.shell:Skip shell extension 'dsv' for command environment
[0.363s] DEBUG:colcon.colcon_core.shell:Ignoring prefix path '/opt/ros/noetic'
[0.373s] DEBUG:colcon.colcon_core.event_handler.log_command:Invoking command in '/home/magnum/ros2_msg/build/my_robot_message': CMAKE_PREFIX_PATH=/home/magnum/ros2_msg/install/ros2_message:/home/magnum/ros2_msg/install/my_robot_message:/home/magnum/ros2_msg/install/python:/opt/ros/foxy:/opt/ros/noetic /usr/bin/cmake --build /home/magnum/ros2_msg/build/my_robot_message -- -j8 -l8
[0.622s] DEBUG:colcon.colcon_core.event_handler.log_command:Invoked command in '/home/magnum/ros2_msg/build/my_robot_message' returned '0': CMAKE_PREFIX_PATH=/home/magnum/ros2_msg/install/ros2_message:/home/magnum/ros2_msg/install/my_robot_message:/home/magnum/ros2_msg/install/python:/opt/ros/foxy:/opt/ros/noetic /usr/bin/cmake --build /home/magnum/ros2_msg/build/my_robot_message -- -j8 -l8
[0.688s] DEBUG:colcon.colcon_core.event_handler.log_command:Invoking command in '/home/magnum/ros2_msg/build/my_robot_message': CMAKE_PREFIX_PATH=/home/magnum/ros2_msg/install/ros2_message:/home/magnum/ros2_msg/install/my_robot_message:/home/magnum/ros2_msg/install/python:/opt/ros/foxy:/opt/ros/noetic /usr/bin/cmake --install /home/magnum/ros2_msg/build/my_robot_message
[0.750s] Level 1:colcon.colcon_core.environment:create_environment_scripts_only(my_robot_message)
[0.752s] DEBUG:colcon.colcon_core.event_handler.log_command:Invoked command in '/home/magnum/ros2_msg/build/my_robot_message' returned '0': CMAKE_PREFIX_PATH=/home/magnum/ros2_msg/install/ros2_message:/home/magnum/ros2_msg/install/my_robot_message:/home/magnum/ros2_msg/install/python:/opt/ros/foxy:/opt/ros/noetic /usr/bin/cmake --install /home/magnum/ros2_msg/build/my_robot_message
[0.756s] Level 1:colcon.colcon_core.environment:checking '/home/magnum/ros2_msg/install/my_robot_message' for CMake module files
[0.757s] Level 1:colcon.colcon_core.environment:checking '/home/magnum/ros2_msg/install/my_robot_message' for CMake config files
[0.757s] Level 1:colcon.colcon_core.shell:create_environment_hook('my_robot_message', 'cmake_prefix_path')
[0.758s] INFO:colcon.colcon_core.shell:Creating environment hook '/home/magnum/ros2_msg/install/my_robot_message/share/my_robot_message/hook/cmake_prefix_path.ps1'
[0.759s] INFO:colcon.colcon_core.shell:Creating environment descriptor '/home/magnum/ros2_msg/install/my_robot_message/share/my_robot_message/hook/cmake_prefix_path.dsv'
[0.759s] INFO:colcon.colcon_core.shell:Creating environment hook '/home/magnum/ros2_msg/install/my_robot_message/share/my_robot_message/hook/cmake_prefix_path.sh'
[0.760s] Level 1:colcon.colcon_core.environment:checking '/home/magnum/ros2_msg/install/my_robot_message/lib'
[0.760s] Level 1:colcon.colcon_core.shell:create_environment_hook('my_robot_message', 'ld_library_path_lib')
[0.762s] INFO:colcon.colcon_core.shell:Creating environment hook '/home/magnum/ros2_msg/install/my_robot_message/share/my_robot_message/hook/ld_library_path_lib.ps1'
[0.763s] INFO:colcon.colcon_core.shell:Creating environment descriptor '/home/magnum/ros2_msg/install/my_robot_message/share/my_robot_message/hook/ld_library_path_lib.dsv'
[0.763s] INFO:colcon.colcon_core.shell:Creating environment hook '/home/magnum/ros2_msg/install/my_robot_message/share/my_robot_message/hook/ld_library_path_lib.sh'
[0.763s] Level 1:colcon.colcon_core.environment:checking '/home/magnum/ros2_msg/install/my_robot_message/bin'
[0.764s] Level 1:colcon.colcon_core.environment:checking '/home/magnum/ros2_msg/install/my_robot_message/lib/pkgconfig/my_robot_message.pc'
[0.764s] Level 1:colcon.colcon_core.environment:checking '/home/magnum/ros2_msg/install/my_robot_message/lib/python3.8/site-packages'
[0.764s] Level 1:colcon.colcon_core.shell:create_environment_hook('my_robot_message', 'pythonpath')
[0.766s] INFO:colcon.colcon_core.shell:Creating environment hook '/home/magnum/ros2_msg/install/my_robot_message/share/my_robot_message/hook/pythonpath.ps1'
[0.767s] INFO:colcon.colcon_core.shell:Creating environment descriptor '/home/magnum/ros2_msg/install/my_robot_message/share/my_robot_message/hook/pythonpath.dsv'
[0.767s] INFO:colcon.colcon_core.shell:Creating environment hook '/home/magnum/ros2_msg/install/my_robot_message/share/my_robot_message/hook/pythonpath.sh'
[0.768s] Level 1:colcon.colcon_core.environment:checking '/home/magnum/ros2_msg/install/my_robot_message/bin'
[0.769s] INFO:colcon.colcon_core.shell:Creating package script '/home/magnum/ros2_msg/install/my_robot_message/share/my_robot_message/package.ps1'
[0.771s] INFO:colcon.colcon_core.shell:Creating package descriptor '/home/magnum/ros2_msg/install/my_robot_message/share/my_robot_message/package.dsv'
[0.771s] INFO:colcon.colcon_core.shell:Creating package script '/home/magnum/ros2_msg/install/my_robot_message/share/my_robot_message/package.sh'
[0.772s] INFO:colcon.colcon_core.shell:Creating package script '/home/magnum/ros2_msg/install/my_robot_message/share/my_robot_message/package.bash'
[0.773s] INFO:colcon.colcon_core.shell:Creating package script '/home/magnum/ros2_msg/install/my_robot_message/share/my_robot_message/package.zsh'
[0.774s] Level 1:colcon.colcon_core.environment:create_file_with_runtime_dependencies(/home/magnum/ros2_msg/install/my_robot_message/share/colcon-core/packages/my_robot_message)
[0.828s] Level 1:colcon.colcon_core.environment:create_environment_scripts_only(my_robot_message)
[0.831s] Level 1:colcon.colcon_core.environment:checking '/home/magnum/ros2_msg/install/my_robot_message' for CMake module files
[0.831s] Level 1:colcon.colcon_core.environment:checking '/home/magnum/ros2_msg/install/my_robot_message' for CMake config files
[0.832s] Level 1:colcon.colcon_core.shell:create_environment_hook('my_robot_message', 'cmake_prefix_path')
[0.834s] INFO:colcon.colcon_core.shell:Creating environment hook '/home/magnum/ros2_msg/install/my_robot_message/share/my_robot_message/hook/cmake_prefix_path.ps1'
[0.834s] INFO:colcon.colcon_core.shell:Creating environment descriptor '/home/magnum/ros2_msg/install/my_robot_message/share/my_robot_message/hook/cmake_prefix_path.dsv'
[0.835s] INFO:colcon.colcon_core.shell:Creating environment hook '/home/magnum/ros2_msg/install/my_robot_message/share/my_robot_message/hook/cmake_prefix_path.sh'
[0.835s] Level 1:colcon.colcon_core.environment:checking '/home/magnum/ros2_msg/install/my_robot_message/lib'
[0.835s] Level 1:colcon.colcon_core.shell:create_environment_hook('my_robot_message', 'ld_library_path_lib')
[0.837s] INFO:colcon.colcon_core.shell:Creating environment hook '/home/magnum/ros2_msg/install/my_robot_message/share/my_robot_message/hook/ld_library_path_lib.ps1'
[0.837s] INFO:colcon.colcon_core.shell:Creating environment descriptor '/home/magnum/ros2_msg/install/my_robot_message/share/my_robot_message/hook/ld_library_path_lib.dsv'
[0.838s] INFO:colcon.colcon_core.shell:Creating environment hook '/home/magnum/ros2_msg/install/my_robot_message/share/my_robot_message/hook/ld_library_path_lib.sh'
[0.838s] Level 1:colcon.colcon_core.environment:checking '/home/magnum/ros2_msg/install/my_robot_message/bin'
[0.838s] Level 1:colcon.colcon_core.environment:checking '/home/magnum/ros2_msg/install/my_robot_message/lib/pkgconfig/my_robot_message.pc'
[0.838s] Level 1:colcon.colcon_core.environment:checking '/home/magnum/ros2_msg/install/my_robot_message/lib/python3.8/site-packages'
[0.838s] Level 1:colcon.colcon_core.shell:create_environment_hook('my_robot_message', 'pythonpath')
[0.840s] INFO:colcon.colcon_core.shell:Creating environment hook '/home/magnum/ros2_msg/install/my_robot_message/share/my_robot_message/hook/pythonpath.ps1'
[0.840s] INFO:colcon.colcon_core.shell:Creating environment descriptor '/home/magnum/ros2_msg/install/my_robot_message/share/my_robot_message/hook/pythonpath.dsv'
[0.841s] INFO:colcon.colcon_core.shell:Creating environment hook '/home/magnum/ros2_msg/install/my_robot_message/share/my_robot_message/hook/pythonpath.sh'
[0.841s] Level 1:colcon.colcon_core.environment:checking '/home/magnum/ros2_msg/install/my_robot_message/bin'
[0.843s] INFO:colcon.colcon_core.shell:Creating package script '/home/magnum/ros2_msg/install/my_robot_message/share/my_robot_message/package.ps1'
[0.845s] INFO:colcon.colcon_core.shell:Creating package descriptor '/home/magnum/ros2_msg/install/my_robot_message/share/my_robot_message/package.dsv'
[0.846s] INFO:colcon.colcon_core.shell:Creating package script '/home/magnum/ros2_msg/install/my_robot_message/share/my_robot_message/package.sh'
[0.846s] INFO:colcon.colcon_core.shell:Creating package script '/home/magnum/ros2_msg/install/my_robot_message/share/my_robot_message/package.bash'
[0.847s] INFO:colcon.colcon_core.shell:Creating package script '/home/magnum/ros2_msg/install/my_robot_message/share/my_robot_message/package.zsh'
[0.847s] Level 1:colcon.colcon_core.environment:create_file_with_runtime_dependencies(/home/magnum/ros2_msg/install/my_robot_message/share/colcon-core/packages/my_robot_message)
[0.848s] INFO:colcon.colcon_ros.task.ament_python.build:Building ROS package in '/home/magnum/ros2_msg/src/python' with build type 'ament_python'
[0.848s] Level 1:colcon.colcon_core.shell:create_environment_hook('python', 'ament_prefix_path')
[0.851s] INFO:colcon.colcon_core.shell:Creating environment hook '/home/magnum/ros2_msg/install/python/share/python/hook/ament_prefix_path.ps1'
[0.852s] INFO:colcon.colcon_core.shell:Creating environment descriptor '/home/magnum/ros2_msg/install/python/share/python/hook/ament_prefix_path.dsv'
[0.853s] INFO:colcon.colcon_core.shell:Creating environment hook '/home/magnum/ros2_msg/install/python/share/python/hook/ament_prefix_path.sh'
[0.855s] INFO:colcon.colcon_core.shell:Skip shell extension 'powershell' for command environment: Not usable outside of PowerShell
[0.855s] DEBUG:colcon.colcon_core.shell:Skip shell extension 'dsv' for command environment
[0.862s] DEBUG:colcon.colcon_core.shell:Ignoring prefix path '/opt/ros/noetic'
[1.193s] INFO:colcon.colcon_core.task.python.build:Building Python package in '/home/magnum/ros2_msg/src/python'
[1.195s] INFO:colcon.colcon_core.shell:Skip shell extension 'powershell' for command environment: Not usable outside of PowerShell
[1.195s] DEBUG:colcon.colcon_core.shell:Skip shell extension 'dsv' for command environment
[1.201s] DEBUG:colcon.colcon_core.shell:Ignoring prefix path '/opt/ros/noetic'
[1.794s] DEBUG:colcon.colcon_core.event_handler.log_command:Invoking command in '/home/magnum/ros2_msg/src/python': CMAKE_PREFIX_PATH=/home/magnum/ros2_msg/install/my_robot_message:/home/magnum/ros2_msg/install/ros2_message:/opt/ros/noetic PYTHONPATH=/home/magnum/ros2_msg/build/python/prefix_override:/home/magnum/ros2_msg/install/python/lib/python3.8/site-packages:/home/magnum/ros2_msg/install/my_robot_message/lib/python3.8/site-packages:/home/magnum/ros2_msg/install/python/lib/python3.8/site-packages:/opt/ros/foxy/lib/python/site-packages:/opt/ros/foxy/lib/python3.8/site-packages:/opt/ros/noetic/lib/python3/dist-packages /usr/bin/python3 setup.py egg_info --egg-base ../../build/python build --build-base /home/magnum/ros2_msg/build/python/build install --record /home/magnum/ros2_msg/build/python/install.log --install-scripts $base/lib/python --single-version-externally-managed
[2.171s] Level 1:colcon.colcon_core.environment:checking '/home/magnum/ros2_msg/install/python' for CMake module files
[2.171s] DEBUG:colcon.colcon_core.event_handler.log_command:Invoked command in '/home/magnum/ros2_msg/src/python' returned '0': CMAKE_PREFIX_PATH=/home/magnum/ros2_msg/install/my_robot_message:/home/magnum/ros2_msg/install/ros2_message:/opt/ros/noetic PYTHONPATH=/home/magnum/ros2_msg/build/python/prefix_override:/home/magnum/ros2_msg/install/python/lib/python3.8/site-packages:/home/magnum/ros2_msg/install/my_robot_message/lib/python3.8/site-packages:/home/magnum/ros2_msg/install/python/lib/python3.8/site-packages:/opt/ros/foxy/lib/python/site-packages:/opt/ros/foxy/lib/python3.8/site-packages:/opt/ros/noetic/lib/python3/dist-packages /usr/bin/python3 setup.py egg_info --egg-base ../../build/python build --build-base /home/magnum/ros2_msg/build/python/build install --record /home/magnum/ros2_msg/build/python/install.log --install-scripts $base/lib/python --single-version-externally-managed
[2.172s] Level 1:colcon.colcon_core.environment:checking '/home/magnum/ros2_msg/install/python' for CMake config files
[2.173s] Level 1:colcon.colcon_core.environment:checking '/home/magnum/ros2_msg/install/python/lib'
[2.173s] Level 1:colcon.colcon_core.environment:checking '/home/magnum/ros2_msg/install/python/bin'
[2.173s] Level 1:colcon.colcon_core.environment:checking '/home/magnum/ros2_msg/install/python/lib/pkgconfig/python.pc'
[2.173s] Level 1:colcon.colcon_core.environment:checking '/home/magnum/ros2_msg/install/python/lib/python3.8/site-packages'
[2.173s] Level 1:colcon.colcon_core.shell:create_environment_hook('python', 'pythonpath')
[2.175s] INFO:colcon.colcon_core.shell:Creating environment hook '/home/magnum/ros2_msg/install/python/share/python/hook/pythonpath.ps1'
[2.176s] INFO:colcon.colcon_core.shell:Creating environment descriptor '/home/magnum/ros2_msg/install/python/share/python/hook/pythonpath.dsv'
[2.176s] INFO:colcon.colcon_core.shell:Creating environment hook '/home/magnum/ros2_msg/install/python/share/python/hook/pythonpath.sh'
[2.176s] Level 1:colcon.colcon_core.environment:checking '/home/magnum/ros2_msg/install/python/bin'
[2.176s] Level 1:colcon.colcon_core.environment:create_environment_scripts_only(python)
[2.178s] INFO:colcon.colcon_core.shell:Creating package script '/home/magnum/ros2_msg/install/python/share/python/package.ps1'
[2.179s] INFO:colcon.colcon_core.shell:Creating package descriptor '/home/magnum/ros2_msg/install/python/share/python/package.dsv'
[2.179s] INFO:colcon.colcon_core.shell:Creating package script '/home/magnum/ros2_msg/install/python/share/python/package.sh'
[2.179s] INFO:colcon.colcon_core.shell:Creating package script '/home/magnum/ros2_msg/install/python/share/python/package.bash'
[2.179s] INFO:colcon.colcon_core.shell:Creating package script '/home/magnum/ros2_msg/install/python/share/python/package.zsh'
[2.180s] Level 1:colcon.colcon_core.environment:create_file_with_runtime_dependencies(/home/magnum/ros2_msg/install/python/share/colcon-core/packages/python)
[2.180s] DEBUG:colcon.colcon_parallel_executor.executor.parallel:closing loop
[2.180s] DEBUG:colcon.colcon_parallel_executor.executor.parallel:loop closed
[2.180s] DEBUG:colcon.colcon_parallel_executor.executor.parallel:run_until_complete finished with '0'
[2.180s] DEBUG:colcon.colcon_core.event_reactor:joining thread
[2.189s] INFO:colcon.colcon_core.plugin_system:Skipping extension 'colcon_notification.desktop_notification.terminal_notifier': Not used on non-Darwin systems
[2.190s] INFO:colcon.colcon_core.plugin_system:Skipping extension 'colcon_notification.desktop_notification.win32': Not used on non-Windows systems
[2.190s] INFO:colcon.colcon_notification.desktop_notification:Sending desktop notification using 'notify2'
[2.205s] DEBUG:colcon.colcon_core.event_reactor:joined thread
[2.207s] INFO:colcon.colcon_core.shell:Creating prefix script '/home/magnum/ros2_msg/install/local_setup.ps1'
[2.208s] INFO:colcon.colcon_core.shell:Creating prefix util module '/home/magnum/ros2_msg/install/_local_setup_util_ps1.py'
[2.209s] INFO:colcon.colcon_core.shell:Creating prefix chain script '/home/magnum/ros2_msg/install/setup.ps1'
[2.211s] INFO:colcon.colcon_core.shell:Creating prefix script '/home/magnum/ros2_msg/install/local_setup.sh'
[2.212s] INFO:colcon.colcon_core.shell:Creating prefix util module '/home/magnum/ros2_msg/install/_local_setup_util_sh.py'
[2.212s] INFO:colcon.colcon_core.shell:Creating prefix chain script '/home/magnum/ros2_msg/install/setup.sh'
[2.214s] INFO:colcon.colcon_core.shell:Creating prefix script '/home/magnum/ros2_msg/install/local_setup.bash'
[2.214s] INFO:colcon.colcon_core.shell:Creating prefix chain script '/home/magnum/ros2_msg/install/setup.bash'
[2.216s] INFO:colcon.colcon_core.shell:Creating prefix script '/home/magnum/ros2_msg/install/local_setup.zsh'
[2.216s] INFO:colcon.colcon_core.shell:Creating prefix chain script '/home/magnum/ros2_msg/install/setup.zsh'
