[0.012s] Invoking command in '/home/magnum/ros2_msg/build/my_robot_message': CMAKE_PREFIX_PATH=${CMAKE_PREFIX_PATH}:/home/magnum/ros2_msg/install/python:/opt/ros/foxy /usr/bin/cmake --build /home/magnum/ros2_msg/build/my_robot_message -- -j8 -l8
[0.032s] -- Found ament_cmake: 0.9.11 (/opt/ros/foxy/share/ament_cmake/cmake)
[0.048s] -- Found PythonInterp: /usr/bin/python3 (found suitable version "3.8.10", minimum required is "3") 
[0.048s] -- Using PYTHON_EXECUTABLE: /usr/bin/python3
[0.190s] -- Found rclcpp: 2.4.2 (/opt/ros/foxy/share/rclcpp/cmake)
[0.213s] -- Using all available rosidl_typesupport_c: rosidl_typesupport_fastrtps_c;rosidl_typesupport_introspection_c
[0.215s] -- Found rosidl_adapter: 1.3.0 (/opt/ros/foxy/share/rosidl_adapter/cmake)
[0.305s] -- Using all available rosidl_typesupport_cpp: rosidl_typesupport_fastrtps_cpp;rosidl_typesupport_introspection_cpp
[0.338s] -- Found rmw_implementation_cmake: 1.0.3 (/opt/ros/foxy/share/rmw_implementation_cmake/cmake)
[0.339s] -- Using RMW implementation 'rmw_fastrtps_cpp' as default
[0.433s] -- Found geometry_msgs: 2.0.5 (/opt/ros/foxy/share/geometry_msgs/cmake)
[0.455s] -- Found rosidl_default_generators: 1.0.1 (/opt/ros/foxy/share/rosidl_default_generators/cmake)
[0.477s] -- Found PythonInterp: /usr/bin/python3 (found version "3.8.10") 
[0.589s] -- Found ament_cmake_ros: 0.9.2 (/opt/ros/foxy/share/ament_cmake_ros/cmake)
[0.751s] -- Using all available rosidl_typesupport_c: rosidl_typesupport_fastrtps_c;rosidl_typesupport_introspection_c
[0.820s] -- Using all available rosidl_typesupport_cpp: rosidl_typesupport_fastrtps_cpp;rosidl_typesupport_introspection_cpp
[0.839s] -- Found PythonInterp: /usr/bin/python3 (found suitable version "3.8.10", minimum required is "3.5") 
[0.839s] -- Found python_cmake_module: 0.8.1 (/opt/ros/foxy/share/python_cmake_module/cmake)
[0.856s] -- Using PYTHON_EXECUTABLE: /usr/bin/python3
[0.856s] -- Using PYTHON_INCLUDE_DIRS: /usr/include/python3.8
[0.856s] -- Using PYTHON_LIBRARIES: /usr/lib/x86_64-linux-gnu/libpython3.8.so
[0.894s] -- Configuring done
[0.928s] -- Generating done
[0.930s] -- Build files have been written to: /home/magnum/ros2_msg/build/my_robot_message
[0.957s] [  3%] Built target my_robot_message__cpp
[0.959s] [ 12%] Built target my_robot_message__rosidl_generator_c
[0.975s] [ 22%] Built target my_robot_message__rosidl_typesupport_introspection_cpp
[0.976s] [ 32%] Built target my_robot_message__rosidl_typesupport_introspection_c
[0.977s] [ 41%] Built target my_robot_message__rosidl_typesupport_c
[0.977s] [ 51%] Built target my_robot_message__rosidl_typesupport_cpp
[0.980s] [ 61%] Built target my_robot_message__rosidl_typesupport_fastrtps_cpp
[1.000s] [ 70%] Built target my_robot_message__rosidl_typesupport_fastrtps_c
[1.014s] [ 70%] Built target my_robot_message
[1.032s] [ 74%] Built target my_robot_message__py
[1.063s] [ 80%] Built target my_robot_message__python
[1.084s] [100%] Built target my_robot_message__rosidl_typesupport_introspection_c__pyext
[1.084s] [100%] Built target my_robot_message__rosidl_typesupport_c__pyext
[1.084s] [100%] Built target my_robot_message__rosidl_typesupport_fastrtps_c__pyext
[1.094s] Invoked command in '/home/magnum/ros2_msg/build/my_robot_message' returned '0': CMAKE_PREFIX_PATH=${CMAKE_PREFIX_PATH}:/home/magnum/ros2_msg/install/python:/opt/ros/foxy /usr/bin/cmake --build /home/magnum/ros2_msg/build/my_robot_message -- -j8 -l8
[1.136s] Invoking command in '/home/magnum/ros2_msg/build/my_robot_message': CMAKE_PREFIX_PATH=${CMAKE_PREFIX_PATH}:/home/magnum/ros2_msg/install/python:/opt/ros/foxy /usr/bin/cmake --install /home/magnum/ros2_msg/build/my_robot_message
[1.143s] -- Install configuration: ""
[1.143s] -- Up-to-date: /home/magnum/ros2_msg/install/my_robot_message/share/ament_index/resource_index/rosidl_interfaces/my_robot_message
[1.143s] -- Up-to-date: /home/magnum/ros2_msg/install/my_robot_message/include/my_robot_message
[1.143s] -- Up-to-date: /home/magnum/ros2_msg/install/my_robot_message/include/my_robot_message/msg
[1.143s] -- Up-to-date: /home/magnum/ros2_msg/install/my_robot_message/include/my_robot_message/msg/coordinates.h
[1.143s] -- Up-to-date: /home/magnum/ros2_msg/install/my_robot_message/include/my_robot_message/msg/detail
[1.143s] -- Up-to-date: /home/magnum/ros2_msg/install/my_robot_message/include/my_robot_message/msg/detail/coordinates__type_support.h
[1.143s] -- Up-to-date: /home/magnum/ros2_msg/install/my_robot_message/include/my_robot_message/msg/detail/coordinates__struct.h
[1.143s] -- Up-to-date: /home/magnum/ros2_msg/install/my_robot_message/include/my_robot_message/msg/detail/coordinates__functions.h
[1.143s] -- Up-to-date: /home/magnum/ros2_msg/install/my_robot_message/include/my_robot_message/msg/detail/coordinates__functions.c
[1.143s] -- Up-to-date: /home/magnum/ros2_msg/install/my_robot_message/include/my_robot_message/msg/rosidl_generator_c__visibility_control.h
[1.143s] -- Up-to-date: /home/magnum/ros2_msg/install/my_robot_message/share/my_robot_message/environment/library_path.sh
[1.143s] -- Installing: /home/magnum/ros2_msg/install/my_robot_message/share/my_robot_message/environment/library_path.dsv
[1.143s] -- Up-to-date: /home/magnum/ros2_msg/install/my_robot_message/lib/libmy_robot_message__rosidl_generator_c.so
[1.144s] -- Up-to-date: /home/magnum/ros2_msg/install/my_robot_message/include/my_robot_message
[1.144s] -- Up-to-date: /home/magnum/ros2_msg/install/my_robot_message/include/my_robot_message/msg
[1.144s] -- Up-to-date: /home/magnum/ros2_msg/install/my_robot_message/include/my_robot_message/msg/rosidl_typesupport_fastrtps_c__visibility_control.h
[1.144s] -- Up-to-date: /home/magnum/ros2_msg/install/my_robot_message/include/my_robot_message/msg/detail
[1.144s] -- Up-to-date: /home/magnum/ros2_msg/install/my_robot_message/include/my_robot_message/msg/detail/coordinates__rosidl_typesupport_fastrtps_c.h
[1.144s] -- Up-to-date: /home/magnum/ros2_msg/install/my_robot_message/lib/libmy_robot_message__rosidl_typesupport_fastrtps_c.so
[1.144s] -- Up-to-date: /home/magnum/ros2_msg/install/my_robot_message/include/my_robot_message
[1.144s] -- Up-to-date: /home/magnum/ros2_msg/install/my_robot_message/include/my_robot_message/msg
[1.144s] -- Up-to-date: /home/magnum/ros2_msg/install/my_robot_message/include/my_robot_message/msg/detail
[1.144s] -- Up-to-date: /home/magnum/ros2_msg/install/my_robot_message/include/my_robot_message/msg/detail/dds_fastrtps
[1.144s] -- Up-to-date: /home/magnum/ros2_msg/install/my_robot_message/include/my_robot_message/msg/detail/coordinates__rosidl_typesupport_fastrtps_cpp.hpp
[1.144s] -- Up-to-date: /home/magnum/ros2_msg/install/my_robot_message/include/my_robot_message/msg/rosidl_typesupport_fastrtps_cpp__visibility_control.h
[1.144s] -- Up-to-date: /home/magnum/ros2_msg/install/my_robot_message/lib/libmy_robot_message__rosidl_typesupport_fastrtps_cpp.so
[1.144s] -- Up-to-date: /home/magnum/ros2_msg/install/my_robot_message/include/my_robot_message
[1.144s] -- Up-to-date: /home/magnum/ros2_msg/install/my_robot_message/include/my_robot_message/msg
[1.144s] -- Up-to-date: /home/magnum/ros2_msg/install/my_robot_message/include/my_robot_message/msg/rosidl_typesupport_introspection_c__visibility_control.h
[1.145s] -- Up-to-date: /home/magnum/ros2_msg/install/my_robot_message/include/my_robot_message/msg/detail
[1.145s] -- Up-to-date: /home/magnum/ros2_msg/install/my_robot_message/include/my_robot_message/msg/detail/coordinates__type_support.c
[1.145s] -- Up-to-date: /home/magnum/ros2_msg/install/my_robot_message/include/my_robot_message/msg/detail/coordinates__rosidl_typesupport_introspection_c.h
[1.145s] -- Up-to-date: /home/magnum/ros2_msg/install/my_robot_message/lib/libmy_robot_message__rosidl_typesupport_introspection_c.so
[1.145s] -- Up-to-date: /home/magnum/ros2_msg/install/my_robot_message/lib/libmy_robot_message__rosidl_typesupport_c.so
[1.145s] -- Up-to-date: /home/magnum/ros2_msg/install/my_robot_message/include/my_robot_message
[1.145s] -- Up-to-date: /home/magnum/ros2_msg/install/my_robot_message/include/my_robot_message/msg
[1.145s] -- Up-to-date: /home/magnum/ros2_msg/install/my_robot_message/include/my_robot_message/msg/detail
[1.145s] -- Up-to-date: /home/magnum/ros2_msg/install/my_robot_message/include/my_robot_message/msg/detail/coordinates__traits.hpp
[1.145s] -- Up-to-date: /home/magnum/ros2_msg/install/my_robot_message/include/my_robot_message/msg/detail/coordinates__builder.hpp
[1.145s] -- Up-to-date: /home/magnum/ros2_msg/install/my_robot_message/include/my_robot_message/msg/detail/coordinates__struct.hpp
[1.145s] -- Up-to-date: /home/magnum/ros2_msg/install/my_robot_message/include/my_robot_message/msg/coordinates.hpp
[1.145s] -- Up-to-date: /home/magnum/ros2_msg/install/my_robot_message/include/my_robot_message
[1.145s] -- Up-to-date: /home/magnum/ros2_msg/install/my_robot_message/include/my_robot_message/msg
[1.145s] -- Up-to-date: /home/magnum/ros2_msg/install/my_robot_message/include/my_robot_message/msg/detail
[1.145s] -- Up-to-date: /home/magnum/ros2_msg/install/my_robot_message/include/my_robot_message/msg/detail/coordinates__type_support.cpp
[1.146s] -- Up-to-date: /home/magnum/ros2_msg/install/my_robot_message/include/my_robot_message/msg/detail/coordinates__rosidl_typesupport_introspection_cpp.hpp
[1.146s] -- Up-to-date: /home/magnum/ros2_msg/install/my_robot_message/lib/libmy_robot_message__rosidl_typesupport_introspection_cpp.so
[1.146s] -- Up-to-date: /home/magnum/ros2_msg/install/my_robot_message/lib/libmy_robot_message__rosidl_typesupport_cpp.so
[1.146s] -- Up-to-date: /home/magnum/ros2_msg/install/my_robot_message/share/my_robot_message/environment/pythonpath.sh
[1.146s] -- Installing: /home/magnum/ros2_msg/install/my_robot_message/share/my_robot_message/environment/pythonpath.dsv
[1.146s] -- Installing: /home/magnum/ros2_msg/install/my_robot_message/lib/python3.8/site-packages/my_robot_message/__init__.py
[1.168s] Compiling '/home/magnum/ros2_msg/install/my_robot_message/lib/python3.8/site-packages/my_robot_message/__init__.py'...
[1.171s] -- Up-to-date: /home/magnum/ros2_msg/install/my_robot_message/lib/python3.8/site-packages/my_robot_message/msg
[1.171s] -- Up-to-date: /home/magnum/ros2_msg/install/my_robot_message/lib/python3.8/site-packages/my_robot_message/msg/_coordinates.py
[1.171s] -- Up-to-date: /home/magnum/ros2_msg/install/my_robot_message/lib/python3.8/site-packages/my_robot_message/msg/__init__.py
[1.171s] -- Up-to-date: /home/magnum/ros2_msg/install/my_robot_message/lib/python3.8/site-packages/my_robot_message/msg/_coordinates_s.c
[1.171s] -- Up-to-date: /home/magnum/ros2_msg/install/my_robot_message/lib/python3.8/site-packages/my_robot_message/my_robot_message_s__rosidl_typesupport_fastrtps_c.cpython-38-x86_64-linux-gnu.so
[1.172s] -- Up-to-date: /home/magnum/ros2_msg/install/my_robot_message/lib/python3.8/site-packages/my_robot_message/my_robot_message_s__rosidl_typesupport_introspection_c.cpython-38-x86_64-linux-gnu.so
[1.172s] -- Up-to-date: /home/magnum/ros2_msg/install/my_robot_message/lib/python3.8/site-packages/my_robot_message/my_robot_message_s__rosidl_typesupport_c.cpython-38-x86_64-linux-gnu.so
[1.172s] -- Up-to-date: /home/magnum/ros2_msg/install/my_robot_message/lib/libmy_robot_message__python.so
[1.173s] -- Up-to-date: /home/magnum/ros2_msg/install/my_robot_message/share/my_robot_message/msg/Coordinates.idl
[1.173s] -- Up-to-date: /home/magnum/ros2_msg/install/my_robot_message/share/my_robot_message/msg/Coordinates.msg
[1.173s] -- Up-to-date: /home/magnum/ros2_msg/install/my_robot_message/share/ament_index/resource_index/package_run_dependencies/my_robot_message
[1.173s] -- Installing: /home/magnum/ros2_msg/install/my_robot_message/share/ament_index/resource_index/parent_prefix_path/my_robot_message
[1.173s] -- Up-to-date: /home/magnum/ros2_msg/install/my_robot_message/share/my_robot_message/environment/ament_prefix_path.sh
[1.173s] -- Installing: /home/magnum/ros2_msg/install/my_robot_message/share/my_robot_message/environment/ament_prefix_path.dsv
[1.173s] -- Up-to-date: /home/magnum/ros2_msg/install/my_robot_message/share/my_robot_message/environment/path.sh
[1.173s] -- Installing: /home/magnum/ros2_msg/install/my_robot_message/share/my_robot_message/environment/path.dsv
[1.173s] -- Up-to-date: /home/magnum/ros2_msg/install/my_robot_message/share/my_robot_message/local_setup.bash
[1.173s] -- Up-to-date: /home/magnum/ros2_msg/install/my_robot_message/share/my_robot_message/local_setup.sh
[1.173s] -- Up-to-date: /home/magnum/ros2_msg/install/my_robot_message/share/my_robot_message/local_setup.zsh
[1.174s] -- Installing: /home/magnum/ros2_msg/install/my_robot_message/share/my_robot_message/local_setup.dsv
[1.174s] -- Installing: /home/magnum/ros2_msg/install/my_robot_message/share/my_robot_message/package.dsv
[1.174s] -- Up-to-date: /home/magnum/ros2_msg/install/my_robot_message/share/ament_index/resource_index/packages/my_robot_message
[1.174s] -- Up-to-date: /home/magnum/ros2_msg/install/my_robot_message/share/my_robot_message/cmake/my_robot_message__rosidl_generator_cExport.cmake
[1.174s] -- Installing: /home/magnum/ros2_msg/install/my_robot_message/share/my_robot_message/cmake/my_robot_message__rosidl_generator_cExport-noconfig.cmake
[1.174s] -- Up-to-date: /home/magnum/ros2_msg/install/my_robot_message/share/my_robot_message/cmake/my_robot_message__rosidl_typesupport_introspection_cExport.cmake
[1.174s] -- Installing: /home/magnum/ros2_msg/install/my_robot_message/share/my_robot_message/cmake/my_robot_message__rosidl_typesupport_introspection_cExport-noconfig.cmake
[1.174s] -- Up-to-date: /home/magnum/ros2_msg/install/my_robot_message/share/my_robot_message/cmake/my_robot_message__rosidl_typesupport_cExport.cmake
[1.174s] -- Installing: /home/magnum/ros2_msg/install/my_robot_message/share/my_robot_message/cmake/my_robot_message__rosidl_typesupport_cExport-noconfig.cmake
[1.174s] -- Up-to-date: /home/magnum/ros2_msg/install/my_robot_message/share/my_robot_message/cmake/my_robot_message__rosidl_generator_cppExport.cmake
[1.175s] -- Up-to-date: /home/magnum/ros2_msg/install/my_robot_message/share/my_robot_message/cmake/my_robot_message__rosidl_typesupport_introspection_cppExport.cmake
[1.175s] -- Installing: /home/magnum/ros2_msg/install/my_robot_message/share/my_robot_message/cmake/my_robot_message__rosidl_typesupport_introspection_cppExport-noconfig.cmake
[1.175s] -- Up-to-date: /home/magnum/ros2_msg/install/my_robot_message/share/my_robot_message/cmake/my_robot_message__rosidl_typesupport_cppExport.cmake
[1.175s] -- Installing: /home/magnum/ros2_msg/install/my_robot_message/share/my_robot_message/cmake/my_robot_message__rosidl_typesupport_cppExport-noconfig.cmake
[1.175s] -- Up-to-date: /home/magnum/ros2_msg/install/my_robot_message/share/my_robot_message/cmake/rosidl_cmake-extras.cmake
[1.175s] -- Installing: /home/magnum/ros2_msg/install/my_robot_message/share/my_robot_message/cmake/ament_cmake_export_dependencies-extras.cmake
[1.175s] -- Up-to-date: /home/magnum/ros2_msg/install/my_robot_message/share/my_robot_message/cmake/ament_cmake_export_libraries-extras.cmake
[1.175s] -- Up-to-date: /home/magnum/ros2_msg/install/my_robot_message/share/my_robot_message/cmake/ament_cmake_export_targets-extras.cmake
[1.175s] -- Up-to-date: /home/magnum/ros2_msg/install/my_robot_message/share/my_robot_message/cmake/ament_cmake_export_include_directories-extras.cmake
[1.175s] -- Up-to-date: /home/magnum/ros2_msg/install/my_robot_message/share/my_robot_message/cmake/rosidl_cmake_export_typesupport_libraries-extras.cmake
[1.175s] -- Up-to-date: /home/magnum/ros2_msg/install/my_robot_message/share/my_robot_message/cmake/rosidl_cmake_export_typesupport_targets-extras.cmake
[1.175s] -- Up-to-date: /home/magnum/ros2_msg/install/my_robot_message/share/my_robot_message/cmake/my_robot_messageConfig.cmake
[1.175s] -- Up-to-date: /home/magnum/ros2_msg/install/my_robot_message/share/my_robot_message/cmake/my_robot_messageConfig-version.cmake
[1.176s] -- Up-to-date: /home/magnum/ros2_msg/install/my_robot_message/share/my_robot_message/package.xml
[1.178s] Invoked command in '/home/magnum/ros2_msg/build/my_robot_message' returned '0': CMAKE_PREFIX_PATH=${CMAKE_PREFIX_PATH}:/home/magnum/ros2_msg/install/python:/opt/ros/foxy /usr/bin/cmake --install /home/magnum/ros2_msg/build/my_robot_message
