[0.104s] DEBUG:colcon:Command line arguments: ['/usr/bin/colcon', 'build']
[0.104s] DEBUG:colcon:Parsed command line arguments: Namespace(allow_overriding=[], ament_cmake_args=None, base_paths=['.'], build_base='build', catkin_cmake_args=None, catkin_skip_building_tests=False, cmake_args=None, cmake_clean_cache=False, cmake_clean_first=False, cmake_force_configure=False, cmake_target=None, cmake_target_skip_unavailable=False, continue_on_error=False, event_handlers=None, executor='parallel', ignore_user_meta=False, install_base='install', log_base=None, log_level=None, main=<bound method BuildVerb.main of <colcon_core.verb.build.BuildVerb object at 0x7fa253b49100>>, merge_install=False, metas=['./colcon.meta'], packages_above=None, packages_above_and_dependencies=None, packages_above_depth=None, packages_end=None, packages_ignore=None, packages_ignore_regex=None, packages_select=None, packages_select_build_failed=False, packages_select_by_dep=None, packages_select_regex=None, packages_select_test_failures=False, packages_skip=None, packages_skip_build_finished=False, packages_skip_by_dep=None, packages_skip_regex=None, packages_skip_test_passed=False, packages_skip_up_to=None, packages_start=None, packages_up_to=None, packages_up_to_regex=None, parallel_workers=8, paths=None, symlink_install=False, test_result_base=None, verb_extension=<colcon_core.verb.build.BuildVerb object at 0x7fa253b49100>, verb_name='build', verb_parser=<colcon_defaults.argument_parser.defaults.DefaultArgumentsDecorator object at 0x7fa253b49640>)
[0.120s] Level 1:colcon.colcon_core.package_discovery:discover_packages(colcon_meta) check parameters
[0.120s] Level 1:colcon.colcon_core.package_discovery:discover_packages(recursive) check parameters
[0.120s] Level 1:colcon.colcon_core.package_discovery:discover_packages(ignore) check parameters
[0.120s] Level 1:colcon.colcon_core.package_discovery:discover_packages(path) check parameters
[0.120s] Level 1:colcon.colcon_core.package_discovery:discover_packages(colcon_meta) discover
[0.120s] Level 1:colcon.colcon_core.package_discovery:discover_packages(recursive) discover
[0.120s] INFO:colcon.colcon_core.package_discovery:Crawling recursively for packages in '/home/magnum/ros2_msg'
[0.120s] Level 1:colcon.colcon_core.package_identification:_identify(.) by extensions ['ignore', 'ignore_ament_install']
[0.120s] Level 1:colcon.colcon_core.package_identification:_identify(.) by extension 'ignore'
[0.120s] Level 1:colcon.colcon_core.package_identification:_identify(.) by extension 'ignore_ament_install'
[0.120s] Level 1:colcon.colcon_core.package_identification:_identify(.) by extensions ['colcon_pkg']
[0.120s] Level 1:colcon.colcon_core.package_identification:_identify(.) by extension 'colcon_pkg'
[0.120s] Level 1:colcon.colcon_core.package_identification:_identify(.) by extensions ['colcon_meta']
[0.120s] Level 1:colcon.colcon_core.package_identification:_identify(.) by extension 'colcon_meta'
[0.120s] Level 1:colcon.colcon_core.package_identification:_identify(.) by extensions ['ros']
[0.120s] Level 1:colcon.colcon_core.package_identification:_identify(.) by extension 'ros'
[0.134s] Level 1:colcon.colcon_core.package_identification:_identify(.) by extensions ['cmake', 'python']
[0.135s] Level 1:colcon.colcon_core.package_identification:_identify(.) by extension 'cmake'
[0.135s] Level 1:colcon.colcon_core.package_identification:_identify(.) by extension 'python'
[0.135s] Level 1:colcon.colcon_core.package_identification:_identify(.) by extensions ['python_setup_py']
[0.135s] Level 1:colcon.colcon_core.package_identification:_identify(.) by extension 'python_setup_py'
[0.135s] Level 1:colcon.colcon_core.package_identification:_identify(build) by extensions ['ignore', 'ignore_ament_install']
[0.135s] Level 1:colcon.colcon_core.package_identification:_identify(build) by extension 'ignore'
[0.135s] Level 1:colcon.colcon_core.package_identification:_identify(build) ignored
[0.135s] Level 1:colcon.colcon_core.package_identification:_identify(install) by extensions ['ignore', 'ignore_ament_install']
[0.135s] Level 1:colcon.colcon_core.package_identification:_identify(install) by extension 'ignore'
[0.135s] Level 1:colcon.colcon_core.package_identification:_identify(install) ignored
[0.135s] Level 1:colcon.colcon_core.package_identification:_identify(log) by extensions ['ignore', 'ignore_ament_install']
[0.135s] Level 1:colcon.colcon_core.package_identification:_identify(log) by extension 'ignore'
[0.135s] Level 1:colcon.colcon_core.package_identification:_identify(log) ignored
[0.135s] Level 1:colcon.colcon_core.package_identification:_identify(src) by extensions ['ignore', 'ignore_ament_install']
[0.135s] Level 1:colcon.colcon_core.package_identification:_identify(src) by extension 'ignore'
[0.135s] Level 1:colcon.colcon_core.package_identification:_identify(src) by extension 'ignore_ament_install'
[0.135s] Level 1:colcon.colcon_core.package_identification:_identify(src) by extensions ['colcon_pkg']
[0.135s] Level 1:colcon.colcon_core.package_identification:_identify(src) by extension 'colcon_pkg'
[0.135s] Level 1:colcon.colcon_core.package_identification:_identify(src) by extensions ['colcon_meta']
[0.135s] Level 1:colcon.colcon_core.package_identification:_identify(src) by extension 'colcon_meta'
[0.135s] Level 1:colcon.colcon_core.package_identification:_identify(src) by extensions ['ros']
[0.135s] Level 1:colcon.colcon_core.package_identification:_identify(src) by extension 'ros'
[0.135s] Level 1:colcon.colcon_core.package_identification:_identify(src) by extensions ['cmake', 'python']
[0.135s] Level 1:colcon.colcon_core.package_identification:_identify(src) by extension 'cmake'
[0.136s] Level 1:colcon.colcon_core.package_identification:_identify(src) by extension 'python'
[0.136s] Level 1:colcon.colcon_core.package_identification:_identify(src) by extensions ['python_setup_py']
[0.136s] Level 1:colcon.colcon_core.package_identification:_identify(src) by extension 'python_setup_py'
[0.136s] Level 1:colcon.colcon_core.package_identification:_identify(src/my_robot_message) by extensions ['ignore', 'ignore_ament_install']
[0.136s] Level 1:colcon.colcon_core.package_identification:_identify(src/my_robot_message) by extension 'ignore'
[0.136s] Level 1:colcon.colcon_core.package_identification:_identify(src/my_robot_message) by extension 'ignore_ament_install'
[0.136s] Level 1:colcon.colcon_core.package_identification:_identify(src/my_robot_message) by extensions ['colcon_pkg']
[0.136s] Level 1:colcon.colcon_core.package_identification:_identify(src/my_robot_message) by extension 'colcon_pkg'
[0.136s] Level 1:colcon.colcon_core.package_identification:_identify(src/my_robot_message) by extensions ['colcon_meta']
[0.136s] Level 1:colcon.colcon_core.package_identification:_identify(src/my_robot_message) by extension 'colcon_meta'
[0.136s] Level 1:colcon.colcon_core.package_identification:_identify(src/my_robot_message) by extensions ['ros']
[0.136s] Level 1:colcon.colcon_core.package_identification:_identify(src/my_robot_message) by extension 'ros'
[0.138s] DEBUG:colcon.colcon_core.package_identification:Package 'src/my_robot_message' with type 'ros.ament_cmake' and name 'my_robot_message'
[0.138s] Level 1:colcon.colcon_core.package_identification:_identify(src/python) by extensions ['ignore', 'ignore_ament_install']
[0.138s] Level 1:colcon.colcon_core.package_identification:_identify(src/python) by extension 'ignore'
[0.138s] Level 1:colcon.colcon_core.package_identification:_identify(src/python) by extension 'ignore_ament_install'
[0.138s] Level 1:colcon.colcon_core.package_identification:_identify(src/python) by extensions ['colcon_pkg']
[0.138s] Level 1:colcon.colcon_core.package_identification:_identify(src/python) by extension 'colcon_pkg'
[0.138s] Level 1:colcon.colcon_core.package_identification:_identify(src/python) by extensions ['colcon_meta']
[0.138s] Level 1:colcon.colcon_core.package_identification:_identify(src/python) by extension 'colcon_meta'
[0.138s] Level 1:colcon.colcon_core.package_identification:_identify(src/python) by extensions ['ros']
[0.138s] Level 1:colcon.colcon_core.package_identification:_identify(src/python) by extension 'ros'
[0.139s] DEBUG:colcon.colcon_core.package_identification:Package 'src/python' with type 'ros.ament_python' and name 'python'
[0.139s] Level 1:colcon.colcon_core.package_discovery:discover_packages(recursive) using defaults
[0.139s] Level 1:colcon.colcon_core.package_discovery:discover_packages(ignore) discover
[0.139s] Level 1:colcon.colcon_core.package_discovery:discover_packages(ignore) using defaults
[0.139s] Level 1:colcon.colcon_core.package_discovery:discover_packages(path) discover
[0.139s] Level 1:colcon.colcon_core.package_discovery:discover_packages(path) using defaults
[0.152s] Level 1:colcon.colcon_core.package_discovery:discover_packages(prefix_path) check parameters
[0.152s] Level 1:colcon.colcon_core.package_discovery:discover_packages(prefix_path) discover
[0.154s] DEBUG:colcon.colcon_installed_package_information.package_discovery:Found 3 installed packages in /home/magnum/ros2_msg/install
[0.155s] DEBUG:colcon.colcon_installed_package_information.package_discovery:Found 386 installed packages in /opt/ros/foxy
[0.157s] Level 1:colcon.colcon_core.package_discovery:discover_packages(prefix_path) using defaults
[0.217s] Level 5:colcon.colcon_core.verb:set package 'my_robot_message' build argument 'cmake_args' from command line to 'None'
[0.217s] Level 5:colcon.colcon_core.verb:set package 'my_robot_message' build argument 'cmake_target' from command line to 'None'
[0.217s] Level 5:colcon.colcon_core.verb:set package 'my_robot_message' build argument 'cmake_target_skip_unavailable' from command line to 'False'
[0.217s] Level 5:colcon.colcon_core.verb:set package 'my_robot_message' build argument 'cmake_clean_cache' from command line to 'False'
[0.217s] Level 5:colcon.colcon_core.verb:set package 'my_robot_message' build argument 'cmake_clean_first' from command line to 'False'
[0.217s] Level 5:colcon.colcon_core.verb:set package 'my_robot_message' build argument 'cmake_force_configure' from command line to 'False'
[0.217s] Level 5:colcon.colcon_core.verb:set package 'my_robot_message' build argument 'ament_cmake_args' from command line to 'None'
[0.217s] Level 5:colcon.colcon_core.verb:set package 'my_robot_message' build argument 'catkin_cmake_args' from command line to 'None'
[0.217s] Level 5:colcon.colcon_core.verb:set package 'my_robot_message' build argument 'catkin_skip_building_tests' from command line to 'False'
[0.217s] DEBUG:colcon.colcon_core.verb:Building package 'my_robot_message' with the following arguments: {'ament_cmake_args': None, 'build_base': '/home/magnum/ros2_msg/build/my_robot_message', 'catkin_cmake_args': None, 'catkin_skip_building_tests': False, 'cmake_args': None, 'cmake_clean_cache': False, 'cmake_clean_first': False, 'cmake_force_configure': False, 'cmake_target': None, 'cmake_target_skip_unavailable': False, 'install_base': '/home/magnum/ros2_msg/install/my_robot_message', 'merge_install': False, 'path': '/home/magnum/ros2_msg/src/my_robot_message', 'symlink_install': False, 'test_result_base': None}
[0.218s] Level 5:colcon.colcon_core.verb:set package 'python' build argument 'cmake_args' from command line to 'None'
[0.218s] Level 5:colcon.colcon_core.verb:set package 'python' build argument 'cmake_target' from command line to 'None'
[0.218s] Level 5:colcon.colcon_core.verb:set package 'python' build argument 'cmake_target_skip_unavailable' from command line to 'False'
[0.218s] Level 5:colcon.colcon_core.verb:set package 'python' build argument 'cmake_clean_cache' from command line to 'False'
[0.218s] Level 5:colcon.colcon_core.verb:set package 'python' build argument 'cmake_clean_first' from command line to 'False'
[0.218s] Level 5:colcon.colcon_core.verb:set package 'python' build argument 'cmake_force_configure' from command line to 'False'
[0.218s] Level 5:colcon.colcon_core.verb:set package 'python' build argument 'ament_cmake_args' from command line to 'None'
[0.218s] Level 5:colcon.colcon_core.verb:set package 'python' build argument 'catkin_cmake_args' from command line to 'None'
[0.218s] Level 5:colcon.colcon_core.verb:set package 'python' build argument 'catkin_skip_building_tests' from command line to 'False'
[0.218s] DEBUG:colcon.colcon_core.verb:Building package 'python' with the following arguments: {'ament_cmake_args': None, 'build_base': '/home/magnum/ros2_msg/build/python', 'catkin_cmake_args': None, 'catkin_skip_building_tests': False, 'cmake_args': None, 'cmake_clean_cache': False, 'cmake_clean_first': False, 'cmake_force_configure': False, 'cmake_target': None, 'cmake_target_skip_unavailable': False, 'install_base': '/home/magnum/ros2_msg/install/python', 'merge_install': False, 'path': '/home/magnum/ros2_msg/src/python', 'symlink_install': False, 'test_result_base': None}
[0.218s] INFO:colcon.colcon_core.executor:Executing jobs using 'parallel' executor
[0.221s] DEBUG:colcon.colcon_parallel_executor.executor.parallel:run_until_complete
[0.221s] INFO:colcon.colcon_ros.task.ament_cmake.build:Building ROS package in '/home/magnum/ros2_msg/src/my_robot_message' with build type 'ament_cmake'
[0.222s] INFO:colcon.colcon_cmake.task.cmake.build:Building CMake package in '/home/magnum/ros2_msg/src/my_robot_message'
[0.225s] INFO:colcon.colcon_core.plugin_system:Skipping extension 'colcon_core.shell.bat': Not used on non-Windows systems
[0.225s] INFO:colcon.colcon_core.shell:Skip shell extension 'powershell' for command environment: Not usable outside of PowerShell
[0.225s] DEBUG:colcon.colcon_core.shell:Skip shell extension 'dsv' for command environment
[0.236s] DEBUG:colcon.colcon_core.event_handler.log_command:Invoking command in '/home/magnum/ros2_msg/build/my_robot_message': CMAKE_PREFIX_PATH=${CMAKE_PREFIX_PATH}:/home/magnum/ros2_msg/install/python:/opt/ros/foxy /usr/bin/cmake --build /home/magnum/ros2_msg/build/my_robot_message -- -j8 -l8
[1.316s] DEBUG:colcon.colcon_core.event_handler.log_command:Invoked command in '/home/magnum/ros2_msg/build/my_robot_message' returned '0': CMAKE_PREFIX_PATH=${CMAKE_PREFIX_PATH}:/home/magnum/ros2_msg/install/python:/opt/ros/foxy /usr/bin/cmake --build /home/magnum/ros2_msg/build/my_robot_message -- -j8 -l8
[1.359s] DEBUG:colcon.colcon_core.event_handler.log_command:Invoking command in '/home/magnum/ros2_msg/build/my_robot_message': CMAKE_PREFIX_PATH=${CMAKE_PREFIX_PATH}:/home/magnum/ros2_msg/install/python:/opt/ros/foxy /usr/bin/cmake --install /home/magnum/ros2_msg/build/my_robot_message
[1.399s] Level 1:colcon.colcon_core.environment:create_environment_scripts_only(my_robot_message)
[1.400s] DEBUG:colcon.colcon_core.event_handler.log_command:Invoked command in '/home/magnum/ros2_msg/build/my_robot_message' returned '0': CMAKE_PREFIX_PATH=${CMAKE_PREFIX_PATH}:/home/magnum/ros2_msg/install/python:/opt/ros/foxy /usr/bin/cmake --install /home/magnum/ros2_msg/build/my_robot_message
[1.403s] Level 1:colcon.colcon_core.environment:checking '/home/magnum/ros2_msg/install/my_robot_message' for CMake module files
[1.403s] Level 1:colcon.colcon_core.environment:checking '/home/magnum/ros2_msg/install/my_robot_message' for CMake config files
[1.404s] Level 1:colcon.colcon_core.shell:create_environment_hook('my_robot_message', 'cmake_prefix_path')
[1.405s] INFO:colcon.colcon_core.shell:Creating environment hook '/home/magnum/ros2_msg/install/my_robot_message/share/my_robot_message/hook/cmake_prefix_path.ps1'
[1.405s] INFO:colcon.colcon_core.shell:Creating environment descriptor '/home/magnum/ros2_msg/install/my_robot_message/share/my_robot_message/hook/cmake_prefix_path.dsv'
[1.406s] INFO:colcon.colcon_core.shell:Creating environment hook '/home/magnum/ros2_msg/install/my_robot_message/share/my_robot_message/hook/cmake_prefix_path.sh'
[1.406s] Level 1:colcon.colcon_core.environment:checking '/home/magnum/ros2_msg/install/my_robot_message/lib'
[1.406s] Level 1:colcon.colcon_core.shell:create_environment_hook('my_robot_message', 'ld_library_path_lib')
[1.407s] INFO:colcon.colcon_core.shell:Creating environment hook '/home/magnum/ros2_msg/install/my_robot_message/share/my_robot_message/hook/ld_library_path_lib.ps1'
[1.408s] INFO:colcon.colcon_core.shell:Creating environment descriptor '/home/magnum/ros2_msg/install/my_robot_message/share/my_robot_message/hook/ld_library_path_lib.dsv'
[1.408s] INFO:colcon.colcon_core.shell:Creating environment hook '/home/magnum/ros2_msg/install/my_robot_message/share/my_robot_message/hook/ld_library_path_lib.sh'
[1.408s] Level 1:colcon.colcon_core.environment:checking '/home/magnum/ros2_msg/install/my_robot_message/bin'
[1.408s] Level 1:colcon.colcon_core.environment:checking '/home/magnum/ros2_msg/install/my_robot_message/lib/pkgconfig/my_robot_message.pc'
[1.408s] Level 1:colcon.colcon_core.environment:checking '/home/magnum/ros2_msg/install/my_robot_message/lib/python3.8/site-packages'
[1.408s] Level 1:colcon.colcon_core.shell:create_environment_hook('my_robot_message', 'pythonpath')
[1.409s] INFO:colcon.colcon_core.shell:Creating environment hook '/home/magnum/ros2_msg/install/my_robot_message/share/my_robot_message/hook/pythonpath.ps1'
[1.409s] INFO:colcon.colcon_core.shell:Creating environment descriptor '/home/magnum/ros2_msg/install/my_robot_message/share/my_robot_message/hook/pythonpath.dsv'
[1.410s] INFO:colcon.colcon_core.shell:Creating environment hook '/home/magnum/ros2_msg/install/my_robot_message/share/my_robot_message/hook/pythonpath.sh'
[1.410s] Level 1:colcon.colcon_core.environment:checking '/home/magnum/ros2_msg/install/my_robot_message/bin'
[1.411s] INFO:colcon.colcon_core.shell:Creating package script '/home/magnum/ros2_msg/install/my_robot_message/share/my_robot_message/package.ps1'
[1.412s] INFO:colcon.colcon_core.shell:Creating package descriptor '/home/magnum/ros2_msg/install/my_robot_message/share/my_robot_message/package.dsv'
[1.412s] INFO:colcon.colcon_core.shell:Creating package script '/home/magnum/ros2_msg/install/my_robot_message/share/my_robot_message/package.sh'
[1.413s] INFO:colcon.colcon_core.shell:Creating package script '/home/magnum/ros2_msg/install/my_robot_message/share/my_robot_message/package.bash'
[1.413s] INFO:colcon.colcon_core.shell:Creating package script '/home/magnum/ros2_msg/install/my_robot_message/share/my_robot_message/package.zsh'
[1.413s] Level 1:colcon.colcon_core.environment:create_file_with_runtime_dependencies(/home/magnum/ros2_msg/install/my_robot_message/share/colcon-core/packages/my_robot_message)
[1.448s] Level 1:colcon.colcon_core.environment:create_environment_scripts_only(my_robot_message)
[1.450s] Level 1:colcon.colcon_core.environment:checking '/home/magnum/ros2_msg/install/my_robot_message' for CMake module files
[1.451s] Level 1:colcon.colcon_core.environment:checking '/home/magnum/ros2_msg/install/my_robot_message' for CMake config files
[1.451s] Level 1:colcon.colcon_core.shell:create_environment_hook('my_robot_message', 'cmake_prefix_path')
[1.452s] INFO:colcon.colcon_core.shell:Creating environment hook '/home/magnum/ros2_msg/install/my_robot_message/share/my_robot_message/hook/cmake_prefix_path.ps1'
[1.452s] INFO:colcon.colcon_core.shell:Creating environment descriptor '/home/magnum/ros2_msg/install/my_robot_message/share/my_robot_message/hook/cmake_prefix_path.dsv'
[1.452s] INFO:colcon.colcon_core.shell:Creating environment hook '/home/magnum/ros2_msg/install/my_robot_message/share/my_robot_message/hook/cmake_prefix_path.sh'
[1.453s] Level 1:colcon.colcon_core.environment:checking '/home/magnum/ros2_msg/install/my_robot_message/lib'
[1.453s] Level 1:colcon.colcon_core.shell:create_environment_hook('my_robot_message', 'ld_library_path_lib')
[1.454s] INFO:colcon.colcon_core.shell:Creating environment hook '/home/magnum/ros2_msg/install/my_robot_message/share/my_robot_message/hook/ld_library_path_lib.ps1'
[1.454s] INFO:colcon.colcon_core.shell:Creating environment descriptor '/home/magnum/ros2_msg/install/my_robot_message/share/my_robot_message/hook/ld_library_path_lib.dsv'
[1.454s] INFO:colcon.colcon_core.shell:Creating environment hook '/home/magnum/ros2_msg/install/my_robot_message/share/my_robot_message/hook/ld_library_path_lib.sh'
[1.454s] Level 1:colcon.colcon_core.environment:checking '/home/magnum/ros2_msg/install/my_robot_message/bin'
[1.454s] Level 1:colcon.colcon_core.environment:checking '/home/magnum/ros2_msg/install/my_robot_message/lib/pkgconfig/my_robot_message.pc'
[1.455s] Level 1:colcon.colcon_core.environment:checking '/home/magnum/ros2_msg/install/my_robot_message/lib/python3.8/site-packages'
[1.455s] Level 1:colcon.colcon_core.shell:create_environment_hook('my_robot_message', 'pythonpath')
[1.456s] INFO:colcon.colcon_core.shell:Creating environment hook '/home/magnum/ros2_msg/install/my_robot_message/share/my_robot_message/hook/pythonpath.ps1'
[1.456s] INFO:colcon.colcon_core.shell:Creating environment descriptor '/home/magnum/ros2_msg/install/my_robot_message/share/my_robot_message/hook/pythonpath.dsv'
[1.456s] INFO:colcon.colcon_core.shell:Creating environment hook '/home/magnum/ros2_msg/install/my_robot_message/share/my_robot_message/hook/pythonpath.sh'
[1.457s] Level 1:colcon.colcon_core.environment:checking '/home/magnum/ros2_msg/install/my_robot_message/bin'
[1.458s] INFO:colcon.colcon_core.shell:Creating package script '/home/magnum/ros2_msg/install/my_robot_message/share/my_robot_message/package.ps1'
[1.458s] INFO:colcon.colcon_core.shell:Creating package descriptor '/home/magnum/ros2_msg/install/my_robot_message/share/my_robot_message/package.dsv'
[1.458s] INFO:colcon.colcon_core.shell:Creating package script '/home/magnum/ros2_msg/install/my_robot_message/share/my_robot_message/package.sh'
[1.459s] INFO:colcon.colcon_core.shell:Creating package script '/home/magnum/ros2_msg/install/my_robot_message/share/my_robot_message/package.bash'
[1.459s] INFO:colcon.colcon_core.shell:Creating package script '/home/magnum/ros2_msg/install/my_robot_message/share/my_robot_message/package.zsh'
[1.459s] Level 1:colcon.colcon_core.environment:create_file_with_runtime_dependencies(/home/magnum/ros2_msg/install/my_robot_message/share/colcon-core/packages/my_robot_message)
[1.459s] INFO:colcon.colcon_ros.task.ament_python.build:Building ROS package in '/home/magnum/ros2_msg/src/python' with build type 'ament_python'
[1.460s] Level 1:colcon.colcon_core.shell:create_environment_hook('python', 'ament_prefix_path')
[1.460s] INFO:colcon.colcon_core.shell:Creating environment hook '/home/magnum/ros2_msg/install/python/share/python/hook/ament_prefix_path.ps1'
[1.461s] INFO:colcon.colcon_core.shell:Creating environment descriptor '/home/magnum/ros2_msg/install/python/share/python/hook/ament_prefix_path.dsv'
[1.461s] INFO:colcon.colcon_core.shell:Creating environment hook '/home/magnum/ros2_msg/install/python/share/python/hook/ament_prefix_path.sh'
[1.462s] INFO:colcon.colcon_core.shell:Skip shell extension 'powershell' for command environment: Not usable outside of PowerShell
[1.462s] DEBUG:colcon.colcon_core.shell:Skip shell extension 'dsv' for command environment
[1.643s] INFO:colcon.colcon_core.task.python.build:Building Python package in '/home/magnum/ros2_msg/src/python'
[1.644s] INFO:colcon.colcon_core.shell:Skip shell extension 'powershell' for command environment: Not usable outside of PowerShell
[1.644s] DEBUG:colcon.colcon_core.shell:Skip shell extension 'dsv' for command environment
[1.949s] DEBUG:colcon.colcon_core.event_handler.log_command:Invoking command in '/home/magnum/ros2_msg/src/python': CMAKE_PREFIX_PATH=/home/magnum/ros2_msg/install/my_robot_message:/home/magnum/ros2_msg/install/ros2_message PYTHONPATH=/home/magnum/ros2_msg/build/python/prefix_override:/home/magnum/ros2_msg/install/python/lib/python3.8/site-packages:/home/magnum/ros2_msg/install/my_robot_message/lib/python3.8/site-packages:/home/magnum/ros2_msg/install/python/lib/python3.8/site-packages:/opt/ros/foxy/lib/python/site-packages:/opt/ros/foxy/lib/python3.8/site-packages /usr/bin/python3 setup.py egg_info --egg-base ../../build/python build --build-base /home/magnum/ros2_msg/build/python/build install --record /home/magnum/ros2_msg/build/python/install.log --install-scripts $base/lib/python --single-version-externally-managed
[2.169s] Level 1:colcon.colcon_core.environment:checking '/home/magnum/ros2_msg/install/python' for CMake module files
[2.169s] DEBUG:colcon.colcon_core.event_handler.log_command:Invoked command in '/home/magnum/ros2_msg/src/python' returned '0': CMAKE_PREFIX_PATH=/home/magnum/ros2_msg/install/my_robot_message:/home/magnum/ros2_msg/install/ros2_message PYTHONPATH=/home/magnum/ros2_msg/build/python/prefix_override:/home/magnum/ros2_msg/install/python/lib/python3.8/site-packages:/home/magnum/ros2_msg/install/my_robot_message/lib/python3.8/site-packages:/home/magnum/ros2_msg/install/python/lib/python3.8/site-packages:/opt/ros/foxy/lib/python/site-packages:/opt/ros/foxy/lib/python3.8/site-packages /usr/bin/python3 setup.py egg_info --egg-base ../../build/python build --build-base /home/magnum/ros2_msg/build/python/build install --record /home/magnum/ros2_msg/build/python/install.log --install-scripts $base/lib/python --single-version-externally-managed
[2.170s] Level 1:colcon.colcon_core.environment:checking '/home/magnum/ros2_msg/install/python' for CMake config files
[2.170s] Level 1:colcon.colcon_core.environment:checking '/home/magnum/ros2_msg/install/python/lib'
[2.170s] Level 1:colcon.colcon_core.environment:checking '/home/magnum/ros2_msg/install/python/bin'
[2.170s] Level 1:colcon.colcon_core.environment:checking '/home/magnum/ros2_msg/install/python/lib/pkgconfig/python.pc'
[2.170s] Level 1:colcon.colcon_core.environment:checking '/home/magnum/ros2_msg/install/python/lib/python3.8/site-packages'
[2.170s] Level 1:colcon.colcon_core.shell:create_environment_hook('python', 'pythonpath')
[2.171s] INFO:colcon.colcon_core.shell:Creating environment hook '/home/magnum/ros2_msg/install/python/share/python/hook/pythonpath.ps1'
[2.172s] INFO:colcon.colcon_core.shell:Creating environment descriptor '/home/magnum/ros2_msg/install/python/share/python/hook/pythonpath.dsv'
[2.172s] INFO:colcon.colcon_core.shell:Creating environment hook '/home/magnum/ros2_msg/install/python/share/python/hook/pythonpath.sh'
[2.172s] Level 1:colcon.colcon_core.environment:checking '/home/magnum/ros2_msg/install/python/bin'
[2.172s] Level 1:colcon.colcon_core.environment:create_environment_scripts_only(python)
[2.173s] INFO:colcon.colcon_core.shell:Creating package script '/home/magnum/ros2_msg/install/python/share/python/package.ps1'
[2.174s] INFO:colcon.colcon_core.shell:Creating package descriptor '/home/magnum/ros2_msg/install/python/share/python/package.dsv'
[2.174s] INFO:colcon.colcon_core.shell:Creating package script '/home/magnum/ros2_msg/install/python/share/python/package.sh'
[2.174s] INFO:colcon.colcon_core.shell:Creating package script '/home/magnum/ros2_msg/install/python/share/python/package.bash'
[2.174s] INFO:colcon.colcon_core.shell:Creating package script '/home/magnum/ros2_msg/install/python/share/python/package.zsh'
[2.175s] Level 1:colcon.colcon_core.environment:create_file_with_runtime_dependencies(/home/magnum/ros2_msg/install/python/share/colcon-core/packages/python)
[2.175s] DEBUG:colcon.colcon_parallel_executor.executor.parallel:closing loop
[2.175s] DEBUG:colcon.colcon_parallel_executor.executor.parallel:loop closed
[2.175s] DEBUG:colcon.colcon_parallel_executor.executor.parallel:run_until_complete finished with '0'
[2.175s] DEBUG:colcon.colcon_core.event_reactor:joining thread
[2.180s] INFO:colcon.colcon_core.plugin_system:Skipping extension 'colcon_notification.desktop_notification.terminal_notifier': Not used on non-Darwin systems
[2.180s] INFO:colcon.colcon_core.plugin_system:Skipping extension 'colcon_notification.desktop_notification.win32': Not used on non-Windows systems
[2.180s] INFO:colcon.colcon_notification.desktop_notification:Sending desktop notification using 'notify2'
[2.190s] DEBUG:colcon.colcon_core.event_reactor:joined thread
[2.191s] INFO:colcon.colcon_core.shell:Creating prefix script '/home/magnum/ros2_msg/install/local_setup.ps1'
[2.192s] INFO:colcon.colcon_core.shell:Creating prefix util module '/home/magnum/ros2_msg/install/_local_setup_util_ps1.py'
[2.194s] INFO:colcon.colcon_core.shell:Creating prefix chain script '/home/magnum/ros2_msg/install/setup.ps1'
[2.195s] INFO:colcon.colcon_core.shell:Creating prefix script '/home/magnum/ros2_msg/install/local_setup.sh'
[2.195s] INFO:colcon.colcon_core.shell:Creating prefix util module '/home/magnum/ros2_msg/install/_local_setup_util_sh.py'
[2.196s] INFO:colcon.colcon_core.shell:Creating prefix chain script '/home/magnum/ros2_msg/install/setup.sh'
[2.197s] INFO:colcon.colcon_core.shell:Creating prefix script '/home/magnum/ros2_msg/install/local_setup.bash'
[2.197s] INFO:colcon.colcon_core.shell:Creating prefix chain script '/home/magnum/ros2_msg/install/setup.bash'
[2.198s] INFO:colcon.colcon_core.shell:Creating prefix script '/home/magnum/ros2_msg/install/local_setup.zsh'
[2.198s] INFO:colcon.colcon_core.shell:Creating prefix chain script '/home/magnum/ros2_msg/install/setup.zsh'
