[0.017s] Invoking command in '/home/magnum/ros2_msg/build/my_robot_message': CMAKE_PREFIX_PATH=${CMAKE_PREFIX_PATH}:/home/magnum/ros2_msg/install/python:/opt/ros/foxy /usr/bin/cmake --build /home/magnum/ros2_msg/build/my_robot_message -- -j8 -l8
[0.060s] [  3%] Built target my_robot_message__cpp
[0.060s] [ 12%] Built target my_robot_message__rosidl_generator_c
[0.078s] [ 32%] Built target my_robot_message__rosidl_typesupport_introspection_cpp
[0.078s] [ 32%] Built target my_robot_message__rosidl_typesupport_c
[0.078s] [ 41%] Built target my_robot_message__rosidl_typesupport_introspection_c
[0.095s] [ 51%] Built target my_robot_message__rosidl_typesupport_cpp
[0.099s] [ 61%] Built target my_robot_message__rosidl_typesupport_fastrtps_cpp
[0.121s] [ 70%] Built target my_robot_message__rosidl_typesupport_fastrtps_c
[0.138s] [ 70%] Built target my_robot_message
[0.153s] [ 74%] Built target my_robot_message__py
[0.174s] [ 80%] Built target my_robot_message__python
[0.195s] [100%] Built target my_robot_message__rosidl_typesupport_c__pyext
[0.195s] [100%] Built target my_robot_message__rosidl_typesupport_introspection_c__pyext
[0.195s] [100%] Built target my_robot_message__rosidl_typesupport_fastrtps_c__pyext
[0.204s] Invoked command in '/home/magnum/ros2_msg/build/my_robot_message' returned '0': CMAKE_PREFIX_PATH=${CMAKE_PREFIX_PATH}:/home/magnum/ros2_msg/install/python:/opt/ros/foxy /usr/bin/cmake --build /home/magnum/ros2_msg/build/my_robot_message -- -j8 -l8
[0.251s] Invoking command in '/home/magnum/ros2_msg/build/my_robot_message': CMAKE_PREFIX_PATH=${CMAKE_PREFIX_PATH}:/home/magnum/ros2_msg/install/python:/opt/ros/foxy /usr/bin/cmake --install /home/magnum/ros2_msg/build/my_robot_message
[0.259s] -- Install configuration: ""
[0.259s] -- Up-to-date: /home/magnum/ros2_msg/install/my_robot_message/share/ament_index/resource_index/rosidl_interfaces/my_robot_message
[0.260s] -- Up-to-date: /home/magnum/ros2_msg/install/my_robot_message/include/my_robot_message
[0.260s] -- Up-to-date: /home/magnum/ros2_msg/install/my_robot_message/include/my_robot_message/msg
[0.260s] -- Up-to-date: /home/magnum/ros2_msg/install/my_robot_message/include/my_robot_message/msg/coordinates.h
[0.260s] -- Up-to-date: /home/magnum/ros2_msg/install/my_robot_message/include/my_robot_message/msg/detail
[0.260s] -- Up-to-date: /home/magnum/ros2_msg/install/my_robot_message/include/my_robot_message/msg/detail/coordinates__type_support.h
[0.260s] -- Up-to-date: /home/magnum/ros2_msg/install/my_robot_message/include/my_robot_message/msg/detail/coordinates__struct.h
[0.260s] -- Up-to-date: /home/magnum/ros2_msg/install/my_robot_message/include/my_robot_message/msg/detail/coordinates__functions.h
[0.260s] -- Up-to-date: /home/magnum/ros2_msg/install/my_robot_message/include/my_robot_message/msg/detail/coordinates__functions.c
[0.260s] -- Up-to-date: /home/magnum/ros2_msg/install/my_robot_message/include/my_robot_message/msg/rosidl_generator_c__visibility_control.h
[0.260s] -- Up-to-date: /home/magnum/ros2_msg/install/my_robot_message/share/my_robot_message/environment/library_path.sh
[0.260s] -- Up-to-date: /home/magnum/ros2_msg/install/my_robot_message/share/my_robot_message/environment/library_path.dsv
[0.261s] -- Up-to-date: /home/magnum/ros2_msg/install/my_robot_message/lib/libmy_robot_message__rosidl_generator_c.so
[0.261s] -- Up-to-date: /home/magnum/ros2_msg/install/my_robot_message/include/my_robot_message
[0.261s] -- Up-to-date: /home/magnum/ros2_msg/install/my_robot_message/include/my_robot_message/msg
[0.261s] -- Up-to-date: /home/magnum/ros2_msg/install/my_robot_message/include/my_robot_message/msg/rosidl_typesupport_fastrtps_c__visibility_control.h
[0.261s] -- Up-to-date: /home/magnum/ros2_msg/install/my_robot_message/include/my_robot_message/msg/detail
[0.261s] -- Up-to-date: /home/magnum/ros2_msg/install/my_robot_message/include/my_robot_message/msg/detail/coordinates__rosidl_typesupport_fastrtps_c.h
[0.261s] -- Up-to-date: /home/magnum/ros2_msg/install/my_robot_message/lib/libmy_robot_message__rosidl_typesupport_fastrtps_c.so
[0.261s] -- Up-to-date: /home/magnum/ros2_msg/install/my_robot_message/include/my_robot_message
[0.261s] -- Up-to-date: /home/magnum/ros2_msg/install/my_robot_message/include/my_robot_message/msg
[0.261s] -- Up-to-date: /home/magnum/ros2_msg/install/my_robot_message/include/my_robot_message/msg/detail
[0.261s] -- Up-to-date: /home/magnum/ros2_msg/install/my_robot_message/include/my_robot_message/msg/detail/dds_fastrtps
[0.261s] -- Up-to-date: /home/magnum/ros2_msg/install/my_robot_message/include/my_robot_message/msg/detail/coordinates__rosidl_typesupport_fastrtps_cpp.hpp
[0.262s] -- Up-to-date: /home/magnum/ros2_msg/install/my_robot_message/include/my_robot_message/msg/rosidl_typesupport_fastrtps_cpp__visibility_control.h
[0.262s] -- Up-to-date: /home/magnum/ros2_msg/install/my_robot_message/lib/libmy_robot_message__rosidl_typesupport_fastrtps_cpp.so
[0.262s] -- Up-to-date: /home/magnum/ros2_msg/install/my_robot_message/include/my_robot_message
[0.262s] -- Up-to-date: /home/magnum/ros2_msg/install/my_robot_message/include/my_robot_message/msg
[0.262s] -- Up-to-date: /home/magnum/ros2_msg/install/my_robot_message/include/my_robot_message/msg/rosidl_typesupport_introspection_c__visibility_control.h
[0.262s] -- Up-to-date: /home/magnum/ros2_msg/install/my_robot_message/include/my_robot_message/msg/detail
[0.262s] -- Up-to-date: /home/magnum/ros2_msg/install/my_robot_message/include/my_robot_message/msg/detail/coordinates__type_support.c
[0.262s] -- Up-to-date: /home/magnum/ros2_msg/install/my_robot_message/include/my_robot_message/msg/detail/coordinates__rosidl_typesupport_introspection_c.h
[0.262s] -- Up-to-date: /home/magnum/ros2_msg/install/my_robot_message/lib/libmy_robot_message__rosidl_typesupport_introspection_c.so
[0.262s] -- Up-to-date: /home/magnum/ros2_msg/install/my_robot_message/lib/libmy_robot_message__rosidl_typesupport_c.so
[0.262s] -- Up-to-date: /home/magnum/ros2_msg/install/my_robot_message/include/my_robot_message
[0.263s] -- Up-to-date: /home/magnum/ros2_msg/install/my_robot_message/include/my_robot_message/msg
[0.263s] -- Up-to-date: /home/magnum/ros2_msg/install/my_robot_message/include/my_robot_message/msg/detail
[0.263s] -- Up-to-date: /home/magnum/ros2_msg/install/my_robot_message/include/my_robot_message/msg/detail/coordinates__traits.hpp
[0.263s] -- Up-to-date: /home/magnum/ros2_msg/install/my_robot_message/include/my_robot_message/msg/detail/coordinates__builder.hpp
[0.263s] -- Up-to-date: /home/magnum/ros2_msg/install/my_robot_message/include/my_robot_message/msg/detail/coordinates__struct.hpp
[0.263s] -- Up-to-date: /home/magnum/ros2_msg/install/my_robot_message/include/my_robot_message/msg/coordinates.hpp
[0.263s] -- Up-to-date: /home/magnum/ros2_msg/install/my_robot_message/include/my_robot_message
[0.263s] -- Up-to-date: /home/magnum/ros2_msg/install/my_robot_message/include/my_robot_message/msg
[0.263s] -- Up-to-date: /home/magnum/ros2_msg/install/my_robot_message/include/my_robot_message/msg/detail
[0.263s] -- Up-to-date: /home/magnum/ros2_msg/install/my_robot_message/include/my_robot_message/msg/detail/coordinates__type_support.cpp
[0.263s] -- Up-to-date: /home/magnum/ros2_msg/install/my_robot_message/include/my_robot_message/msg/detail/coordinates__rosidl_typesupport_introspection_cpp.hpp
[0.263s] -- Up-to-date: /home/magnum/ros2_msg/install/my_robot_message/lib/libmy_robot_message__rosidl_typesupport_introspection_cpp.so
[0.263s] -- Up-to-date: /home/magnum/ros2_msg/install/my_robot_message/lib/libmy_robot_message__rosidl_typesupport_cpp.so
[0.263s] -- Up-to-date: /home/magnum/ros2_msg/install/my_robot_message/share/my_robot_message/environment/pythonpath.sh
[0.264s] -- Up-to-date: /home/magnum/ros2_msg/install/my_robot_message/share/my_robot_message/environment/pythonpath.dsv
[0.264s] -- Up-to-date: /home/magnum/ros2_msg/install/my_robot_message/lib/python3.8/site-packages/my_robot_message/__init__.py
[0.290s] -- Up-to-date: /home/magnum/ros2_msg/install/my_robot_message/lib/python3.8/site-packages/my_robot_message/msg
[0.290s] -- Up-to-date: /home/magnum/ros2_msg/install/my_robot_message/lib/python3.8/site-packages/my_robot_message/msg/_coordinates.py
[0.290s] -- Up-to-date: /home/magnum/ros2_msg/install/my_robot_message/lib/python3.8/site-packages/my_robot_message/msg/__init__.py
[0.290s] -- Up-to-date: /home/magnum/ros2_msg/install/my_robot_message/lib/python3.8/site-packages/my_robot_message/msg/_coordinates_s.c
[0.290s] -- Up-to-date: /home/magnum/ros2_msg/install/my_robot_message/lib/python3.8/site-packages/my_robot_message/my_robot_message_s__rosidl_typesupport_fastrtps_c.cpython-38-x86_64-linux-gnu.so
[0.290s] -- Up-to-date: /home/magnum/ros2_msg/install/my_robot_message/lib/python3.8/site-packages/my_robot_message/my_robot_message_s__rosidl_typesupport_introspection_c.cpython-38-x86_64-linux-gnu.so
[0.291s] -- Up-to-date: /home/magnum/ros2_msg/install/my_robot_message/lib/python3.8/site-packages/my_robot_message/my_robot_message_s__rosidl_typesupport_c.cpython-38-x86_64-linux-gnu.so
[0.291s] -- Up-to-date: /home/magnum/ros2_msg/install/my_robot_message/lib/libmy_robot_message__python.so
[0.291s] -- Up-to-date: /home/magnum/ros2_msg/install/my_robot_message/share/my_robot_message/msg/Coordinates.idl
[0.291s] -- Up-to-date: /home/magnum/ros2_msg/install/my_robot_message/share/my_robot_message/msg/Coordinates.msg
[0.292s] -- Up-to-date: /home/magnum/ros2_msg/install/my_robot_message/share/ament_index/resource_index/package_run_dependencies/my_robot_message
[0.292s] -- Up-to-date: /home/magnum/ros2_msg/install/my_robot_message/share/ament_index/resource_index/parent_prefix_path/my_robot_message
[0.292s] -- Up-to-date: /home/magnum/ros2_msg/install/my_robot_message/share/my_robot_message/environment/ament_prefix_path.sh
[0.292s] -- Up-to-date: /home/magnum/ros2_msg/install/my_robot_message/share/my_robot_message/environment/ament_prefix_path.dsv
[0.292s] -- Up-to-date: /home/magnum/ros2_msg/install/my_robot_message/share/my_robot_message/environment/path.sh
[0.292s] -- Up-to-date: /home/magnum/ros2_msg/install/my_robot_message/share/my_robot_message/environment/path.dsv
[0.292s] -- Up-to-date: /home/magnum/ros2_msg/install/my_robot_message/share/my_robot_message/local_setup.bash
[0.292s] -- Up-to-date: /home/magnum/ros2_msg/install/my_robot_message/share/my_robot_message/local_setup.sh
[0.292s] -- Up-to-date: /home/magnum/ros2_msg/install/my_robot_message/share/my_robot_message/local_setup.zsh
[0.292s] -- Up-to-date: /home/magnum/ros2_msg/install/my_robot_message/share/my_robot_message/local_setup.dsv
[0.293s] -- Up-to-date: /home/magnum/ros2_msg/install/my_robot_message/share/my_robot_message/package.dsv
[0.293s] -- Up-to-date: /home/magnum/ros2_msg/install/my_robot_message/share/ament_index/resource_index/packages/my_robot_message
[0.293s] -- Up-to-date: /home/magnum/ros2_msg/install/my_robot_message/share/my_robot_message/cmake/my_robot_message__rosidl_generator_cExport.cmake
[0.293s] -- Up-to-date: /home/magnum/ros2_msg/install/my_robot_message/share/my_robot_message/cmake/my_robot_message__rosidl_generator_cExport-noconfig.cmake
[0.293s] -- Up-to-date: /home/magnum/ros2_msg/install/my_robot_message/share/my_robot_message/cmake/my_robot_message__rosidl_typesupport_introspection_cExport.cmake
[0.293s] -- Up-to-date: /home/magnum/ros2_msg/install/my_robot_message/share/my_robot_message/cmake/my_robot_message__rosidl_typesupport_introspection_cExport-noconfig.cmake
[0.293s] -- Up-to-date: /home/magnum/ros2_msg/install/my_robot_message/share/my_robot_message/cmake/my_robot_message__rosidl_typesupport_cExport.cmake
[0.293s] -- Up-to-date: /home/magnum/ros2_msg/install/my_robot_message/share/my_robot_message/cmake/my_robot_message__rosidl_typesupport_cExport-noconfig.cmake
[0.293s] -- Up-to-date: /home/magnum/ros2_msg/install/my_robot_message/share/my_robot_message/cmake/my_robot_message__rosidl_generator_cppExport.cmake
[0.293s] -- Up-to-date: /home/magnum/ros2_msg/install/my_robot_message/share/my_robot_message/cmake/my_robot_message__rosidl_typesupport_introspection_cppExport.cmake
[0.293s] -- Up-to-date: /home/magnum/ros2_msg/install/my_robot_message/share/my_robot_message/cmake/my_robot_message__rosidl_typesupport_introspection_cppExport-noconfig.cmake
[0.293s] -- Up-to-date: /home/magnum/ros2_msg/install/my_robot_message/share/my_robot_message/cmake/my_robot_message__rosidl_typesupport_cppExport.cmake
[0.293s] -- Up-to-date: /home/magnum/ros2_msg/install/my_robot_message/share/my_robot_message/cmake/my_robot_message__rosidl_typesupport_cppExport-noconfig.cmake
[0.294s] -- Up-to-date: /home/magnum/ros2_msg/install/my_robot_message/share/my_robot_message/cmake/rosidl_cmake-extras.cmake
[0.294s] -- Up-to-date: /home/magnum/ros2_msg/install/my_robot_message/share/my_robot_message/cmake/ament_cmake_export_dependencies-extras.cmake
[0.294s] -- Up-to-date: /home/magnum/ros2_msg/install/my_robot_message/share/my_robot_message/cmake/ament_cmake_export_libraries-extras.cmake
[0.294s] -- Up-to-date: /home/magnum/ros2_msg/install/my_robot_message/share/my_robot_message/cmake/ament_cmake_export_targets-extras.cmake
[0.294s] -- Up-to-date: /home/magnum/ros2_msg/install/my_robot_message/share/my_robot_message/cmake/ament_cmake_export_include_directories-extras.cmake
[0.294s] -- Up-to-date: /home/magnum/ros2_msg/install/my_robot_message/share/my_robot_message/cmake/rosidl_cmake_export_typesupport_libraries-extras.cmake
[0.294s] -- Up-to-date: /home/magnum/ros2_msg/install/my_robot_message/share/my_robot_message/cmake/rosidl_cmake_export_typesupport_targets-extras.cmake
[0.294s] -- Up-to-date: /home/magnum/ros2_msg/install/my_robot_message/share/my_robot_message/cmake/my_robot_messageConfig.cmake
[0.294s] -- Up-to-date: /home/magnum/ros2_msg/install/my_robot_message/share/my_robot_message/cmake/my_robot_messageConfig-version.cmake
[0.294s] -- Up-to-date: /home/magnum/ros2_msg/install/my_robot_message/share/my_robot_message/package.xml
[0.296s] Invoked command in '/home/magnum/ros2_msg/build/my_robot_message' returned '0': CMAKE_PREFIX_PATH=${CMAKE_PREFIX_PATH}:/home/magnum/ros2_msg/install/python:/opt/ros/foxy /usr/bin/cmake --install /home/magnum/ros2_msg/build/my_robot_message
