[0.105s] DEBUG:colcon:Command line arguments: ['/usr/bin/colcon', 'build', '--symlink-install']
[0.106s] DEBUG:colcon:Parsed command line arguments: Namespace(allow_overriding=[], ament_cmake_args=None, base_paths=['.'], build_base='build', catkin_cmake_args=None, catkin_skip_building_tests=False, cmake_args=None, cmake_clean_cache=False, cmake_clean_first=False, cmake_force_configure=False, cmake_target=None, cmake_target_skip_unavailable=False, continue_on_error=False, event_handlers=None, executor='parallel', ignore_user_meta=False, install_base='install', log_base=None, log_level=None, main=<bound method BuildVerb.main of <colcon_core.verb.build.BuildVerb object at 0x7fcd90a1fd90>>, merge_install=False, metas=['./colcon.meta'], packages_above=None, packages_above_and_dependencies=None, packages_above_depth=None, packages_end=None, packages_ignore=None, packages_ignore_regex=None, packages_select=None, packages_select_build_failed=False, packages_select_by_dep=None, packages_select_regex=None, packages_select_test_failures=False, packages_skip=None, packages_skip_build_finished=False, packages_skip_by_dep=None, packages_skip_regex=None, packages_skip_test_passed=False, packages_skip_up_to=None, packages_start=None, packages_up_to=None, packages_up_to_regex=None, parallel_workers=8, paths=None, symlink_install=True, test_result_base=None, verb_extension=<colcon_core.verb.build.BuildVerb object at 0x7fcd90a1fd90>, verb_name='build', verb_parser=<colcon_defaults.argument_parser.defaults.DefaultArgumentsDecorator object at 0x7fcd90a29340>)
[0.121s] Level 1:colcon.colcon_core.package_discovery:discover_packages(colcon_meta) check parameters
[0.121s] Level 1:colcon.colcon_core.package_discovery:discover_packages(recursive) check parameters
[0.121s] Level 1:colcon.colcon_core.package_discovery:discover_packages(ignore) check parameters
[0.121s] Level 1:colcon.colcon_core.package_discovery:discover_packages(path) check parameters
[0.121s] Level 1:colcon.colcon_core.package_discovery:discover_packages(colcon_meta) discover
[0.121s] Level 1:colcon.colcon_core.package_discovery:discover_packages(recursive) discover
[0.121s] INFO:colcon.colcon_core.package_discovery:Crawling recursively for packages in '/home/magnum/ros2_msg'
[0.121s] Level 1:colcon.colcon_core.package_identification:_identify(.) by extensions ['ignore', 'ignore_ament_install']
[0.121s] Level 1:colcon.colcon_core.package_identification:_identify(.) by extension 'ignore'
[0.121s] Level 1:colcon.colcon_core.package_identification:_identify(.) by extension 'ignore_ament_install'
[0.121s] Level 1:colcon.colcon_core.package_identification:_identify(.) by extensions ['colcon_pkg']
[0.121s] Level 1:colcon.colcon_core.package_identification:_identify(.) by extension 'colcon_pkg'
[0.121s] Level 1:colcon.colcon_core.package_identification:_identify(.) by extensions ['colcon_meta']
[0.122s] Level 1:colcon.colcon_core.package_identification:_identify(.) by extension 'colcon_meta'
[0.122s] Level 1:colcon.colcon_core.package_identification:_identify(.) by extensions ['ros']
[0.122s] Level 1:colcon.colcon_core.package_identification:_identify(.) by extension 'ros'
[0.136s] Level 1:colcon.colcon_core.package_identification:_identify(.) by extensions ['cmake', 'python']
[0.136s] Level 1:colcon.colcon_core.package_identification:_identify(.) by extension 'cmake'
[0.136s] Level 1:colcon.colcon_core.package_identification:_identify(.) by extension 'python'
[0.136s] Level 1:colcon.colcon_core.package_identification:_identify(.) by extensions ['python_setup_py']
[0.136s] Level 1:colcon.colcon_core.package_identification:_identify(.) by extension 'python_setup_py'
[0.136s] Level 1:colcon.colcon_core.package_identification:_identify(build) by extensions ['ignore', 'ignore_ament_install']
[0.136s] Level 1:colcon.colcon_core.package_identification:_identify(build) by extension 'ignore'
[0.136s] Level 1:colcon.colcon_core.package_identification:_identify(build) ignored
[0.136s] Level 1:colcon.colcon_core.package_identification:_identify(install) by extensions ['ignore', 'ignore_ament_install']
[0.136s] Level 1:colcon.colcon_core.package_identification:_identify(install) by extension 'ignore'
[0.136s] Level 1:colcon.colcon_core.package_identification:_identify(install) ignored
[0.136s] Level 1:colcon.colcon_core.package_identification:_identify(log) by extensions ['ignore', 'ignore_ament_install']
[0.136s] Level 1:colcon.colcon_core.package_identification:_identify(log) by extension 'ignore'
[0.136s] Level 1:colcon.colcon_core.package_identification:_identify(log) ignored
[0.136s] Level 1:colcon.colcon_core.package_identification:_identify(src) by extensions ['ignore', 'ignore_ament_install']
[0.136s] Level 1:colcon.colcon_core.package_identification:_identify(src) by extension 'ignore'
[0.136s] Level 1:colcon.colcon_core.package_identification:_identify(src) by extension 'ignore_ament_install'
[0.136s] Level 1:colcon.colcon_core.package_identification:_identify(src) by extensions ['colcon_pkg']
[0.136s] Level 1:colcon.colcon_core.package_identification:_identify(src) by extension 'colcon_pkg'
[0.137s] Level 1:colcon.colcon_core.package_identification:_identify(src) by extensions ['colcon_meta']
[0.137s] Level 1:colcon.colcon_core.package_identification:_identify(src) by extension 'colcon_meta'
[0.137s] Level 1:colcon.colcon_core.package_identification:_identify(src) by extensions ['ros']
[0.137s] Level 1:colcon.colcon_core.package_identification:_identify(src) by extension 'ros'
[0.137s] Level 1:colcon.colcon_core.package_identification:_identify(src) by extensions ['cmake', 'python']
[0.137s] Level 1:colcon.colcon_core.package_identification:_identify(src) by extension 'cmake'
[0.137s] Level 1:colcon.colcon_core.package_identification:_identify(src) by extension 'python'
[0.137s] Level 1:colcon.colcon_core.package_identification:_identify(src) by extensions ['python_setup_py']
[0.137s] Level 1:colcon.colcon_core.package_identification:_identify(src) by extension 'python_setup_py'
[0.137s] Level 1:colcon.colcon_core.package_identification:_identify(src/message_creation) by extensions ['ignore', 'ignore_ament_install']
[0.137s] Level 1:colcon.colcon_core.package_identification:_identify(src/message_creation) by extension 'ignore'
[0.137s] Level 1:colcon.colcon_core.package_identification:_identify(src/message_creation) by extension 'ignore_ament_install'
[0.137s] Level 1:colcon.colcon_core.package_identification:_identify(src/message_creation) by extensions ['colcon_pkg']
[0.137s] Level 1:colcon.colcon_core.package_identification:_identify(src/message_creation) by extension 'colcon_pkg'
[0.137s] Level 1:colcon.colcon_core.package_identification:_identify(src/message_creation) by extensions ['colcon_meta']
[0.137s] Level 1:colcon.colcon_core.package_identification:_identify(src/message_creation) by extension 'colcon_meta'
[0.137s] Level 1:colcon.colcon_core.package_identification:_identify(src/message_creation) by extensions ['ros']
[0.137s] Level 1:colcon.colcon_core.package_identification:_identify(src/message_creation) by extension 'ros'
[0.139s] DEBUG:colcon.colcon_core.package_identification:Package 'src/message_creation' with type 'ros.ament_cmake' and name 'message_creation'
[0.139s] Level 1:colcon.colcon_core.package_identification:_identify(src/my_robot_message) by extensions ['ignore', 'ignore_ament_install']
[0.139s] Level 1:colcon.colcon_core.package_identification:_identify(src/my_robot_message) by extension 'ignore'
[0.139s] Level 1:colcon.colcon_core.package_identification:_identify(src/my_robot_message) by extension 'ignore_ament_install'
[0.139s] Level 1:colcon.colcon_core.package_identification:_identify(src/my_robot_message) by extensions ['colcon_pkg']
[0.139s] Level 1:colcon.colcon_core.package_identification:_identify(src/my_robot_message) by extension 'colcon_pkg'
[0.139s] Level 1:colcon.colcon_core.package_identification:_identify(src/my_robot_message) by extensions ['colcon_meta']
[0.139s] Level 1:colcon.colcon_core.package_identification:_identify(src/my_robot_message) by extension 'colcon_meta'
[0.139s] Level 1:colcon.colcon_core.package_identification:_identify(src/my_robot_message) by extensions ['ros']
[0.139s] Level 1:colcon.colcon_core.package_identification:_identify(src/my_robot_message) by extension 'ros'
[0.140s] DEBUG:colcon.colcon_core.package_identification:Package 'src/my_robot_message' with type 'ros.ament_cmake' and name 'my_robot_message'
[0.140s] Level 1:colcon.colcon_core.package_identification:_identify(src/python) by extensions ['ignore', 'ignore_ament_install']
[0.140s] Level 1:colcon.colcon_core.package_identification:_identify(src/python) by extension 'ignore'
[0.140s] Level 1:colcon.colcon_core.package_identification:_identify(src/python) by extension 'ignore_ament_install'
[0.140s] Level 1:colcon.colcon_core.package_identification:_identify(src/python) by extensions ['colcon_pkg']
[0.140s] Level 1:colcon.colcon_core.package_identification:_identify(src/python) by extension 'colcon_pkg'
[0.140s] Level 1:colcon.colcon_core.package_identification:_identify(src/python) by extensions ['colcon_meta']
[0.140s] Level 1:colcon.colcon_core.package_identification:_identify(src/python) by extension 'colcon_meta'
[0.140s] Level 1:colcon.colcon_core.package_identification:_identify(src/python) by extensions ['ros']
[0.140s] Level 1:colcon.colcon_core.package_identification:_identify(src/python) by extension 'ros'
[0.141s] DEBUG:colcon.colcon_core.package_identification:Package 'src/python' with type 'ros.ament_python' and name 'python'
[0.141s] Level 1:colcon.colcon_core.package_discovery:discover_packages(recursive) using defaults
[0.141s] Level 1:colcon.colcon_core.package_discovery:discover_packages(ignore) discover
[0.141s] Level 1:colcon.colcon_core.package_discovery:discover_packages(ignore) using defaults
[0.141s] Level 1:colcon.colcon_core.package_discovery:discover_packages(path) discover
[0.141s] Level 1:colcon.colcon_core.package_discovery:discover_packages(path) using defaults
[0.154s] Level 1:colcon.colcon_core.package_discovery:discover_packages(prefix_path) check parameters
[0.154s] Level 1:colcon.colcon_core.package_discovery:discover_packages(prefix_path) discover
[0.156s] DEBUG:colcon.colcon_installed_package_information.package_discovery:Found 4 installed packages in /home/magnum/ros2_msg/install
[0.158s] DEBUG:colcon.colcon_installed_package_information.package_discovery:Found 386 installed packages in /opt/ros/foxy
[0.160s] Level 1:colcon.colcon_core.package_discovery:discover_packages(prefix_path) using defaults
[0.211s] Level 5:colcon.colcon_core.verb:set package 'message_creation' build argument 'cmake_args' from command line to 'None'
[0.211s] Level 5:colcon.colcon_core.verb:set package 'message_creation' build argument 'cmake_target' from command line to 'None'
[0.211s] Level 5:colcon.colcon_core.verb:set package 'message_creation' build argument 'cmake_target_skip_unavailable' from command line to 'False'
[0.212s] Level 5:colcon.colcon_core.verb:set package 'message_creation' build argument 'cmake_clean_cache' from command line to 'False'
[0.212s] Level 5:colcon.colcon_core.verb:set package 'message_creation' build argument 'cmake_clean_first' from command line to 'False'
[0.212s] Level 5:colcon.colcon_core.verb:set package 'message_creation' build argument 'cmake_force_configure' from command line to 'False'
[0.212s] Level 5:colcon.colcon_core.verb:set package 'message_creation' build argument 'ament_cmake_args' from command line to 'None'
[0.212s] Level 5:colcon.colcon_core.verb:set package 'message_creation' build argument 'catkin_cmake_args' from command line to 'None'
[0.212s] Level 5:colcon.colcon_core.verb:set package 'message_creation' build argument 'catkin_skip_building_tests' from command line to 'False'
[0.212s] DEBUG:colcon.colcon_core.verb:Building package 'message_creation' with the following arguments: {'ament_cmake_args': None, 'build_base': '/home/magnum/ros2_msg/build/message_creation', 'catkin_cmake_args': None, 'catkin_skip_building_tests': False, 'cmake_args': None, 'cmake_clean_cache': False, 'cmake_clean_first': False, 'cmake_force_configure': False, 'cmake_target': None, 'cmake_target_skip_unavailable': False, 'install_base': '/home/magnum/ros2_msg/install/message_creation', 'merge_install': False, 'path': '/home/magnum/ros2_msg/src/message_creation', 'symlink_install': True, 'test_result_base': None}
[0.213s] Level 5:colcon.colcon_core.verb:set package 'my_robot_message' build argument 'cmake_args' from command line to 'None'
[0.213s] Level 5:colcon.colcon_core.verb:set package 'my_robot_message' build argument 'cmake_target' from command line to 'None'
[0.213s] Level 5:colcon.colcon_core.verb:set package 'my_robot_message' build argument 'cmake_target_skip_unavailable' from command line to 'False'
[0.213s] Level 5:colcon.colcon_core.verb:set package 'my_robot_message' build argument 'cmake_clean_cache' from command line to 'False'
[0.213s] Level 5:colcon.colcon_core.verb:set package 'my_robot_message' build argument 'cmake_clean_first' from command line to 'False'
[0.213s] Level 5:colcon.colcon_core.verb:set package 'my_robot_message' build argument 'cmake_force_configure' from command line to 'False'
[0.213s] Level 5:colcon.colcon_core.verb:set package 'my_robot_message' build argument 'ament_cmake_args' from command line to 'None'
[0.213s] Level 5:colcon.colcon_core.verb:set package 'my_robot_message' build argument 'catkin_cmake_args' from command line to 'None'
[0.213s] Level 5:colcon.colcon_core.verb:set package 'my_robot_message' build argument 'catkin_skip_building_tests' from command line to 'False'
[0.213s] DEBUG:colcon.colcon_core.verb:Building package 'my_robot_message' with the following arguments: {'ament_cmake_args': None, 'build_base': '/home/magnum/ros2_msg/build/my_robot_message', 'catkin_cmake_args': None, 'catkin_skip_building_tests': False, 'cmake_args': None, 'cmake_clean_cache': False, 'cmake_clean_first': False, 'cmake_force_configure': False, 'cmake_target': None, 'cmake_target_skip_unavailable': False, 'install_base': '/home/magnum/ros2_msg/install/my_robot_message', 'merge_install': False, 'path': '/home/magnum/ros2_msg/src/my_robot_message', 'symlink_install': True, 'test_result_base': None}
[0.213s] Level 5:colcon.colcon_core.verb:set package 'python' build argument 'cmake_args' from command line to 'None'
[0.213s] Level 5:colcon.colcon_core.verb:set package 'python' build argument 'cmake_target' from command line to 'None'
[0.213s] Level 5:colcon.colcon_core.verb:set package 'python' build argument 'cmake_target_skip_unavailable' from command line to 'False'
[0.214s] Level 5:colcon.colcon_core.verb:set package 'python' build argument 'cmake_clean_cache' from command line to 'False'
[0.214s] Level 5:colcon.colcon_core.verb:set package 'python' build argument 'cmake_clean_first' from command line to 'False'
[0.214s] Level 5:colcon.colcon_core.verb:set package 'python' build argument 'cmake_force_configure' from command line to 'False'
[0.214s] Level 5:colcon.colcon_core.verb:set package 'python' build argument 'ament_cmake_args' from command line to 'None'
[0.214s] Level 5:colcon.colcon_core.verb:set package 'python' build argument 'catkin_cmake_args' from command line to 'None'
[0.214s] Level 5:colcon.colcon_core.verb:set package 'python' build argument 'catkin_skip_building_tests' from command line to 'False'
[0.214s] DEBUG:colcon.colcon_core.verb:Building package 'python' with the following arguments: {'ament_cmake_args': None, 'build_base': '/home/magnum/ros2_msg/build/python', 'catkin_cmake_args': None, 'catkin_skip_building_tests': False, 'cmake_args': None, 'cmake_clean_cache': False, 'cmake_clean_first': False, 'cmake_force_configure': False, 'cmake_target': None, 'cmake_target_skip_unavailable': False, 'install_base': '/home/magnum/ros2_msg/install/python', 'merge_install': False, 'path': '/home/magnum/ros2_msg/src/python', 'symlink_install': True, 'test_result_base': None}
[0.214s] INFO:colcon.colcon_core.executor:Executing jobs using 'parallel' executor
[0.217s] DEBUG:colcon.colcon_parallel_executor.executor.parallel:run_until_complete
[0.217s] INFO:colcon.colcon_ros.task.ament_cmake.build:Building ROS package in '/home/magnum/ros2_msg/src/my_robot_message' with build type 'ament_cmake'
[0.217s] INFO:colcon.colcon_cmake.task.cmake.build:Building CMake package in '/home/magnum/ros2_msg/src/my_robot_message'
[0.220s] INFO:colcon.colcon_core.plugin_system:Skipping extension 'colcon_core.shell.bat': Not used on non-Windows systems
[0.220s] INFO:colcon.colcon_core.shell:Skip shell extension 'powershell' for command environment: Not usable outside of PowerShell
[0.220s] DEBUG:colcon.colcon_core.shell:Skip shell extension 'dsv' for command environment
[0.225s] INFO:colcon.colcon_ros.task.ament_cmake.build:Building ROS package in '/home/magnum/ros2_msg/src/message_creation' with build type 'ament_cmake'
[0.226s] INFO:colcon.colcon_cmake.task.cmake.build:Building CMake package in '/home/magnum/ros2_msg/src/message_creation'
[0.227s] INFO:colcon.colcon_core.shell:Skip shell extension 'powershell' for command environment: Not usable outside of PowerShell
[0.227s] DEBUG:colcon.colcon_core.shell:Skip shell extension 'dsv' for command environment
[0.237s] DEBUG:colcon.colcon_core.event_handler.log_command:Invoking command in '/home/magnum/ros2_msg/build/my_robot_message': CMAKE_PREFIX_PATH=${CMAKE_PREFIX_PATH}:/home/magnum/ros2_msg/install/python:/opt/ros/foxy /usr/bin/cmake /home/magnum/ros2_msg/src/my_robot_message -DAMENT_CMAKE_SYMLINK_INSTALL=1 -DCMAKE_INSTALL_PREFIX=/home/magnum/ros2_msg/install/my_robot_message
[0.241s] DEBUG:colcon.colcon_core.event_handler.log_command:Invoking command in '/home/magnum/ros2_msg/build/message_creation': CMAKE_PREFIX_PATH=${CMAKE_PREFIX_PATH}:/home/magnum/ros2_msg/install/python:/opt/ros/foxy /usr/bin/cmake /home/magnum/ros2_msg/src/message_creation -DAMENT_CMAKE_SYMLINK_INSTALL=1 -DCMAKE_INSTALL_PREFIX=/home/magnum/ros2_msg/install/message_creation
[0.968s] DEBUG:colcon.colcon_core.event_handler.log_command:Invoked command in '/home/magnum/ros2_msg/build/message_creation' returned '0': CMAKE_PREFIX_PATH=${CMAKE_PREFIX_PATH}:/home/magnum/ros2_msg/install/python:/opt/ros/foxy /usr/bin/cmake /home/magnum/ros2_msg/src/message_creation -DAMENT_CMAKE_SYMLINK_INSTALL=1 -DCMAKE_INSTALL_PREFIX=/home/magnum/ros2_msg/install/message_creation
[0.972s] DEBUG:colcon.colcon_core.event_handler.log_command:Invoking command in '/home/magnum/ros2_msg/build/message_creation': CMAKE_PREFIX_PATH=${CMAKE_PREFIX_PATH}:/home/magnum/ros2_msg/install/python:/opt/ros/foxy /usr/bin/cmake --build /home/magnum/ros2_msg/build/message_creation -- -j8 -l8
[1.226s] DEBUG:colcon.colcon_core.event_handler.log_command:Invoked command in '/home/magnum/ros2_msg/build/my_robot_message' returned '0': CMAKE_PREFIX_PATH=${CMAKE_PREFIX_PATH}:/home/magnum/ros2_msg/install/python:/opt/ros/foxy /usr/bin/cmake /home/magnum/ros2_msg/src/my_robot_message -DAMENT_CMAKE_SYMLINK_INSTALL=1 -DCMAKE_INSTALL_PREFIX=/home/magnum/ros2_msg/install/my_robot_message
[1.228s] DEBUG:colcon.colcon_core.event_handler.log_command:Invoking command in '/home/magnum/ros2_msg/build/my_robot_message': CMAKE_PREFIX_PATH=${CMAKE_PREFIX_PATH}:/home/magnum/ros2_msg/install/python:/opt/ros/foxy /usr/bin/cmake --build /home/magnum/ros2_msg/build/my_robot_message -- -j8 -l8
[1.339s] DEBUG:colcon.colcon_core.event_handler.log_command:Invoked command in '/home/magnum/ros2_msg/build/message_creation' returned '0': CMAKE_PREFIX_PATH=${CMAKE_PREFIX_PATH}:/home/magnum/ros2_msg/install/python:/opt/ros/foxy /usr/bin/cmake --build /home/magnum/ros2_msg/build/message_creation -- -j8 -l8
[1.388s] DEBUG:colcon.colcon_core.event_handler.log_command:Invoking command in '/home/magnum/ros2_msg/build/message_creation': CMAKE_PREFIX_PATH=${CMAKE_PREFIX_PATH}:/home/magnum/ros2_msg/install/python:/opt/ros/foxy /usr/bin/cmake --install /home/magnum/ros2_msg/build/message_creation
[1.651s] DEBUG:colcon.colcon_core.event_handler.log_command:Invoked command in '/home/magnum/ros2_msg/build/my_robot_message' returned '0': CMAKE_PREFIX_PATH=${CMAKE_PREFIX_PATH}:/home/magnum/ros2_msg/install/python:/opt/ros/foxy /usr/bin/cmake --build /home/magnum/ros2_msg/build/my_robot_message -- -j8 -l8
[1.690s] DEBUG:colcon.colcon_core.event_handler.log_command:Invoking command in '/home/magnum/ros2_msg/build/my_robot_message': CMAKE_PREFIX_PATH=${CMAKE_PREFIX_PATH}:/home/magnum/ros2_msg/install/python:/opt/ros/foxy /usr/bin/cmake --install /home/magnum/ros2_msg/build/my_robot_message
[1.825s] Level 1:colcon.colcon_core.environment:create_environment_scripts_only(message_creation)
[1.827s] DEBUG:colcon.colcon_core.event_handler.log_command:Invoked command in '/home/magnum/ros2_msg/build/message_creation' returned '0': CMAKE_PREFIX_PATH=${CMAKE_PREFIX_PATH}:/home/magnum/ros2_msg/install/python:/opt/ros/foxy /usr/bin/cmake --install /home/magnum/ros2_msg/build/message_creation
[1.830s] Level 1:colcon.colcon_core.environment:checking '/home/magnum/ros2_msg/install/message_creation' for CMake module files
[1.830s] Level 1:colcon.colcon_core.environment:checking '/home/magnum/ros2_msg/install/message_creation' for CMake config files
[1.830s] Level 1:colcon.colcon_core.shell:create_environment_hook('message_creation', 'cmake_prefix_path')
[1.831s] INFO:colcon.colcon_core.shell:Creating environment hook '/home/magnum/ros2_msg/install/message_creation/share/message_creation/hook/cmake_prefix_path.ps1'
[1.832s] INFO:colcon.colcon_core.shell:Creating environment descriptor '/home/magnum/ros2_msg/install/message_creation/share/message_creation/hook/cmake_prefix_path.dsv'
[1.832s] INFO:colcon.colcon_core.shell:Creating environment hook '/home/magnum/ros2_msg/install/message_creation/share/message_creation/hook/cmake_prefix_path.sh'
[1.833s] Level 1:colcon.colcon_core.environment:checking '/home/magnum/ros2_msg/install/message_creation/lib'
[1.833s] Level 1:colcon.colcon_core.shell:create_environment_hook('message_creation', 'ld_library_path_lib')
[1.834s] INFO:colcon.colcon_core.shell:Creating environment hook '/home/magnum/ros2_msg/install/message_creation/share/message_creation/hook/ld_library_path_lib.ps1'
[1.835s] INFO:colcon.colcon_core.shell:Creating environment descriptor '/home/magnum/ros2_msg/install/message_creation/share/message_creation/hook/ld_library_path_lib.dsv'
[1.835s] INFO:colcon.colcon_core.shell:Creating environment hook '/home/magnum/ros2_msg/install/message_creation/share/message_creation/hook/ld_library_path_lib.sh'
[1.835s] Level 1:colcon.colcon_core.environment:checking '/home/magnum/ros2_msg/install/message_creation/bin'
[1.835s] Level 1:colcon.colcon_core.environment:checking '/home/magnum/ros2_msg/install/message_creation/lib/pkgconfig/message_creation.pc'
[1.835s] Level 1:colcon.colcon_core.environment:checking '/home/magnum/ros2_msg/install/message_creation/lib/python3.8/site-packages'
[1.835s] Level 1:colcon.colcon_core.shell:create_environment_hook('message_creation', 'pythonpath')
[1.836s] INFO:colcon.colcon_core.shell:Creating environment hook '/home/magnum/ros2_msg/install/message_creation/share/message_creation/hook/pythonpath.ps1'
[1.837s] INFO:colcon.colcon_core.shell:Creating environment descriptor '/home/magnum/ros2_msg/install/message_creation/share/message_creation/hook/pythonpath.dsv'
[1.837s] INFO:colcon.colcon_core.shell:Creating environment hook '/home/magnum/ros2_msg/install/message_creation/share/message_creation/hook/pythonpath.sh'
[1.837s] Level 1:colcon.colcon_core.environment:checking '/home/magnum/ros2_msg/install/message_creation/bin'
[1.838s] INFO:colcon.colcon_core.shell:Creating package script '/home/magnum/ros2_msg/install/message_creation/share/message_creation/package.ps1'
[1.839s] INFO:colcon.colcon_core.shell:Creating package descriptor '/home/magnum/ros2_msg/install/message_creation/share/message_creation/package.dsv'
[1.839s] INFO:colcon.colcon_core.shell:Creating package script '/home/magnum/ros2_msg/install/message_creation/share/message_creation/package.sh'
[1.840s] INFO:colcon.colcon_core.shell:Creating package script '/home/magnum/ros2_msg/install/message_creation/share/message_creation/package.bash'
[1.841s] INFO:colcon.colcon_core.shell:Creating package script '/home/magnum/ros2_msg/install/message_creation/share/message_creation/package.zsh'
[1.842s] Level 1:colcon.colcon_core.environment:create_file_with_runtime_dependencies(/home/magnum/ros2_msg/install/message_creation/share/colcon-core/packages/message_creation)
[1.877s] Level 1:colcon.colcon_core.environment:create_environment_scripts_only(message_creation)
[1.879s] Level 1:colcon.colcon_core.environment:checking '/home/magnum/ros2_msg/install/message_creation' for CMake module files
[1.879s] Level 1:colcon.colcon_core.environment:checking '/home/magnum/ros2_msg/install/message_creation' for CMake config files
[1.880s] Level 1:colcon.colcon_core.shell:create_environment_hook('message_creation', 'cmake_prefix_path')
[1.881s] INFO:colcon.colcon_core.shell:Creating environment hook '/home/magnum/ros2_msg/install/message_creation/share/message_creation/hook/cmake_prefix_path.ps1'
[1.881s] INFO:colcon.colcon_core.shell:Creating environment descriptor '/home/magnum/ros2_msg/install/message_creation/share/message_creation/hook/cmake_prefix_path.dsv'
[1.882s] INFO:colcon.colcon_core.shell:Creating environment hook '/home/magnum/ros2_msg/install/message_creation/share/message_creation/hook/cmake_prefix_path.sh'
[1.882s] Level 1:colcon.colcon_core.environment:checking '/home/magnum/ros2_msg/install/message_creation/lib'
[1.882s] Level 1:colcon.colcon_core.shell:create_environment_hook('message_creation', 'ld_library_path_lib')
[1.883s] INFO:colcon.colcon_core.shell:Creating environment hook '/home/magnum/ros2_msg/install/message_creation/share/message_creation/hook/ld_library_path_lib.ps1'
[1.883s] INFO:colcon.colcon_core.shell:Creating environment descriptor '/home/magnum/ros2_msg/install/message_creation/share/message_creation/hook/ld_library_path_lib.dsv'
[1.883s] INFO:colcon.colcon_core.shell:Creating environment hook '/home/magnum/ros2_msg/install/message_creation/share/message_creation/hook/ld_library_path_lib.sh'
[1.884s] Level 1:colcon.colcon_core.environment:checking '/home/magnum/ros2_msg/install/message_creation/bin'
[1.884s] Level 1:colcon.colcon_core.environment:checking '/home/magnum/ros2_msg/install/message_creation/lib/pkgconfig/message_creation.pc'
[1.884s] Level 1:colcon.colcon_core.environment:checking '/home/magnum/ros2_msg/install/message_creation/lib/python3.8/site-packages'
[1.884s] Level 1:colcon.colcon_core.shell:create_environment_hook('message_creation', 'pythonpath')
[1.885s] INFO:colcon.colcon_core.shell:Creating environment hook '/home/magnum/ros2_msg/install/message_creation/share/message_creation/hook/pythonpath.ps1'
[1.885s] INFO:colcon.colcon_core.shell:Creating environment descriptor '/home/magnum/ros2_msg/install/message_creation/share/message_creation/hook/pythonpath.dsv'
[1.885s] INFO:colcon.colcon_core.shell:Creating environment hook '/home/magnum/ros2_msg/install/message_creation/share/message_creation/hook/pythonpath.sh'
[1.886s] Level 1:colcon.colcon_core.environment:checking '/home/magnum/ros2_msg/install/message_creation/bin'
[1.887s] INFO:colcon.colcon_core.shell:Creating package script '/home/magnum/ros2_msg/install/message_creation/share/message_creation/package.ps1'
[1.887s] INFO:colcon.colcon_core.shell:Creating package descriptor '/home/magnum/ros2_msg/install/message_creation/share/message_creation/package.dsv'
[1.888s] INFO:colcon.colcon_core.shell:Creating package script '/home/magnum/ros2_msg/install/message_creation/share/message_creation/package.sh'
[1.888s] INFO:colcon.colcon_core.shell:Creating package script '/home/magnum/ros2_msg/install/message_creation/share/message_creation/package.bash'
[1.888s] INFO:colcon.colcon_core.shell:Creating package script '/home/magnum/ros2_msg/install/message_creation/share/message_creation/package.zsh'
[1.889s] Level 1:colcon.colcon_core.environment:create_file_with_runtime_dependencies(/home/magnum/ros2_msg/install/message_creation/share/colcon-core/packages/message_creation)
[2.099s] Level 1:colcon.colcon_core.environment:create_environment_scripts_only(my_robot_message)
[2.100s] Level 1:colcon.colcon_core.environment:checking '/home/magnum/ros2_msg/install/my_robot_message' for CMake module files
[2.101s] DEBUG:colcon.colcon_core.event_handler.log_command:Invoked command in '/home/magnum/ros2_msg/build/my_robot_message' returned '0': CMAKE_PREFIX_PATH=${CMAKE_PREFIX_PATH}:/home/magnum/ros2_msg/install/python:/opt/ros/foxy /usr/bin/cmake --install /home/magnum/ros2_msg/build/my_robot_message
[2.101s] Level 1:colcon.colcon_core.environment:checking '/home/magnum/ros2_msg/install/my_robot_message' for CMake config files
[2.101s] Level 1:colcon.colcon_core.shell:create_environment_hook('my_robot_message', 'cmake_prefix_path')
[2.102s] INFO:colcon.colcon_core.shell:Creating environment hook '/home/magnum/ros2_msg/install/my_robot_message/share/my_robot_message/hook/cmake_prefix_path.ps1'
[2.103s] INFO:colcon.colcon_core.shell:Creating environment descriptor '/home/magnum/ros2_msg/install/my_robot_message/share/my_robot_message/hook/cmake_prefix_path.dsv'
[2.103s] INFO:colcon.colcon_core.shell:Creating environment hook '/home/magnum/ros2_msg/install/my_robot_message/share/my_robot_message/hook/cmake_prefix_path.sh'
[2.103s] Level 1:colcon.colcon_core.environment:checking '/home/magnum/ros2_msg/install/my_robot_message/lib'
[2.103s] Level 1:colcon.colcon_core.shell:create_environment_hook('my_robot_message', 'ld_library_path_lib')
[2.104s] INFO:colcon.colcon_core.shell:Creating environment hook '/home/magnum/ros2_msg/install/my_robot_message/share/my_robot_message/hook/ld_library_path_lib.ps1'
[2.105s] INFO:colcon.colcon_core.shell:Creating environment descriptor '/home/magnum/ros2_msg/install/my_robot_message/share/my_robot_message/hook/ld_library_path_lib.dsv'
[2.105s] INFO:colcon.colcon_core.shell:Creating environment hook '/home/magnum/ros2_msg/install/my_robot_message/share/my_robot_message/hook/ld_library_path_lib.sh'
[2.105s] Level 1:colcon.colcon_core.environment:checking '/home/magnum/ros2_msg/install/my_robot_message/bin'
[2.105s] Level 1:colcon.colcon_core.environment:checking '/home/magnum/ros2_msg/install/my_robot_message/lib/pkgconfig/my_robot_message.pc'
[2.105s] Level 1:colcon.colcon_core.environment:checking '/home/magnum/ros2_msg/install/my_robot_message/lib/python3.8/site-packages'
[2.105s] Level 1:colcon.colcon_core.shell:create_environment_hook('my_robot_message', 'pythonpath')
[2.106s] INFO:colcon.colcon_core.shell:Creating environment hook '/home/magnum/ros2_msg/install/my_robot_message/share/my_robot_message/hook/pythonpath.ps1'
[2.106s] INFO:colcon.colcon_core.shell:Creating environment descriptor '/home/magnum/ros2_msg/install/my_robot_message/share/my_robot_message/hook/pythonpath.dsv'
[2.107s] INFO:colcon.colcon_core.shell:Creating environment hook '/home/magnum/ros2_msg/install/my_robot_message/share/my_robot_message/hook/pythonpath.sh'
[2.107s] Level 1:colcon.colcon_core.environment:checking '/home/magnum/ros2_msg/install/my_robot_message/bin'
[2.108s] INFO:colcon.colcon_core.shell:Creating package script '/home/magnum/ros2_msg/install/my_robot_message/share/my_robot_message/package.ps1'
[2.108s] INFO:colcon.colcon_core.shell:Creating package descriptor '/home/magnum/ros2_msg/install/my_robot_message/share/my_robot_message/package.dsv'
[2.109s] INFO:colcon.colcon_core.shell:Creating package script '/home/magnum/ros2_msg/install/my_robot_message/share/my_robot_message/package.sh'
[2.109s] INFO:colcon.colcon_core.shell:Creating package script '/home/magnum/ros2_msg/install/my_robot_message/share/my_robot_message/package.bash'
[2.109s] INFO:colcon.colcon_core.shell:Creating package script '/home/magnum/ros2_msg/install/my_robot_message/share/my_robot_message/package.zsh'
[2.109s] Level 1:colcon.colcon_core.environment:create_file_with_runtime_dependencies(/home/magnum/ros2_msg/install/my_robot_message/share/colcon-core/packages/my_robot_message)
[2.143s] Level 1:colcon.colcon_core.environment:create_environment_scripts_only(my_robot_message)
[2.145s] Level 1:colcon.colcon_core.environment:checking '/home/magnum/ros2_msg/install/my_robot_message' for CMake module files
[2.146s] Level 1:colcon.colcon_core.environment:checking '/home/magnum/ros2_msg/install/my_robot_message' for CMake config files
[2.146s] Level 1:colcon.colcon_core.shell:create_environment_hook('my_robot_message', 'cmake_prefix_path')
[2.147s] INFO:colcon.colcon_core.shell:Creating environment hook '/home/magnum/ros2_msg/install/my_robot_message/share/my_robot_message/hook/cmake_prefix_path.ps1'
[2.147s] INFO:colcon.colcon_core.shell:Creating environment descriptor '/home/magnum/ros2_msg/install/my_robot_message/share/my_robot_message/hook/cmake_prefix_path.dsv'
[2.147s] INFO:colcon.colcon_core.shell:Creating environment hook '/home/magnum/ros2_msg/install/my_robot_message/share/my_robot_message/hook/cmake_prefix_path.sh'
[2.148s] Level 1:colcon.colcon_core.environment:checking '/home/magnum/ros2_msg/install/my_robot_message/lib'
[2.148s] Level 1:colcon.colcon_core.shell:create_environment_hook('my_robot_message', 'ld_library_path_lib')
[2.149s] INFO:colcon.colcon_core.shell:Creating environment hook '/home/magnum/ros2_msg/install/my_robot_message/share/my_robot_message/hook/ld_library_path_lib.ps1'
[2.149s] INFO:colcon.colcon_core.shell:Creating environment descriptor '/home/magnum/ros2_msg/install/my_robot_message/share/my_robot_message/hook/ld_library_path_lib.dsv'
[2.149s] INFO:colcon.colcon_core.shell:Creating environment hook '/home/magnum/ros2_msg/install/my_robot_message/share/my_robot_message/hook/ld_library_path_lib.sh'
[2.149s] Level 1:colcon.colcon_core.environment:checking '/home/magnum/ros2_msg/install/my_robot_message/bin'
[2.149s] Level 1:colcon.colcon_core.environment:checking '/home/magnum/ros2_msg/install/my_robot_message/lib/pkgconfig/my_robot_message.pc'
[2.150s] Level 1:colcon.colcon_core.environment:checking '/home/magnum/ros2_msg/install/my_robot_message/lib/python3.8/site-packages'
[2.150s] Level 1:colcon.colcon_core.shell:create_environment_hook('my_robot_message', 'pythonpath')
[2.151s] INFO:colcon.colcon_core.shell:Creating environment hook '/home/magnum/ros2_msg/install/my_robot_message/share/my_robot_message/hook/pythonpath.ps1'
[2.151s] INFO:colcon.colcon_core.shell:Creating environment descriptor '/home/magnum/ros2_msg/install/my_robot_message/share/my_robot_message/hook/pythonpath.dsv'
[2.151s] INFO:colcon.colcon_core.shell:Creating environment hook '/home/magnum/ros2_msg/install/my_robot_message/share/my_robot_message/hook/pythonpath.sh'
[2.152s] Level 1:colcon.colcon_core.environment:checking '/home/magnum/ros2_msg/install/my_robot_message/bin'
[2.153s] INFO:colcon.colcon_core.shell:Creating package script '/home/magnum/ros2_msg/install/my_robot_message/share/my_robot_message/package.ps1'
[2.153s] INFO:colcon.colcon_core.shell:Creating package descriptor '/home/magnum/ros2_msg/install/my_robot_message/share/my_robot_message/package.dsv'
[2.153s] INFO:colcon.colcon_core.shell:Creating package script '/home/magnum/ros2_msg/install/my_robot_message/share/my_robot_message/package.sh'
[2.154s] INFO:colcon.colcon_core.shell:Creating package script '/home/magnum/ros2_msg/install/my_robot_message/share/my_robot_message/package.bash'
[2.154s] INFO:colcon.colcon_core.shell:Creating package script '/home/magnum/ros2_msg/install/my_robot_message/share/my_robot_message/package.zsh'
[2.154s] Level 1:colcon.colcon_core.environment:create_file_with_runtime_dependencies(/home/magnum/ros2_msg/install/my_robot_message/share/colcon-core/packages/my_robot_message)
[2.154s] INFO:colcon.colcon_ros.task.ament_python.build:Building ROS package in '/home/magnum/ros2_msg/src/python' with build type 'ament_python'
[2.154s] Level 1:colcon.colcon_core.shell:create_environment_hook('python', 'ament_prefix_path')
[2.155s] INFO:colcon.colcon_core.shell:Creating environment hook '/home/magnum/ros2_msg/install/python/share/python/hook/ament_prefix_path.ps1'
[2.156s] INFO:colcon.colcon_core.shell:Creating environment descriptor '/home/magnum/ros2_msg/install/python/share/python/hook/ament_prefix_path.dsv'
[2.156s] INFO:colcon.colcon_core.shell:Creating environment hook '/home/magnum/ros2_msg/install/python/share/python/hook/ament_prefix_path.sh'
[2.157s] INFO:colcon.colcon_core.shell:Skip shell extension 'powershell' for command environment: Not usable outside of PowerShell
[2.157s] DEBUG:colcon.colcon_core.shell:Skip shell extension 'dsv' for command environment
[2.336s] INFO:colcon.colcon_core.task.python.build:Building Python package in '/home/magnum/ros2_msg/src/python'
[2.338s] INFO:colcon.colcon_core.shell:Skip shell extension 'powershell' for command environment: Not usable outside of PowerShell
[2.338s] DEBUG:colcon.colcon_core.shell:Skip shell extension 'dsv' for command environment
[2.640s] DEBUG:colcon.colcon_core.task.python.build:While undoing a previous installation files outside the Python library path are being ignored: /home/magnum/ros2_msg/install/python/share/ament_index/resource_index/packages/python
[2.640s] DEBUG:colcon.colcon_core.task.python.build:While undoing a previous installation files outside the Python library path are being ignored: /home/magnum/ros2_msg/install/python/share/python/package.xml
[2.640s] DEBUG:colcon.colcon_core.task.python.build:While undoing a previous installation files outside the Python library path are being ignored: /home/magnum/ros2_msg/install/python/lib/python/velo
[2.642s] DEBUG:colcon.colcon_core.event_handler.log_command:Invoking command in '/home/magnum/ros2_msg/build/python': CMAKE_PREFIX_PATH=/home/magnum/ros2_msg/install/my_robot_message:/home/magnum/ros2_msg/install/ros2_message PYTHONPATH=/home/magnum/ros2_msg/build/python/prefix_override:/home/magnum/ros2_msg/install/python/lib/python3.8/site-packages:/home/magnum/ros2_msg/install/my_robot_message/lib/python3.8/site-packages:/home/magnum/ros2_msg/install/python/lib/python3.8/site-packages:/opt/ros/foxy/lib/python/site-packages:/opt/ros/foxy/lib/python3.8/site-packages /usr/bin/python3 setup.py develop --editable --build-directory /home/magnum/ros2_msg/build/python/build --no-deps install_data
[2.993s] Level 1:colcon.colcon_core.shell:create_environment_hook('python', 'pythonpath_develop')
[2.994s] INFO:colcon.colcon_core.shell:Creating environment hook '/home/magnum/ros2_msg/build/python/share/python/hook/pythonpath_develop.ps1'
[2.995s] DEBUG:colcon.colcon_core.event_handler.log_command:Invoked command in '/home/magnum/ros2_msg/build/python' returned '0': CMAKE_PREFIX_PATH=/home/magnum/ros2_msg/install/my_robot_message:/home/magnum/ros2_msg/install/ros2_message PYTHONPATH=/home/magnum/ros2_msg/build/python/prefix_override:/home/magnum/ros2_msg/install/python/lib/python3.8/site-packages:/home/magnum/ros2_msg/install/my_robot_message/lib/python3.8/site-packages:/home/magnum/ros2_msg/install/python/lib/python3.8/site-packages:/opt/ros/foxy/lib/python/site-packages:/opt/ros/foxy/lib/python3.8/site-packages /usr/bin/python3 setup.py develop --editable --build-directory /home/magnum/ros2_msg/build/python/build --no-deps install_data
[2.995s] INFO:colcon.colcon_core.shell:Creating environment descriptor '/home/magnum/ros2_msg/build/python/share/python/hook/pythonpath_develop.dsv'
[2.995s] INFO:colcon.colcon_core.shell:Creating environment hook '/home/magnum/ros2_msg/build/python/share/python/hook/pythonpath_develop.sh'
[2.997s] Level 1:colcon.colcon_core.environment:checking '/home/magnum/ros2_msg/install/python' for CMake module files
[2.997s] Level 1:colcon.colcon_core.environment:checking '/home/magnum/ros2_msg/install/python' for CMake config files
[2.997s] Level 1:colcon.colcon_core.environment:checking '/home/magnum/ros2_msg/install/python/lib'
[2.998s] Level 1:colcon.colcon_core.environment:checking '/home/magnum/ros2_msg/install/python/bin'
[2.998s] Level 1:colcon.colcon_core.environment:checking '/home/magnum/ros2_msg/install/python/lib/pkgconfig/python.pc'
[2.998s] Level 1:colcon.colcon_core.environment:checking '/home/magnum/ros2_msg/install/python/lib/python3.8/site-packages'
[2.998s] Level 1:colcon.colcon_core.shell:create_environment_hook('python', 'pythonpath')
[2.999s] INFO:colcon.colcon_core.shell:Creating environment hook '/home/magnum/ros2_msg/install/python/share/python/hook/pythonpath.ps1'
[2.999s] INFO:colcon.colcon_core.shell:Creating environment descriptor '/home/magnum/ros2_msg/install/python/share/python/hook/pythonpath.dsv'
[2.999s] INFO:colcon.colcon_core.shell:Creating environment hook '/home/magnum/ros2_msg/install/python/share/python/hook/pythonpath.sh'
[2.999s] Level 1:colcon.colcon_core.environment:checking '/home/magnum/ros2_msg/install/python/bin'
[3.000s] Level 1:colcon.colcon_core.environment:create_environment_scripts_only(python)
[3.001s] INFO:colcon.colcon_core.shell:Creating package script '/home/magnum/ros2_msg/install/python/share/python/package.ps1'
[3.001s] INFO:colcon.colcon_core.shell:Creating package descriptor '/home/magnum/ros2_msg/install/python/share/python/package.dsv'
[3.001s] INFO:colcon.colcon_core.shell:Creating package script '/home/magnum/ros2_msg/install/python/share/python/package.sh'
[3.001s] INFO:colcon.colcon_core.shell:Creating package script '/home/magnum/ros2_msg/install/python/share/python/package.bash'
[3.002s] INFO:colcon.colcon_core.shell:Creating package script '/home/magnum/ros2_msg/install/python/share/python/package.zsh'
[3.002s] Level 1:colcon.colcon_core.environment:create_file_with_runtime_dependencies(/home/magnum/ros2_msg/install/python/share/colcon-core/packages/python)
[3.002s] DEBUG:colcon.colcon_parallel_executor.executor.parallel:closing loop
[3.003s] DEBUG:colcon.colcon_parallel_executor.executor.parallel:loop closed
[3.003s] DEBUG:colcon.colcon_parallel_executor.executor.parallel:run_until_complete finished with '0'
[3.003s] DEBUG:colcon.colcon_core.event_reactor:joining thread
[3.008s] INFO:colcon.colcon_core.plugin_system:Skipping extension 'colcon_notification.desktop_notification.terminal_notifier': Not used on non-Darwin systems
[3.008s] INFO:colcon.colcon_core.plugin_system:Skipping extension 'colcon_notification.desktop_notification.win32': Not used on non-Windows systems
[3.008s] INFO:colcon.colcon_notification.desktop_notification:Sending desktop notification using 'notify2'
[3.019s] DEBUG:colcon.colcon_core.event_reactor:joined thread
[3.020s] INFO:colcon.colcon_core.shell:Creating prefix script '/home/magnum/ros2_msg/install/local_setup.ps1'
[3.021s] INFO:colcon.colcon_core.shell:Creating prefix util module '/home/magnum/ros2_msg/install/_local_setup_util_ps1.py'
[3.022s] INFO:colcon.colcon_core.shell:Creating prefix chain script '/home/magnum/ros2_msg/install/setup.ps1'
[3.023s] INFO:colcon.colcon_core.shell:Creating prefix script '/home/magnum/ros2_msg/install/local_setup.sh'
[3.024s] INFO:colcon.colcon_core.shell:Creating prefix util module '/home/magnum/ros2_msg/install/_local_setup_util_sh.py'
[3.024s] INFO:colcon.colcon_core.shell:Creating prefix chain script '/home/magnum/ros2_msg/install/setup.sh'
[3.025s] INFO:colcon.colcon_core.shell:Creating prefix script '/home/magnum/ros2_msg/install/local_setup.bash'
[3.025s] INFO:colcon.colcon_core.shell:Creating prefix chain script '/home/magnum/ros2_msg/install/setup.bash'
[3.027s] INFO:colcon.colcon_core.shell:Creating prefix script '/home/magnum/ros2_msg/install/local_setup.zsh'
[3.027s] INFO:colcon.colcon_core.shell:Creating prefix chain script '/home/magnum/ros2_msg/install/setup.zsh'
