[0.013s] Invoking command in '/home/magnum/ros2_msg/build/my_robot_message': CMAKE_PREFIX_PATH=${CMAKE_PREFIX_PATH}:/opt/ros/foxy /usr/bin/cmake --build /home/magnum/ros2_msg/build/my_robot_message -- -j8 -l8
[0.034s] -- Found ament_cmake: 0.9.11 (/opt/ros/foxy/share/ament_cmake/cmake)
[0.049s] -- Using PYTHON_EXECUTABLE: /usr/bin/python3
[0.193s] -- Found rclcpp: 2.4.2 (/opt/ros/foxy/share/rclcpp/cmake)
[0.216s] -- Using all available rosidl_typesupport_c: rosidl_typesupport_fastrtps_c;rosidl_typesupport_introspection_c
[0.218s] -- Found rosidl_adapter: 1.3.0 (/opt/ros/foxy/share/rosidl_adapter/cmake)
[0.308s] -- Using all available rosidl_typesupport_cpp: rosidl_typesupport_fastrtps_cpp;rosidl_typesupport_introspection_cpp
[0.341s] -- Found rmw_implementation_cmake: 1.0.3 (/opt/ros/foxy/share/rmw_implementation_cmake/cmake)
[0.342s] -- Using RMW implementation 'rmw_fastrtps_cpp' as default
[0.436s] -- Found rosidl_default_generators: 1.0.1 (/opt/ros/foxy/share/rosidl_default_generators/cmake)
[0.442s] CMake Error at /opt/ros/foxy/share/ament_cmake_core/cmake/core/stamp.cmake:24 (configure_file):
[0.442s]   configure_file input location
[0.442s] 
[0.442s]     /home/magnum/ros2_msg/src/my_robot_message/msg
[0.442s] 
[0.442s]   is a directory but a file was expected.
[0.442s] Call Stack (most recent call first):
[0.442s]   /opt/ros/foxy/share/rosidl_cmake/cmake/rosidl_generate_interfaces.cmake:104 (stamp)
[0.442s]   CMakeLists.txt:24 (rosidl_generate_interfaces)
[0.442s] 
[0.442s] 
[0.457s] -- Found PythonInterp: /usr/bin/python3 (found version "3.8.10") 
[0.550s] CMake Error at /opt/ros/foxy/share/rosidl_adapter/cmake/rosidl_adapt_interfaces.cmake:60 (message):
[0.550s]   execute_process(/usr/bin/python3 -m rosidl_adapter --package-name
[0.550s]   my_robot_message --arguments-file
[0.550s]   /home/magnum/ros2_msg/build/my_robot_message/rosidl_adapter__arguments__my_robot_message.json
[0.550s]   --output-dir
[0.550s]   /home/magnum/ros2_msg/build/my_robot_message/rosidl_adapter/my_robot_message
[0.550s]   --output-file
[0.551s]   /home/magnum/ros2_msg/build/my_robot_message/rosidl_adapter/my_robot_message.idls)
[0.551s]   returned error code 1:
[0.551s] 
[0.551s]   Traceback (most recent call last):
[0.551s] 
[0.551s]     File "/usr/lib/python3.8/runpy.py", line 194, in _run_module_as_main
[0.551s]       return _run_code(code, main_globals, None,
[0.551s]     File "/usr/lib/python3.8/runpy.py", line 87, in _run_code
[0.551s]       exec(code, run_globals)
[0.551s]     File "/opt/ros/foxy/lib/python3.8/site-packages/rosidl_adapter/__main__.py", line 19, in <module>
[0.551s]       sys.exit(main())
[0.551s]     File "/opt/ros/foxy/lib/python3.8/site-packages/rosidl_adapter/main.py", line 53, in main
[0.551s]       abs_idl_file = convert_to_idl(
[0.551s]     File "/opt/ros/foxy/lib/python3.8/site-packages/rosidl_adapter/__init__.py", line 32, in convert_to_idl
[0.551s]       assert False, f"Unsupported interface type '{interface_file.suffix}'"
[0.551s] 
[0.551s]   AssertionError: Unsupported interface type ''
[0.551s] 
[0.551s] Call Stack (most recent call first):
[0.551s]   /opt/ros/foxy/share/rosidl_cmake/cmake/rosidl_generate_interfaces.cmake:130 (rosidl_adapt_interfaces)
[0.551s]   CMakeLists.txt:24 (rosidl_generate_interfaces)
[0.551s] 
[0.552s] 
[0.552s] -- Configuring incomplete, errors occurred!
[0.552s] See also "/home/magnum/ros2_msg/build/my_robot_message/CMakeFiles/CMakeOutput.log".
[0.552s] See also "/home/magnum/ros2_msg/build/my_robot_message/CMakeFiles/CMakeError.log".
[0.557s] make: *** [Makefile:222: cmake_check_build_system] Error 1
[0.559s] Invoked command in '/home/magnum/ros2_msg/build/my_robot_message' returned '2': CMAKE_PREFIX_PATH=${CMAKE_PREFIX_PATH}:/opt/ros/foxy /usr/bin/cmake --build /home/magnum/ros2_msg/build/my_robot_message -- -j8 -l8
