[0.014s] Invoking command in '/home/magnum/ros2_msg/build/message_creation': CMAKE_PREFIX_PATH=${CMAKE_PREFIX_PATH}:/home/magnum/ros2_msg/install/python:/opt/ros/foxy /usr/bin/cmake /home/magnum/ros2_msg/src/message_creation -DCMAKE_INSTALL_PREFIX=/home/magnum/ros2_msg/install/message_creation
[0.089s] -- The C compiler identification is GNU 9.4.0
[0.145s] -- The CXX compiler identification is GNU 9.4.0
[0.149s] -- Check for working C compiler: /usr/bin/cc
[0.198s] -- Check for working C compiler: /usr/bin/cc -- works
[0.199s] -- Detecting C compiler ABI info
[0.254s] -- Detecting C compiler ABI info - done
[0.262s] -- Detecting C compile features
[0.262s] -- Detecting C compile features - done
[0.264s] -- Check for working CXX compiler: /usr/bin/c++
[0.324s] -- Check for working CXX compiler: /usr/bin/c++ -- works
[0.325s] -- Detecting CXX compiler ABI info
[0.384s] -- Detecting CXX compiler ABI info - done
[0.392s] -- Detecting CXX compile features
[0.393s] -- Detecting CXX compile features - done
[0.395s] -- Found ament_cmake: 0.9.11 (/opt/ros/foxy/share/ament_cmake/cmake)
[0.413s] -- Found PythonInterp: /usr/bin/python3 (found suitable version "3.8.10", minimum required is "3") 
[0.413s] -- Using PYTHON_EXECUTABLE: /usr/bin/python3
[0.580s] -- Found rclcpp: 2.4.2 (/opt/ros/foxy/share/rclcpp/cmake)
[0.615s] -- Using all available rosidl_typesupport_c: rosidl_typesupport_fastrtps_c;rosidl_typesupport_introspection_c
[0.621s] -- Found rosidl_adapter: 1.3.0 (/opt/ros/foxy/share/rosidl_adapter/cmake)
[0.693s] -- Found OpenSSL: /usr/lib/x86_64-linux-gnu/libcrypto.so (found version "1.1.1f")  
[0.721s] -- Found FastRTPS: /opt/ros/foxy/include  
[0.780s] -- Using all available rosidl_typesupport_cpp: rosidl_typesupport_fastrtps_cpp;rosidl_typesupport_introspection_cpp
[0.820s] -- Found rmw_implementation_cmake: 1.0.3 (/opt/ros/foxy/share/rmw_implementation_cmake/cmake)
[0.821s] -- Using RMW implementation 'rmw_fastrtps_cpp' as default
[0.830s] -- Looking for pthread.h
[0.882s] -- Looking for pthread.h - found
[0.883s] -- Performing Test CMAKE_HAVE_LIBC_PTHREAD
[0.937s] -- Performing Test CMAKE_HAVE_LIBC_PTHREAD - Failed
[0.937s] -- Looking for pthread_create in pthreads
[0.980s] -- Looking for pthread_create in pthreads - not found
[0.980s] -- Looking for pthread_create in pthread
[1.032s] -- Looking for pthread_create in pthread - found
[1.033s] -- Found Threads: TRUE  
[1.151s] CMake Error at CMakeLists.txt:24 (find_package):
[1.151s]   By not providing "Findbuitin_interfaces.cmake" in CMAKE_MODULE_PATH this
[1.151s]   project has asked CMake to find a package configuration file provided by
[1.151s]   "buitin_interfaces", but CMake did not find one.
[1.151s] 
[1.151s]   Could not find a package configuration file provided by "buitin_interfaces"
[1.151s]   with any of the following names:
[1.151s] 
[1.151s]     buitin_interfacesConfig.cmake
[1.152s]     buitin_interfaces-config.cmake
[1.152s] 
[1.152s]   Add the installation prefix of "buitin_interfaces" to CMAKE_PREFIX_PATH or
[1.152s]   set "buitin_interfaces_DIR" to a directory containing one of the above
[1.152s]   files.  If "buitin_interfaces" provides a separate development package or
[1.152s]   SDK, be sure it has been installed.
[1.152s] 
[1.152s] 
[1.152s] -- Configuring incomplete, errors occurred!
[1.152s] See also "/home/magnum/ros2_msg/build/message_creation/CMakeFiles/CMakeOutput.log".
[1.152s] See also "/home/magnum/ros2_msg/build/message_creation/CMakeFiles/CMakeError.log".
[1.158s] Invoked command in '/home/magnum/ros2_msg/build/message_creation' returned '1': CMAKE_PREFIX_PATH=${CMAKE_PREFIX_PATH}:/home/magnum/ros2_msg/install/python:/opt/ros/foxy /usr/bin/cmake /home/magnum/ros2_msg/src/message_creation -DCMAKE_INSTALL_PREFIX=/home/magnum/ros2_msg/install/message_creation
